{"/Users/aritranaharay/CodeBasket/PlayMetrics/pm-backend/app.js": {"path":"/Users/aritranaharay/CodeBasket/PlayMetrics/pm-backend/app.js","statementMap":{"0":{"start":{"line":2,"column":16},"end":{"line":2,"column":34}},"1":{"start":{"line":3,"column":13},"end":{"line":3,"column":28}},"2":{"start":{"line":4,"column":20},"end":{"line":4,"column":42}},"3":{"start":{"line":8,"column":17},"end":{"line":8,"column":42}},"4":{"start":{"line":10,"column":29},"end":{"line":10,"column":80}},"5":{"start":{"line":11,"column":23},"end":{"line":11,"column":67}},"6":{"start":{"line":13,"column":12},"end":{"line":13,"column":21}},"7":{"start":{"line":14,"column":0},"end":{"line":14,"column":26}},"8":{"start":{"line":21,"column":0},"end":{"line":24,"column":4}},"9":{"start":{"line":27,"column":0},"end":{"line":30,"column":4}},"10":{"start":{"line":33,"column":0},"end":{"line":33,"column":24}},"11":{"start":{"line":34,"column":0},"end":{"line":34,"column":48}},"12":{"start":{"line":37,"column":0},"end":{"line":37,"column":30}},"13":{"start":{"line":38,"column":0},"end":{"line":38,"column":24}},"14":{"start":{"line":41,"column":0},"end":{"line":47,"column":3}},"15":{"start":{"line":42,"column":4},"end":{"line":46,"column":7}},"16":{"start":{"line":48,"column":18},"end":{"line":48,"column":47}},"17":{"start":{"line":49,"column":20},"end":{"line":49,"column":53}},"18":{"start":{"line":52,"column":0},"end":{"line":52,"column":29}},"19":{"start":{"line":54,"column":0},"end":{"line":54,"column":71}},"20":{"start":{"line":57,"column":0},"end":{"line":63,"column":3}},"21":{"start":{"line":58,"column":4},"end":{"line":62,"column":7}},"22":{"start":{"line":68,"column":0},"end":{"line":68,"column":21}}},"fnMap":{"0":{"name":"(anonymous_0)","decl":{"start":{"line":41,"column":19},"end":{"line":41,"column":20}},"loc":{"start":{"line":41,"column":33},"end":{"line":47,"column":1}},"line":41},"1":{"name":"(anonymous_1)","decl":{"start":{"line":57,"column":8},"end":{"line":57,"column":9}},"loc":{"start":{"line":57,"column":22},"end":{"line":63,"column":1}},"line":57}},"branchMap":{"0":{"loc":{"start":{"line":28,"column":12},"end":{"line":28,"column":42}},"type":"binary-expr","locations":[{"start":{"line":28,"column":12},"end":{"line":28,"column":35}},{"start":{"line":28,"column":39},"end":{"line":28,"column":42}}],"line":28}},"s":{"0":3,"1":3,"2":3,"3":3,"4":3,"5":3,"6":3,"7":3,"8":3,"9":3,"10":3,"11":3,"12":3,"13":3,"14":3,"15":0,"16":3,"17":3,"18":3,"19":3,"20":3,"21":0,"22":3},"f":{"0":0,"1":0},"b":{"0":[3,3]},"_coverageSchema":"1a1c01bbd47fc00a2c39e90264f33305004495a9","hash":"4a1af6fd545f123f06c2113e61760e82640bf49e"}
,"/Users/aritranaharay/CodeBasket/PlayMetrics/pm-backend/controllers/account/authentication/login/AssignToken.controller.js": {"path":"/Users/aritranaharay/CodeBasket/PlayMetrics/pm-backend/controllers/account/authentication/login/AssignToken.controller.js","statementMap":{"0":{"start":{"line":1,"column":13},"end":{"line":1,"column":51}},"1":{"start":{"line":2,"column":24},"end":{"line":2,"column":63}},"2":{"start":{"line":3,"column":12},"end":{"line":3,"column":35}},"3":{"start":{"line":5,"column":30},"end":{"line":49,"column":1}},"4":{"start":{"line":6,"column":4},"end":{"line":48,"column":5}},"5":{"start":{"line":7,"column":22},"end":{"line":7,"column":88}},"6":{"start":{"line":8,"column":8},"end":{"line":33,"column":9}},"7":{"start":{"line":9,"column":25},"end":{"line":11,"column":14}},"8":{"start":{"line":13,"column":12},"end":{"line":19,"column":13}},"9":{"start":{"line":22,"column":12},"end":{"line":32,"column":14}},"10":{"start":{"line":36,"column":8},"end":{"line":47,"column":10}},"11":{"start":{"line":51,"column":0},"end":{"line":51,"column":39}}},"fnMap":{"0":{"name":"(anonymous_0)","decl":{"start":{"line":5,"column":30},"end":{"line":5,"column":31}},"loc":{"start":{"line":5,"column":46},"end":{"line":49,"column":1}},"line":5}},"branchMap":{"0":{"loc":{"start":{"line":8,"column":8},"end":{"line":33,"column":9}},"type":"if","locations":[{"start":{"line":8,"column":8},"end":{"line":33,"column":9}},{"start":{"line":21,"column":13},"end":{"line":33,"column":9}}],"line":8}},"s":{"0":3,"1":3,"2":3,"3":3,"4":0,"5":0,"6":0,"7":0,"8":0,"9":0,"10":0,"11":3},"f":{"0":0},"b":{"0":[0,0]},"_coverageSchema":"1a1c01bbd47fc00a2c39e90264f33305004495a9","hash":"7e1b6dc893633239fa85e901297e160b71394c12"}
,"/Users/aritranaharay/CodeBasket/PlayMetrics/pm-backend/controllers/account/authentication/login/login.controller.js": {"path":"/Users/aritranaharay/CodeBasket/PlayMetrics/pm-backend/controllers/account/authentication/login/login.controller.js","statementMap":{"0":{"start":{"line":1,"column":23},"end":{"line":1,"column":99}},"1":{"start":{"line":2,"column":41},"end":{"line":2,"column":80}},"2":{"start":{"line":3,"column":13},"end":{"line":3,"column":51}},"3":{"start":{"line":4,"column":22},"end":{"line":4,"column":73}},"4":{"start":{"line":5,"column":23},"end":{"line":5,"column":72}},"5":{"start":{"line":7,"column":27},"end":{"line":7,"column":80}},"6":{"start":{"line":13,"column":22},"end":{"line":13,"column":65}},"7":{"start":{"line":16,"column":26},"end":{"line":16,"column":82}},"8":{"start":{"line":17,"column":17},"end":{"line":17,"column":36}},"9":{"start":{"line":18,"column":55},"end":{"line":18,"column":108}},"10":{"start":{"line":19,"column":21},"end":{"line":19,"column":66}},"11":{"start":{"line":101,"column":4},"end":{"line":108,"column":6}},"12":{"start":{"line":397,"column":24},"end":{"line":666,"column":1}},"13":{"start":{"line":398,"column":4},"end":{"line":665,"column":5}},"14":{"start":{"line":399,"column":36},"end":{"line":399,"column":48}},"15":{"start":{"line":400,"column":34},"end":{"line":400,"column":66}},"16":{"start":{"line":402,"column":30},"end":{"line":402,"column":32}},"17":{"start":{"line":405,"column":25},"end":{"line":550,"column":9}},"18":{"start":{"line":551,"column":26},"end":{"line":551,"column":56}},"19":{"start":{"line":552,"column":21},"end":{"line":552,"column":33}},"20":{"start":{"line":554,"column":8},"end":{"line":560,"column":9}},"21":{"start":{"line":555,"column":12},"end":{"line":555,"column":115}},"22":{"start":{"line":557,"column":12},"end":{"line":559,"column":14}},"23":{"start":{"line":562,"column":8},"end":{"line":568,"column":9}},"24":{"start":{"line":563,"column":12},"end":{"line":563,"column":124}},"25":{"start":{"line":565,"column":12},"end":{"line":567,"column":14}},"26":{"start":{"line":570,"column":8},"end":{"line":576,"column":9}},"27":{"start":{"line":571,"column":12},"end":{"line":571,"column":147}},"28":{"start":{"line":573,"column":12},"end":{"line":575,"column":14}},"29":{"start":{"line":578,"column":25},"end":{"line":578,"column":64}},"30":{"start":{"line":580,"column":44},"end":{"line":580,"column":80}},"31":{"start":{"line":581,"column":32},"end":{"line":581,"column":81}},"32":{"start":{"line":599,"column":38},"end":{"line":599,"column":42}},"33":{"start":{"line":602,"column":8},"end":{"line":616,"column":9}},"34":{"start":{"line":604,"column":31},"end":{"line":604,"column":162}},"35":{"start":{"line":609,"column":12},"end":{"line":615,"column":13}},"36":{"start":{"line":627,"column":13},"end":{"line":645,"column":13}},"37":{"start":{"line":647,"column":8},"end":{"line":653,"column":9}},"38":{"start":{"line":648,"column":12},"end":{"line":648,"column":48}},"39":{"start":{"line":649,"column":12},"end":{"line":649,"column":112}},"40":{"start":{"line":652,"column":12},"end":{"line":652,"column":82}},"41":{"start":{"line":654,"column":36},"end":{"line":655,"column":101}},"42":{"start":{"line":657,"column":8},"end":{"line":657,"column":62}},"43":{"start":{"line":660,"column":8},"end":{"line":660,"column":68}},"44":{"start":{"line":662,"column":8},"end":{"line":664,"column":10}},"45":{"start":{"line":668,"column":0},"end":{"line":668,"column":33}}},"fnMap":{"0":{"name":"updateLastLoginTime","decl":{"start":{"line":100,"column":15},"end":{"line":100,"column":34}},"loc":{"start":{"line":100,"column":43},"end":{"line":109,"column":1}},"line":100},"1":{"name":"(anonymous_1)","decl":{"start":{"line":397,"column":24},"end":{"line":397,"column":25}},"loc":{"start":{"line":397,"column":53},"end":{"line":666,"column":1}},"line":397}},"branchMap":{"0":{"loc":{"start":{"line":554,"column":8},"end":{"line":560,"column":9}},"type":"if","locations":[{"start":{"line":554,"column":8},"end":{"line":560,"column":9}},{"start":{},"end":{}}],"line":554},"1":{"loc":{"start":{"line":562,"column":8},"end":{"line":568,"column":9}},"type":"if","locations":[{"start":{"line":562,"column":8},"end":{"line":568,"column":9}},{"start":{},"end":{}}],"line":562},"2":{"loc":{"start":{"line":570,"column":8},"end":{"line":576,"column":9}},"type":"if","locations":[{"start":{"line":570,"column":8},"end":{"line":576,"column":9}},{"start":{},"end":{}}],"line":570},"3":{"loc":{"start":{"line":602,"column":8},"end":{"line":616,"column":9}},"type":"if","locations":[{"start":{"line":602,"column":8},"end":{"line":616,"column":9}},{"start":{},"end":{}}],"line":602},"4":{"loc":{"start":{"line":647,"column":8},"end":{"line":653,"column":9}},"type":"if","locations":[{"start":{"line":647,"column":8},"end":{"line":653,"column":9}},{"start":{"line":651,"column":13},"end":{"line":653,"column":9}}],"line":647},"5":{"loc":{"start":{"line":654,"column":36},"end":{"line":655,"column":101}},"type":"cond-expr","locations":[{"start":{"line":654,"column":56},"end":{"line":654,"column":118}},{"start":{"line":655,"column":12},"end":{"line":655,"column":101}}],"line":654}},"s":{"0":3,"1":3,"2":3,"3":3,"4":3,"5":3,"6":3,"7":3,"8":3,"9":3,"10":3,"11":0,"12":3,"13":0,"14":0,"15":0,"16":0,"17":0,"18":0,"19":0,"20":0,"21":0,"22":0,"23":0,"24":0,"25":0,"26":0,"27":0,"28":0,"29":0,"30":0,"31":0,"32":0,"33":0,"34":0,"35":0,"36":0,"37":0,"38":0,"39":0,"40":0,"41":0,"42":0,"43":0,"44":0,"45":3},"f":{"0":0,"1":0},"b":{"0":[0,0],"1":[0,0],"2":[0,0],"3":[0,0],"4":[0,0],"5":[0,0]},"_coverageSchema":"1a1c01bbd47fc00a2c39e90264f33305004495a9","hash":"3b3d7e3701cf00f02bc2db79435946d5faa3eb53"}
,"/Users/aritranaharay/CodeBasket/PlayMetrics/pm-backend/controllers/account/authentication/logout/logout.controller.js": {"path":"/Users/aritranaharay/CodeBasket/PlayMetrics/pm-backend/controllers/account/authentication/logout/logout.controller.js","statementMap":{"0":{"start":{"line":1,"column":22},"end":{"line":1,"column":73}},"1":{"start":{"line":3,"column":40},"end":{"line":3,"column":88}},"2":{"start":{"line":5,"column":17},"end":{"line":5,"column":64}},"3":{"start":{"line":8,"column":25},"end":{"line":44,"column":1}},"4":{"start":{"line":9,"column":21},"end":{"line":9,"column":49}},"5":{"start":{"line":11,"column":4},"end":{"line":11,"column":67}},"6":{"start":{"line":12,"column":18},"end":{"line":12,"column":35}},"7":{"start":{"line":13,"column":22},"end":{"line":13,"column":95}},"8":{"start":{"line":15,"column":4},"end":{"line":43,"column":5}},"9":{"start":{"line":16,"column":8},"end":{"line":16,"column":51}},"10":{"start":{"line":17,"column":8},"end":{"line":17,"column":86}},"11":{"start":{"line":17,"column":32},"end":{"line":17,"column":86}},"12":{"start":{"line":19,"column":8},"end":{"line":19,"column":96}},"13":{"start":{"line":21,"column":8},"end":{"line":28,"column":15}},"14":{"start":{"line":30,"column":8},"end":{"line":30,"column":69}},"15":{"start":{"line":32,"column":8},"end":{"line":42,"column":11}},"16":{"start":{"line":46,"column":0},"end":{"line":46,"column":34}}},"fnMap":{"0":{"name":"(anonymous_0)","decl":{"start":{"line":8,"column":25},"end":{"line":8,"column":26}},"loc":{"start":{"line":8,"column":54},"end":{"line":44,"column":1}},"line":8}},"branchMap":{"0":{"loc":{"start":{"line":9,"column":21},"end":{"line":9,"column":49}},"type":"binary-expr","locations":[{"start":{"line":9,"column":21},"end":{"line":9,"column":39}},{"start":{"line":9,"column":43},"end":{"line":9,"column":49}}],"line":9},"1":{"loc":{"start":{"line":17,"column":8},"end":{"line":17,"column":86}},"type":"if","locations":[{"start":{"line":17,"column":8},"end":{"line":17,"column":86}},{"start":{},"end":{}}],"line":17}},"s":{"0":3,"1":3,"2":3,"3":3,"4":0,"5":0,"6":0,"7":0,"8":0,"9":0,"10":0,"11":0,"12":0,"13":0,"14":0,"15":0,"16":3},"f":{"0":0},"b":{"0":[0,0],"1":[0,0]},"_coverageSchema":"1a1c01bbd47fc00a2c39e90264f33305004495a9","hash":"71c2c2ee2c4555d900430af746b60467c61487a7"}
,"/Users/aritranaharay/CodeBasket/PlayMetrics/pm-backend/controllers/account/authentication/persistence/authenticate.controller.js": {"path":"/Users/aritranaharay/CodeBasket/PlayMetrics/pm-backend/controllers/account/authentication/persistence/authenticate.controller.js","statementMap":{"0":{"start":{"line":1,"column":24},"end":{"line":1,"column":63}},"1":{"start":{"line":3,"column":31},"end":{"line":62,"column":1}},"2":{"start":{"line":4,"column":4},"end":{"line":61,"column":5}},"3":{"start":{"line":5,"column":8},"end":{"line":48,"column":9}},"4":{"start":{"line":6,"column":25},"end":{"line":13,"column":14}},"5":{"start":{"line":14,"column":12},"end":{"line":20,"column":15}},"6":{"start":{"line":22,"column":13},"end":{"line":48,"column":9}},"7":{"start":{"line":24,"column":12},"end":{"line":34,"column":15}},"8":{"start":{"line":37,"column":12},"end":{"line":47,"column":15}},"9":{"start":{"line":50,"column":8},"end":{"line":60,"column":11}},"10":{"start":{"line":64,"column":0},"end":{"line":64,"column":40}}},"fnMap":{"0":{"name":"(anonymous_0)","decl":{"start":{"line":3,"column":31},"end":{"line":3,"column":32}},"loc":{"start":{"line":3,"column":60},"end":{"line":62,"column":1}},"line":3}},"branchMap":{"0":{"loc":{"start":{"line":5,"column":8},"end":{"line":48,"column":9}},"type":"if","locations":[{"start":{"line":5,"column":8},"end":{"line":48,"column":9}},{"start":{"line":22,"column":13},"end":{"line":48,"column":9}}],"line":5},"1":{"loc":{"start":{"line":22,"column":13},"end":{"line":48,"column":9}},"type":"if","locations":[{"start":{"line":22,"column":13},"end":{"line":48,"column":9}},{"start":{"line":36,"column":13},"end":{"line":48,"column":9}}],"line":22}},"s":{"0":3,"1":3,"2":0,"3":0,"4":0,"5":0,"6":0,"7":0,"8":0,"9":0,"10":3},"f":{"0":0},"b":{"0":[0,0],"1":[0,0]},"_coverageSchema":"1a1c01bbd47fc00a2c39e90264f33305004495a9","hash":"5b076c5295591c98db5626576e6cd297386b62ae"}
,"/Users/aritranaharay/CodeBasket/PlayMetrics/pm-backend/controllers/account/user/EditSingleUserActionKeys.controller.js": {"path":"/Users/aritranaharay/CodeBasket/PlayMetrics/pm-backend/controllers/account/user/EditSingleUserActionKeys.controller.js","statementMap":{"0":{"start":{"line":2,"column":13},"end":{"line":2,"column":51}},"1":{"start":{"line":3,"column":15},"end":{"line":3,"column":54}},"2":{"start":{"line":5,"column":43},"end":{"line":77,"column":1}},"3":{"start":{"line":6,"column":19},"end":{"line":6,"column":33}},"4":{"start":{"line":7,"column":26},"end":{"line":7,"column":38}},"5":{"start":{"line":9,"column":4},"end":{"line":76,"column":5}},"6":{"start":{"line":10,"column":30},"end":{"line":10,"column":96}},"7":{"start":{"line":13,"column":32},"end":{"line":13,"column":71}},"8":{"start":{"line":13,"column":60},"end":{"line":13,"column":70}},"9":{"start":{"line":16,"column":28},"end":{"line":19,"column":9}},"10":{"start":{"line":21,"column":8},"end":{"line":40,"column":9}},"11":{"start":{"line":22,"column":12},"end":{"line":27,"column":15}},"12":{"start":{"line":29,"column":12},"end":{"line":39,"column":15}},"13":{"start":{"line":42,"column":8},"end":{"line":75,"column":9}},"14":{"start":{"line":45,"column":12},"end":{"line":51,"column":13}},"15":{"start":{"line":46,"column":16},"end":{"line":46,"column":64}},"16":{"start":{"line":47,"column":16},"end":{"line":47,"column":43}},"17":{"start":{"line":48,"column":19},"end":{"line":51,"column":13}},"18":{"start":{"line":49,"column":16},"end":{"line":49,"column":63}},"19":{"start":{"line":50,"column":16},"end":{"line":50,"column":42}},"20":{"start":{"line":52,"column":12},"end":{"line":62,"column":15}},"21":{"start":{"line":64,"column":12},"end":{"line":74,"column":15}},"22":{"start":{"line":79,"column":0},"end":{"line":79,"column":52}}},"fnMap":{"0":{"name":"(anonymous_0)","decl":{"start":{"line":5,"column":43},"end":{"line":5,"column":44}},"loc":{"start":{"line":5,"column":72},"end":{"line":77,"column":1}},"line":5},"1":{"name":"(anonymous_1)","decl":{"start":{"line":13,"column":50},"end":{"line":13,"column":51}},"loc":{"start":{"line":13,"column":60},"end":{"line":13,"column":70}},"line":13}},"branchMap":{"0":{"loc":{"start":{"line":21,"column":8},"end":{"line":40,"column":9}},"type":"if","locations":[{"start":{"line":21,"column":8},"end":{"line":40,"column":9}},{"start":{"line":28,"column":15},"end":{"line":40,"column":9}}],"line":21},"1":{"loc":{"start":{"line":42,"column":8},"end":{"line":75,"column":9}},"type":"if","locations":[{"start":{"line":42,"column":8},"end":{"line":75,"column":9}},{"start":{"line":63,"column":15},"end":{"line":75,"column":9}}],"line":42},"2":{"loc":{"start":{"line":45,"column":12},"end":{"line":51,"column":13}},"type":"if","locations":[{"start":{"line":45,"column":12},"end":{"line":51,"column":13}},{"start":{"line":48,"column":19},"end":{"line":51,"column":13}}],"line":45},"3":{"loc":{"start":{"line":48,"column":19},"end":{"line":51,"column":13}},"type":"if","locations":[{"start":{"line":48,"column":19},"end":{"line":51,"column":13}},{"start":{},"end":{}}],"line":48}},"s":{"0":3,"1":3,"2":3,"3":0,"4":0,"5":0,"6":0,"7":0,"8":0,"9":0,"10":0,"11":0,"12":0,"13":0,"14":0,"15":0,"16":0,"17":0,"18":0,"19":0,"20":0,"21":0,"22":3},"f":{"0":0,"1":0},"b":{"0":[0,0],"1":[0,0],"2":[0,0],"3":[0,0]},"_coverageSchema":"1a1c01bbd47fc00a2c39e90264f33305004495a9","hash":"41a6530d3ffe76a5e390617708d3325d01792bab"}
,"/Users/aritranaharay/CodeBasket/PlayMetrics/pm-backend/controllers/account/user/SingleUserActionIds.controller.js": {"path":"/Users/aritranaharay/CodeBasket/PlayMetrics/pm-backend/controllers/account/user/SingleUserActionIds.controller.js","statementMap":{"0":{"start":{"line":1,"column":13},"end":{"line":1,"column":51}},"1":{"start":{"line":2,"column":24},"end":{"line":2,"column":63}},"2":{"start":{"line":4,"column":38},"end":{"line":57,"column":1}},"3":{"start":{"line":5,"column":4},"end":{"line":56,"column":5}},"4":{"start":{"line":6,"column":23},"end":{"line":6,"column":37}},"5":{"start":{"line":8,"column":21},"end":{"line":13,"column":14}},"6":{"start":{"line":15,"column":8},"end":{"line":27,"column":9}},"7":{"start":{"line":16,"column":12},"end":{"line":26,"column":15}},"8":{"start":{"line":30,"column":27},"end":{"line":30,"column":73}},"9":{"start":{"line":30,"column":56},"end":{"line":30,"column":72}},"10":{"start":{"line":32,"column":21},"end":{"line":35,"column":10}},"11":{"start":{"line":37,"column":8},"end":{"line":43,"column":11}},"12":{"start":{"line":45,"column":8},"end":{"line":55,"column":11}},"13":{"start":{"line":59,"column":0},"end":{"line":59,"column":47}}},"fnMap":{"0":{"name":"(anonymous_0)","decl":{"start":{"line":4,"column":38},"end":{"line":4,"column":39}},"loc":{"start":{"line":4,"column":67},"end":{"line":57,"column":1}},"line":4},"1":{"name":"(anonymous_1)","decl":{"start":{"line":30,"column":46},"end":{"line":30,"column":47}},"loc":{"start":{"line":30,"column":56},"end":{"line":30,"column":72}},"line":30}},"branchMap":{"0":{"loc":{"start":{"line":15,"column":8},"end":{"line":27,"column":9}},"type":"if","locations":[{"start":{"line":15,"column":8},"end":{"line":27,"column":9}},{"start":{},"end":{}}],"line":15}},"s":{"0":3,"1":3,"2":3,"3":0,"4":0,"5":0,"6":0,"7":0,"8":0,"9":0,"10":0,"11":0,"12":0,"13":3},"f":{"0":0,"1":0},"b":{"0":[0,0]},"_coverageSchema":"1a1c01bbd47fc00a2c39e90264f33305004495a9","hash":"dff844df6bb02914a55b5ccd09f9fcb30ece99b6"}
,"/Users/aritranaharay/CodeBasket/PlayMetrics/pm-backend/controllers/account/user/allActionIds.controller.js": {"path":"/Users/aritranaharay/CodeBasket/PlayMetrics/pm-backend/controllers/account/user/allActionIds.controller.js","statementMap":{"0":{"start":{"line":2,"column":15},"end":{"line":2,"column":54}},"1":{"start":{"line":3,"column":26},"end":{"line":3,"column":78}},"2":{"start":{"line":4,"column":24},"end":{"line":4,"column":63}},"3":{"start":{"line":6,"column":31},"end":{"line":51,"column":1}},"4":{"start":{"line":7,"column":4},"end":{"line":50,"column":5}},"5":{"start":{"line":8,"column":24},"end":{"line":23,"column":19}},"6":{"start":{"line":25,"column":31},"end":{"line":25,"column":63}},"7":{"start":{"line":27,"column":21},"end":{"line":29,"column":10}},"8":{"start":{"line":31,"column":8},"end":{"line":37,"column":11}},"9":{"start":{"line":39,"column":8},"end":{"line":49,"column":11}},"10":{"start":{"line":53,"column":0},"end":{"line":53,"column":40}}},"fnMap":{"0":{"name":"(anonymous_0)","decl":{"start":{"line":6,"column":31},"end":{"line":6,"column":32}},"loc":{"start":{"line":6,"column":60},"end":{"line":51,"column":1}},"line":6}},"branchMap":{},"s":{"0":3,"1":3,"2":3,"3":3,"4":0,"5":0,"6":0,"7":0,"8":0,"9":0,"10":3},"f":{"0":0},"b":{},"_coverageSchema":"1a1c01bbd47fc00a2c39e90264f33305004495a9","hash":"1d2c6e7df2050dd03e5bbc85ba1b1a28e35d45f0"}
,"/Users/aritranaharay/CodeBasket/PlayMetrics/pm-backend/controllers/account/user/userChangePassword.controller.js": {"path":"/Users/aritranaharay/CodeBasket/PlayMetrics/pm-backend/controllers/account/user/userChangePassword.controller.js","statementMap":{"0":{"start":{"line":1,"column":13},"end":{"line":1,"column":51}},"1":{"start":{"line":2,"column":23},"end":{"line":2,"column":61}},"2":{"start":{"line":3,"column":21},"end":{"line":3,"column":66}},"3":{"start":{"line":5,"column":37},"end":{"line":51,"column":1}},"4":{"start":{"line":6,"column":4},"end":{"line":50,"column":5}},"5":{"start":{"line":7,"column":45},"end":{"line":7,"column":57}},"6":{"start":{"line":9,"column":37},"end":{"line":9,"column":60}},"7":{"start":{"line":10,"column":37},"end":{"line":10,"column":60}},"8":{"start":{"line":12,"column":21},"end":{"line":15,"column":9}},"9":{"start":{"line":17,"column":8},"end":{"line":37,"column":9}},"10":{"start":{"line":18,"column":12},"end":{"line":23,"column":15}},"11":{"start":{"line":26,"column":12},"end":{"line":36,"column":15}},"12":{"start":{"line":39,"column":8},"end":{"line":49,"column":11}},"13":{"start":{"line":53,"column":0},"end":{"line":53,"column":46}}},"fnMap":{"0":{"name":"(anonymous_0)","decl":{"start":{"line":5,"column":37},"end":{"line":5,"column":38}},"loc":{"start":{"line":5,"column":66},"end":{"line":51,"column":1}},"line":5}},"branchMap":{"0":{"loc":{"start":{"line":17,"column":8},"end":{"line":37,"column":9}},"type":"if","locations":[{"start":{"line":17,"column":8},"end":{"line":37,"column":9}},{"start":{"line":25,"column":13},"end":{"line":37,"column":9}}],"line":17}},"s":{"0":3,"1":3,"2":3,"3":3,"4":0,"5":0,"6":0,"7":0,"8":0,"9":0,"10":0,"11":0,"12":0,"13":3},"f":{"0":0},"b":{"0":[0,0]},"_coverageSchema":"1a1c01bbd47fc00a2c39e90264f33305004495a9","hash":"6c357c2f4f9836683284d174e010dacb9457393f"}
,"/Users/aritranaharay/CodeBasket/PlayMetrics/pm-backend/controllers/account/user/userSendOTPVerifyEmail.controller.js": {"path":"/Users/aritranaharay/CodeBasket/PlayMetrics/pm-backend/controllers/account/user/userSendOTPVerifyEmail.controller.js","statementMap":{"0":{"start":{"line":1,"column":15},"end":{"line":1,"column":55}},"1":{"start":{"line":2,"column":13},"end":{"line":2,"column":51}},"2":{"start":{"line":3,"column":21},"end":{"line":3,"column":68}},"3":{"start":{"line":4,"column":28},"end":{"line":4,"column":86}},"4":{"start":{"line":5,"column":37},"end":{"line":5,"column":89}},"5":{"start":{"line":7,"column":41},"end":{"line":59,"column":1}},"6":{"start":{"line":8,"column":22},"end":{"line":8,"column":34}},"7":{"start":{"line":10,"column":4},"end":{"line":58,"column":5}},"8":{"start":{"line":11,"column":21},"end":{"line":11,"column":35}},"9":{"start":{"line":13,"column":21},"end":{"line":13,"column":66}},"10":{"start":{"line":15,"column":8},"end":{"line":27,"column":9}},"11":{"start":{"line":16,"column":12},"end":{"line":26,"column":15}},"12":{"start":{"line":29,"column":8},"end":{"line":29,"column":57}},"13":{"start":{"line":31,"column":28},"end":{"line":35,"column":9}},"14":{"start":{"line":37,"column":26},"end":{"line":37,"column":64}},"15":{"start":{"line":39,"column":8},"end":{"line":44,"column":11}},"16":{"start":{"line":47,"column":8},"end":{"line":57,"column":11}},"17":{"start":{"line":61,"column":0},"end":{"line":61,"column":50}}},"fnMap":{"0":{"name":"(anonymous_0)","decl":{"start":{"line":7,"column":41},"end":{"line":7,"column":42}},"loc":{"start":{"line":7,"column":70},"end":{"line":59,"column":1}},"line":7}},"branchMap":{"0":{"loc":{"start":{"line":15,"column":8},"end":{"line":27,"column":9}},"type":"if","locations":[{"start":{"line":15,"column":8},"end":{"line":27,"column":9}},{"start":{},"end":{}}],"line":15},"1":{"loc":{"start":{"line":15,"column":12},"end":{"line":15,"column":71}},"type":"binary-expr","locations":[{"start":{"line":15,"column":12},"end":{"line":15,"column":44}},{"start":{"line":15,"column":48},"end":{"line":15,"column":71}}],"line":15}},"s":{"0":3,"1":3,"2":3,"3":3,"4":3,"5":3,"6":0,"7":0,"8":0,"9":0,"10":0,"11":0,"12":0,"13":0,"14":0,"15":0,"16":0,"17":3},"f":{"0":0},"b":{"0":[0,0],"1":[0,0]},"_coverageSchema":"1a1c01bbd47fc00a2c39e90264f33305004495a9","hash":"6f8393fa4dcc832dd33327813457ef54323681a8"}
,"/Users/aritranaharay/CodeBasket/PlayMetrics/pm-backend/controllers/account/user/userUpdateProfile.controller.js": {"path":"/Users/aritranaharay/CodeBasket/PlayMetrics/pm-backend/controllers/account/user/userUpdateProfile.controller.js","statementMap":{"0":{"start":{"line":1,"column":13},"end":{"line":1,"column":51}},"1":{"start":{"line":2,"column":17},"end":{"line":2,"column":60}},"2":{"start":{"line":4,"column":36},"end":{"line":49,"column":1}},"3":{"start":{"line":5,"column":75},"end":{"line":5,"column":87}},"4":{"start":{"line":7,"column":4},"end":{"line":48,"column":5}},"5":{"start":{"line":8,"column":8},"end":{"line":17,"column":10}},"6":{"start":{"line":19,"column":8},"end":{"line":27,"column":9}},"7":{"start":{"line":29,"column":8},"end":{"line":34,"column":11}},"8":{"start":{"line":37,"column":8},"end":{"line":47,"column":11}},"9":{"start":{"line":51,"column":0},"end":{"line":51,"column":45}}},"fnMap":{"0":{"name":"(anonymous_0)","decl":{"start":{"line":4,"column":36},"end":{"line":4,"column":37}},"loc":{"start":{"line":4,"column":65},"end":{"line":49,"column":1}},"line":4}},"branchMap":{},"s":{"0":3,"1":3,"2":3,"3":0,"4":0,"5":0,"6":0,"7":0,"8":0,"9":3},"f":{"0":0},"b":{},"_coverageSchema":"1a1c01bbd47fc00a2c39e90264f33305004495a9","hash":"0567a93ae5699bb4261ac3d840995cd046a455b3"}
,"/Users/aritranaharay/CodeBasket/PlayMetrics/pm-backend/controllers/account/user/userVerifyEmail.controller.js": {"path":"/Users/aritranaharay/CodeBasket/PlayMetrics/pm-backend/controllers/account/user/userVerifyEmail.controller.js","statementMap":{"0":{"start":{"line":1,"column":15},"end":{"line":1,"column":55}},"1":{"start":{"line":2,"column":13},"end":{"line":2,"column":51}},"2":{"start":{"line":3,"column":28},"end":{"line":3,"column":82}},"3":{"start":{"line":5,"column":34},"end":{"line":74,"column":1}},"4":{"start":{"line":6,"column":28},"end":{"line":6,"column":40}},"5":{"start":{"line":8,"column":4},"end":{"line":73,"column":5}},"6":{"start":{"line":9,"column":31},"end":{"line":9,"column":106}},"7":{"start":{"line":11,"column":8},"end":{"line":60,"column":9}},"8":{"start":{"line":12,"column":30},"end":{"line":12,"column":75}},"9":{"start":{"line":14,"column":12},"end":{"line":46,"column":13}},"10":{"start":{"line":15,"column":16},"end":{"line":23,"column":18}},"11":{"start":{"line":25,"column":16},"end":{"line":25,"column":58}},"12":{"start":{"line":27,"column":16},"end":{"line":32,"column":19}},"13":{"start":{"line":35,"column":16},"end":{"line":45,"column":19}},"14":{"start":{"line":49,"column":12},"end":{"line":59,"column":15}},"15":{"start":{"line":62,"column":8},"end":{"line":72,"column":11}},"16":{"start":{"line":76,"column":0},"end":{"line":76,"column":43}}},"fnMap":{"0":{"name":"(anonymous_0)","decl":{"start":{"line":5,"column":34},"end":{"line":5,"column":35}},"loc":{"start":{"line":5,"column":63},"end":{"line":74,"column":1}},"line":5}},"branchMap":{"0":{"loc":{"start":{"line":11,"column":8},"end":{"line":60,"column":9}},"type":"if","locations":[{"start":{"line":11,"column":8},"end":{"line":60,"column":9}},{"start":{"line":48,"column":13},"end":{"line":60,"column":9}}],"line":11},"1":{"loc":{"start":{"line":14,"column":12},"end":{"line":46,"column":13}},"type":"if","locations":[{"start":{"line":14,"column":12},"end":{"line":46,"column":13}},{"start":{"line":34,"column":17},"end":{"line":46,"column":13}}],"line":14},"2":{"loc":{"start":{"line":14,"column":16},"end":{"line":14,"column":54}},"type":"binary-expr","locations":[{"start":{"line":14,"column":16},"end":{"line":14,"column":33}},{"start":{"line":14,"column":37},"end":{"line":14,"column":54}}],"line":14}},"s":{"0":3,"1":3,"2":3,"3":3,"4":0,"5":0,"6":0,"7":0,"8":0,"9":0,"10":0,"11":0,"12":0,"13":0,"14":0,"15":0,"16":3},"f":{"0":0},"b":{"0":[0,0],"1":[0,0],"2":[0,0]},"_coverageSchema":"1a1c01bbd47fc00a2c39e90264f33305004495a9","hash":"4680894c173004786c9d453c98b1739fba871e9e"}
,"/Users/aritranaharay/CodeBasket/PlayMetrics/pm-backend/controllers/account/userRole/actionIdUserRole.controller.js": {"path":"/Users/aritranaharay/CodeBasket/PlayMetrics/pm-backend/controllers/account/userRole/actionIdUserRole.controller.js","statementMap":{"0":{"start":{"line":1,"column":17},"end":{"line":1,"column":59}},"1":{"start":{"line":2,"column":24},"end":{"line":2,"column":63}},"2":{"start":{"line":4,"column":35},"end":{"line":56,"column":1}},"3":{"start":{"line":5,"column":4},"end":{"line":55,"column":5}},"4":{"start":{"line":6,"column":23},"end":{"line":6,"column":37}},"5":{"start":{"line":8,"column":25},"end":{"line":13,"column":14}},"6":{"start":{"line":15,"column":8},"end":{"line":27,"column":9}},"7":{"start":{"line":16,"column":12},"end":{"line":26,"column":15}},"8":{"start":{"line":30,"column":27},"end":{"line":30,"column":77}},"9":{"start":{"line":30,"column":60},"end":{"line":30,"column":76}},"10":{"start":{"line":32,"column":21},"end":{"line":34,"column":10}},"11":{"start":{"line":36,"column":8},"end":{"line":42,"column":11}},"12":{"start":{"line":44,"column":8},"end":{"line":54,"column":11}},"13":{"start":{"line":58,"column":0},"end":{"line":58,"column":44}}},"fnMap":{"0":{"name":"(anonymous_0)","decl":{"start":{"line":4,"column":35},"end":{"line":4,"column":36}},"loc":{"start":{"line":4,"column":64},"end":{"line":56,"column":1}},"line":4},"1":{"name":"(anonymous_1)","decl":{"start":{"line":30,"column":50},"end":{"line":30,"column":51}},"loc":{"start":{"line":30,"column":60},"end":{"line":30,"column":76}},"line":30}},"branchMap":{"0":{"loc":{"start":{"line":15,"column":8},"end":{"line":27,"column":9}},"type":"if","locations":[{"start":{"line":15,"column":8},"end":{"line":27,"column":9}},{"start":{},"end":{}}],"line":15}},"s":{"0":3,"1":3,"2":3,"3":0,"4":0,"5":0,"6":0,"7":0,"8":0,"9":0,"10":0,"11":0,"12":0,"13":3},"f":{"0":0,"1":0},"b":{"0":[0,0]},"_coverageSchema":"1a1c01bbd47fc00a2c39e90264f33305004495a9","hash":"feab7b687d3a5ff0e8528aab51679f98d2b7cdf8"}
,"/Users/aritranaharay/CodeBasket/PlayMetrics/pm-backend/controllers/account/userRole/actionMenuUserRole.controller.js": {"path":"/Users/aritranaharay/CodeBasket/PlayMetrics/pm-backend/controllers/account/userRole/actionMenuUserRole.controller.js","statementMap":{"0":{"start":{"line":2,"column":15},"end":{"line":2,"column":54}},"1":{"start":{"line":3,"column":26},"end":{"line":3,"column":78}},"2":{"start":{"line":4,"column":24},"end":{"line":4,"column":63}},"3":{"start":{"line":6,"column":37},"end":{"line":51,"column":1}},"4":{"start":{"line":7,"column":4},"end":{"line":50,"column":5}},"5":{"start":{"line":8,"column":24},"end":{"line":23,"column":19}},"6":{"start":{"line":25,"column":31},"end":{"line":25,"column":63}},"7":{"start":{"line":27,"column":21},"end":{"line":29,"column":10}},"8":{"start":{"line":31,"column":8},"end":{"line":37,"column":11}},"9":{"start":{"line":39,"column":8},"end":{"line":49,"column":11}},"10":{"start":{"line":53,"column":0},"end":{"line":53,"column":46}}},"fnMap":{"0":{"name":"(anonymous_0)","decl":{"start":{"line":6,"column":37},"end":{"line":6,"column":38}},"loc":{"start":{"line":6,"column":66},"end":{"line":51,"column":1}},"line":6}},"branchMap":{},"s":{"0":3,"1":3,"2":3,"3":3,"4":0,"5":0,"6":0,"7":0,"8":0,"9":0,"10":3},"f":{"0":0},"b":{},"_coverageSchema":"1a1c01bbd47fc00a2c39e90264f33305004495a9","hash":"798d32eaa3706f262c3dd3bab85da8911537050e"}
,"/Users/aritranaharay/CodeBasket/PlayMetrics/pm-backend/controllers/account/userRole/createUserRole.controller.js": {"path":"/Users/aritranaharay/CodeBasket/PlayMetrics/pm-backend/controllers/account/userRole/createUserRole.controller.js","statementMap":{"0":{"start":{"line":2,"column":17},"end":{"line":2,"column":59}},"1":{"start":{"line":3,"column":24},"end":{"line":3,"column":63}},"2":{"start":{"line":5,"column":33},"end":{"line":75,"column":1}},"3":{"start":{"line":7,"column":52},"end":{"line":7,"column":64}},"4":{"start":{"line":9,"column":4},"end":{"line":74,"column":5}},"5":{"start":{"line":10,"column":25},"end":{"line":14,"column":10}},"6":{"start":{"line":15,"column":8},"end":{"line":38,"column":9}},"7":{"start":{"line":16,"column":25},"end":{"line":18,"column":14}},"8":{"start":{"line":19,"column":12},"end":{"line":25,"column":15}},"9":{"start":{"line":27,"column":12},"end":{"line":37,"column":15}},"10":{"start":{"line":40,"column":8},"end":{"line":73,"column":9}},"11":{"start":{"line":43,"column":12},"end":{"line":49,"column":13}},"12":{"start":{"line":44,"column":16},"end":{"line":44,"column":64}},"13":{"start":{"line":45,"column":16},"end":{"line":45,"column":43}},"14":{"start":{"line":46,"column":19},"end":{"line":49,"column":13}},"15":{"start":{"line":47,"column":16},"end":{"line":47,"column":63}},"16":{"start":{"line":48,"column":16},"end":{"line":48,"column":42}},"17":{"start":{"line":50,"column":12},"end":{"line":60,"column":15}},"18":{"start":{"line":62,"column":12},"end":{"line":72,"column":15}},"19":{"start":{"line":77,"column":0},"end":{"line":77,"column":41}}},"fnMap":{"0":{"name":"(anonymous_0)","decl":{"start":{"line":5,"column":33},"end":{"line":5,"column":34}},"loc":{"start":{"line":5,"column":62},"end":{"line":75,"column":1}},"line":5}},"branchMap":{"0":{"loc":{"start":{"line":15,"column":8},"end":{"line":38,"column":9}},"type":"if","locations":[{"start":{"line":15,"column":8},"end":{"line":38,"column":9}},{"start":{"line":26,"column":15},"end":{"line":38,"column":9}}],"line":15},"1":{"loc":{"start":{"line":40,"column":8},"end":{"line":73,"column":9}},"type":"if","locations":[{"start":{"line":40,"column":8},"end":{"line":73,"column":9}},{"start":{"line":61,"column":15},"end":{"line":73,"column":9}}],"line":40},"2":{"loc":{"start":{"line":43,"column":12},"end":{"line":49,"column":13}},"type":"if","locations":[{"start":{"line":43,"column":12},"end":{"line":49,"column":13}},{"start":{"line":46,"column":19},"end":{"line":49,"column":13}}],"line":43},"3":{"loc":{"start":{"line":46,"column":19},"end":{"line":49,"column":13}},"type":"if","locations":[{"start":{"line":46,"column":19},"end":{"line":49,"column":13}},{"start":{},"end":{}}],"line":46}},"s":{"0":3,"1":3,"2":3,"3":0,"4":0,"5":0,"6":0,"7":0,"8":0,"9":0,"10":0,"11":0,"12":0,"13":0,"14":0,"15":0,"16":0,"17":0,"18":0,"19":3},"f":{"0":0},"b":{"0":[0,0],"1":[0,0],"2":[0,0],"3":[0,0]},"_coverageSchema":"1a1c01bbd47fc00a2c39e90264f33305004495a9","hash":"f82bec424126ab6b42462054428559103371ce22"}
,"/Users/aritranaharay/CodeBasket/PlayMetrics/pm-backend/controllers/account/userRole/editUserRole.controller.js": {"path":"/Users/aritranaharay/CodeBasket/PlayMetrics/pm-backend/controllers/account/userRole/editUserRole.controller.js","statementMap":{"0":{"start":{"line":2,"column":17},"end":{"line":2,"column":59}},"1":{"start":{"line":3,"column":15},"end":{"line":3,"column":54}},"2":{"start":{"line":5,"column":31},"end":{"line":78,"column":1}},"3":{"start":{"line":6,"column":19},"end":{"line":6,"column":33}},"4":{"start":{"line":7,"column":63},"end":{"line":7,"column":75}},"5":{"start":{"line":9,"column":4},"end":{"line":77,"column":5}},"6":{"start":{"line":11,"column":30},"end":{"line":11,"column":103}},"7":{"start":{"line":14,"column":32},"end":{"line":14,"column":71}},"8":{"start":{"line":14,"column":60},"end":{"line":14,"column":70}},"9":{"start":{"line":17,"column":32},"end":{"line":20,"column":9}},"10":{"start":{"line":22,"column":8},"end":{"line":41,"column":9}},"11":{"start":{"line":23,"column":12},"end":{"line":28,"column":15}},"12":{"start":{"line":30,"column":12},"end":{"line":40,"column":15}},"13":{"start":{"line":43,"column":8},"end":{"line":76,"column":9}},"14":{"start":{"line":46,"column":12},"end":{"line":52,"column":13}},"15":{"start":{"line":47,"column":16},"end":{"line":47,"column":64}},"16":{"start":{"line":48,"column":16},"end":{"line":48,"column":43}},"17":{"start":{"line":49,"column":19},"end":{"line":52,"column":13}},"18":{"start":{"line":50,"column":16},"end":{"line":50,"column":63}},"19":{"start":{"line":51,"column":16},"end":{"line":51,"column":42}},"20":{"start":{"line":53,"column":12},"end":{"line":63,"column":15}},"21":{"start":{"line":65,"column":12},"end":{"line":75,"column":15}},"22":{"start":{"line":80,"column":0},"end":{"line":80,"column":40}}},"fnMap":{"0":{"name":"(anonymous_0)","decl":{"start":{"line":5,"column":31},"end":{"line":5,"column":32}},"loc":{"start":{"line":5,"column":60},"end":{"line":78,"column":1}},"line":5},"1":{"name":"(anonymous_1)","decl":{"start":{"line":14,"column":50},"end":{"line":14,"column":51}},"loc":{"start":{"line":14,"column":60},"end":{"line":14,"column":70}},"line":14}},"branchMap":{"0":{"loc":{"start":{"line":22,"column":8},"end":{"line":41,"column":9}},"type":"if","locations":[{"start":{"line":22,"column":8},"end":{"line":41,"column":9}},{"start":{"line":29,"column":15},"end":{"line":41,"column":9}}],"line":22},"1":{"loc":{"start":{"line":43,"column":8},"end":{"line":76,"column":9}},"type":"if","locations":[{"start":{"line":43,"column":8},"end":{"line":76,"column":9}},{"start":{"line":64,"column":15},"end":{"line":76,"column":9}}],"line":43},"2":{"loc":{"start":{"line":46,"column":12},"end":{"line":52,"column":13}},"type":"if","locations":[{"start":{"line":46,"column":12},"end":{"line":52,"column":13}},{"start":{"line":49,"column":19},"end":{"line":52,"column":13}}],"line":46},"3":{"loc":{"start":{"line":49,"column":19},"end":{"line":52,"column":13}},"type":"if","locations":[{"start":{"line":49,"column":19},"end":{"line":52,"column":13}},{"start":{},"end":{}}],"line":49}},"s":{"0":3,"1":3,"2":3,"3":0,"4":0,"5":0,"6":0,"7":0,"8":0,"9":0,"10":0,"11":0,"12":0,"13":0,"14":0,"15":0,"16":0,"17":0,"18":0,"19":0,"20":0,"21":0,"22":3},"f":{"0":0,"1":0},"b":{"0":[0,0],"1":[0,0],"2":[0,0],"3":[0,0]},"_coverageSchema":"1a1c01bbd47fc00a2c39e90264f33305004495a9","hash":"772ba11231b3f76bc1010c4d49fcae193f20c1d6"}
,"/Users/aritranaharay/CodeBasket/PlayMetrics/pm-backend/controllers/account/userRole/getUserRole.controller.js": {"path":"/Users/aritranaharay/CodeBasket/PlayMetrics/pm-backend/controllers/account/userRole/getUserRole.controller.js","statementMap":{"0":{"start":{"line":1,"column":17},"end":{"line":1,"column":59}},"1":{"start":{"line":2,"column":24},"end":{"line":2,"column":63}},"2":{"start":{"line":4,"column":24},"end":{"line":7,"column":1}},"3":{"start":{"line":5,"column":4},"end":{"line":5,"column":24}},"4":{"start":{"line":5,"column":14},"end":{"line":5,"column":24}},"5":{"start":{"line":6,"column":4},"end":{"line":6,"column":68}},"6":{"start":{"line":8,"column":30},"end":{"line":75,"column":1}},"7":{"start":{"line":9,"column":21},"end":{"line":9,"column":34}},"8":{"start":{"line":11,"column":4},"end":{"line":74,"column":5}},"9":{"start":{"line":12,"column":25},"end":{"line":12,"column":34}},"10":{"start":{"line":13,"column":30},"end":{"line":13,"column":31}},"11":{"start":{"line":14,"column":26},"end":{"line":14,"column":27}},"12":{"start":{"line":15,"column":23},"end":{"line":15,"column":25}},"13":{"start":{"line":17,"column":30},"end":{"line":17,"column":63}},"14":{"start":{"line":18,"column":27},"end":{"line":18,"column":62}},"15":{"start":{"line":20,"column":25},"end":{"line":25,"column":28}},"16":{"start":{"line":27,"column":8},"end":{"line":27,"column":36}},"17":{"start":{"line":28,"column":8},"end":{"line":28,"column":37}},"18":{"start":{"line":30,"column":8},"end":{"line":42,"column":9}},"19":{"start":{"line":31,"column":12},"end":{"line":41,"column":15}},"20":{"start":{"line":43,"column":26},"end":{"line":43,"column":61}},"21":{"start":{"line":44,"column":30},"end":{"line":44,"column":93}},"22":{"start":{"line":44,"column":51},"end":{"line":44,"column":91}},"23":{"start":{"line":45,"column":21},"end":{"line":53,"column":10}},"24":{"start":{"line":55,"column":8},"end":{"line":61,"column":11}},"25":{"start":{"line":63,"column":8},"end":{"line":73,"column":11}},"26":{"start":{"line":76,"column":0},"end":{"line":76,"column":38}}},"fnMap":{"0":{"name":"(anonymous_0)","decl":{"start":{"line":4,"column":24},"end":{"line":4,"column":25}},"loc":{"start":{"line":4,"column":33},"end":{"line":7,"column":1}},"line":4},"1":{"name":"(anonymous_1)","decl":{"start":{"line":8,"column":30},"end":{"line":8,"column":31}},"loc":{"start":{"line":8,"column":59},"end":{"line":75,"column":1}},"line":8},"2":{"name":"(anonymous_2)","decl":{"start":{"line":44,"column":44},"end":{"line":44,"column":45}},"loc":{"start":{"line":44,"column":51},"end":{"line":44,"column":91}},"line":44}},"branchMap":{"0":{"loc":{"start":{"line":5,"column":4},"end":{"line":5,"column":24}},"type":"if","locations":[{"start":{"line":5,"column":4},"end":{"line":5,"column":24}},{"start":{},"end":{}}],"line":5},"1":{"loc":{"start":{"line":12,"column":25},"end":{"line":12,"column":34}},"type":"binary-expr","locations":[{"start":{"line":12,"column":25},"end":{"line":12,"column":29}},{"start":{"line":12,"column":33},"end":{"line":12,"column":34}}],"line":12},"2":{"loc":{"start":{"line":30,"column":8},"end":{"line":42,"column":9}},"type":"if","locations":[{"start":{"line":30,"column":8},"end":{"line":42,"column":9}},{"start":{},"end":{}}],"line":30}},"s":{"0":3,"1":3,"2":3,"3":0,"4":0,"5":0,"6":3,"7":0,"8":0,"9":0,"10":0,"11":0,"12":0,"13":0,"14":0,"15":0,"16":0,"17":0,"18":0,"19":0,"20":0,"21":0,"22":0,"23":0,"24":0,"25":0,"26":3},"f":{"0":0,"1":0,"2":0},"b":{"0":[0,0],"1":[0,0],"2":[0,0]},"_coverageSchema":"1a1c01bbd47fc00a2c39e90264f33305004495a9","hash":"740fe980017536c785e00a94f722e7d4c8fea35f"}
,"/Users/aritranaharay/CodeBasket/PlayMetrics/pm-backend/controllers/account/userRole/getUserRoleForSchoolERP.controller.js": {"path":"/Users/aritranaharay/CodeBasket/PlayMetrics/pm-backend/controllers/account/userRole/getUserRoleForSchoolERP.controller.js","statementMap":{"0":{"start":{"line":1,"column":17},"end":{"line":1,"column":59}},"1":{"start":{"line":2,"column":24},"end":{"line":2,"column":63}},"2":{"start":{"line":4,"column":30},"end":{"line":76,"column":1}},"3":{"start":{"line":5,"column":21},"end":{"line":5,"column":34}},"4":{"start":{"line":7,"column":4},"end":{"line":75,"column":5}},"5":{"start":{"line":8,"column":25},"end":{"line":8,"column":34}},"6":{"start":{"line":9,"column":30},"end":{"line":9,"column":31}},"7":{"start":{"line":10,"column":26},"end":{"line":10,"column":27}},"8":{"start":{"line":11,"column":23},"end":{"line":11,"column":25}},"9":{"start":{"line":13,"column":23},"end":{"line":18,"column":9}},"10":{"start":{"line":20,"column":30},"end":{"line":20,"column":67}},"11":{"start":{"line":21,"column":27},"end":{"line":21,"column":62}},"12":{"start":{"line":23,"column":25},"end":{"line":28,"column":28}},"13":{"start":{"line":30,"column":8},"end":{"line":30,"column":36}},"14":{"start":{"line":31,"column":8},"end":{"line":31,"column":37}},"15":{"start":{"line":33,"column":8},"end":{"line":45,"column":9}},"16":{"start":{"line":34,"column":12},"end":{"line":44,"column":15}},"17":{"start":{"line":47,"column":21},"end":{"line":54,"column":10}},"18":{"start":{"line":56,"column":8},"end":{"line":62,"column":11}},"19":{"start":{"line":64,"column":8},"end":{"line":74,"column":11}},"20":{"start":{"line":77,"column":0},"end":{"line":77,"column":38}}},"fnMap":{"0":{"name":"(anonymous_0)","decl":{"start":{"line":4,"column":30},"end":{"line":4,"column":31}},"loc":{"start":{"line":4,"column":59},"end":{"line":76,"column":1}},"line":4}},"branchMap":{"0":{"loc":{"start":{"line":8,"column":25},"end":{"line":8,"column":34}},"type":"binary-expr","locations":[{"start":{"line":8,"column":25},"end":{"line":8,"column":29}},{"start":{"line":8,"column":33},"end":{"line":8,"column":34}}],"line":8},"1":{"loc":{"start":{"line":33,"column":8},"end":{"line":45,"column":9}},"type":"if","locations":[{"start":{"line":33,"column":8},"end":{"line":45,"column":9}},{"start":{},"end":{}}],"line":33}},"s":{"0":3,"1":3,"2":3,"3":0,"4":0,"5":0,"6":0,"7":0,"8":0,"9":0,"10":0,"11":0,"12":0,"13":0,"14":0,"15":0,"16":0,"17":0,"18":0,"19":0,"20":3},"f":{"0":0},"b":{"0":[0,0],"1":[0,0]},"_coverageSchema":"1a1c01bbd47fc00a2c39e90264f33305004495a9","hash":"04235ce6db8bf2df1ac0f49228e7940a11736f47"}
,"/Users/aritranaharay/CodeBasket/PlayMetrics/pm-backend/controllers/account/userRole/userRoleStatusToggle.controller.js": {"path":"/Users/aritranaharay/CodeBasket/PlayMetrics/pm-backend/controllers/account/userRole/userRoleStatusToggle.controller.js","statementMap":{"0":{"start":{"line":2,"column":17},"end":{"line":2,"column":59}},"1":{"start":{"line":3,"column":30},"end":{"line":3,"column":49}},"2":{"start":{"line":5,"column":39},"end":{"line":38,"column":1}},"3":{"start":{"line":7,"column":4},"end":{"line":37,"column":5}},"4":{"start":{"line":8,"column":35},"end":{"line":8,"column":47}},"5":{"start":{"line":9,"column":23},"end":{"line":9,"column":37}},"6":{"start":{"line":11,"column":8},"end":{"line":16,"column":17}},"7":{"start":{"line":12,"column":12},"end":{"line":16,"column":17}},"8":{"start":{"line":13,"column":16},"end":{"line":16,"column":17}},"9":{"start":{"line":18,"column":8},"end":{"line":23,"column":11}},"10":{"start":{"line":26,"column":8},"end":{"line":36,"column":11}},"11":{"start":{"line":40,"column":0},"end":{"line":40,"column":48}}},"fnMap":{"0":{"name":"(anonymous_0)","decl":{"start":{"line":5,"column":39},"end":{"line":5,"column":40}},"loc":{"start":{"line":5,"column":68},"end":{"line":38,"column":1}},"line":5}},"branchMap":{"0":{"loc":{"start":{"line":11,"column":8},"end":{"line":16,"column":17}},"type":"if","locations":[{"start":{"line":11,"column":8},"end":{"line":16,"column":17}},{"start":{},"end":{}}],"line":11},"1":{"loc":{"start":{"line":11,"column":12},"end":{"line":11,"column":48}},"type":"binary-expr","locations":[{"start":{"line":11,"column":12},"end":{"line":11,"column":15}},{"start":{"line":11,"column":19},"end":{"line":11,"column":48}}],"line":11},"2":{"loc":{"start":{"line":12,"column":12},"end":{"line":16,"column":17}},"type":"if","locations":[{"start":{"line":12,"column":12},"end":{"line":16,"column":17}},{"start":{},"end":{}}],"line":12},"3":{"loc":{"start":{"line":22,"column":52},"end":{"line":22,"column":102}},"type":"cond-expr","locations":[{"start":{"line":22,"column":81},"end":{"line":22,"column":89}},{"start":{"line":22,"column":92},"end":{"line":22,"column":102}}],"line":22}},"s":{"0":3,"1":3,"2":3,"3":0,"4":0,"5":0,"6":0,"7":0,"8":0,"9":0,"10":0,"11":3},"f":{"0":0},"b":{"0":[0,0],"1":[0,0],"2":[0,0],"3":[0,0]},"_coverageSchema":"1a1c01bbd47fc00a2c39e90264f33305004495a9","hash":"7e3b9e031d1b755e39306727c0bc196fa0fb24e4"}
,"/Users/aritranaharay/CodeBasket/PlayMetrics/pm-backend/controllers/employee/employee/createEmployee.controller.js": {"path":"/Users/aritranaharay/CodeBasket/PlayMetrics/pm-backend/controllers/employee/employee/createEmployee.controller.js","statementMap":{"0":{"start":{"line":1,"column":17},"end":{"line":1,"column":60}},"1":{"start":{"line":2,"column":13},"end":{"line":2,"column":51}},"2":{"start":{"line":3,"column":17},"end":{"line":3,"column":59}},"3":{"start":{"line":4,"column":28},"end":{"line":4,"column":67}},"4":{"start":{"line":5,"column":23},"end":{"line":5,"column":72}},"5":{"start":{"line":6,"column":24},"end":{"line":6,"column":62}},"6":{"start":{"line":7,"column":17},"end":{"line":7,"column":38}},"7":{"start":{"line":8,"column":55},"end":{"line":8,"column":108}},"8":{"start":{"line":10,"column":33},"end":{"line":94,"column":1}},"9":{"start":{"line":11,"column":145},"end":{"line":11,"column":157}},"10":{"start":{"line":12,"column":21},"end":{"line":12,"column":63}},"11":{"start":{"line":15,"column":4},"end":{"line":93,"column":5}},"12":{"start":{"line":17,"column":28},"end":{"line":17,"column":149}},"13":{"start":{"line":19,"column":8},"end":{"line":22,"column":9}},"14":{"start":{"line":20,"column":12},"end":{"line":21,"column":90}},"15":{"start":{"line":24,"column":34},"end":{"line":24,"column":135}},"16":{"start":{"line":26,"column":8},"end":{"line":29,"column":9}},"17":{"start":{"line":27,"column":12},"end":{"line":28,"column":90}},"18":{"start":{"line":32,"column":8},"end":{"line":45,"column":11}},"19":{"start":{"line":47,"column":8},"end":{"line":84,"column":9}},"20":{"start":{"line":48,"column":12},"end":{"line":50,"column":15}},"21":{"start":{"line":49,"column":16},"end":{"line":49,"column":56}},"22":{"start":{"line":54,"column":12},"end":{"line":62,"column":15}},"23":{"start":{"line":64,"column":12},"end":{"line":83,"column":13}},"24":{"start":{"line":65,"column":16},"end":{"line":67,"column":19}},"25":{"start":{"line":66,"column":20},"end":{"line":66,"column":68}},"26":{"start":{"line":71,"column":29},"end":{"line":75,"column":17}},"27":{"start":{"line":76,"column":16},"end":{"line":76,"column":33}},"28":{"start":{"line":77,"column":16},"end":{"line":78,"column":88}},"29":{"start":{"line":80,"column":16},"end":{"line":80,"column":42}},"30":{"start":{"line":81,"column":16},"end":{"line":82,"column":84}},"31":{"start":{"line":86,"column":8},"end":{"line":86,"column":34}},"32":{"start":{"line":87,"column":8},"end":{"line":88,"column":86}},"33":{"start":{"line":90,"column":8},"end":{"line":90,"column":34}},"34":{"start":{"line":91,"column":8},"end":{"line":92,"column":66}},"35":{"start":{"line":96,"column":0},"end":{"line":96,"column":42}}},"fnMap":{"0":{"name":"(anonymous_0)","decl":{"start":{"line":10,"column":33},"end":{"line":10,"column":34}},"loc":{"start":{"line":10,"column":62},"end":{"line":94,"column":1}},"line":10},"1":{"name":"(anonymous_1)","decl":{"start":{"line":48,"column":25},"end":{"line":48,"column":26}},"loc":{"start":{"line":48,"column":37},"end":{"line":50,"column":13}},"line":48},"2":{"name":"(anonymous_2)","decl":{"start":{"line":65,"column":29},"end":{"line":65,"column":30}},"loc":{"start":{"line":65,"column":41},"end":{"line":67,"column":17}},"line":65}},"branchMap":{"0":{"loc":{"start":{"line":19,"column":8},"end":{"line":22,"column":9}},"type":"if","locations":[{"start":{"line":19,"column":8},"end":{"line":22,"column":9}},{"start":{},"end":{}}],"line":19},"1":{"loc":{"start":{"line":26,"column":8},"end":{"line":29,"column":9}},"type":"if","locations":[{"start":{"line":26,"column":8},"end":{"line":29,"column":9}},{"start":{},"end":{}}],"line":26},"2":{"loc":{"start":{"line":42,"column":24},"end":{"line":42,"column":46}},"type":"binary-expr","locations":[{"start":{"line":42,"column":24},"end":{"line":42,"column":40}},{"start":{"line":42,"column":44},"end":{"line":42,"column":46}}],"line":42},"3":{"loc":{"start":{"line":44,"column":23},"end":{"line":44,"column":51}},"type":"binary-expr","locations":[{"start":{"line":44,"column":23},"end":{"line":44,"column":45}},{"start":{"line":44,"column":49},"end":{"line":44,"column":51}}],"line":44},"4":{"loc":{"start":{"line":47,"column":8},"end":{"line":84,"column":9}},"type":"if","locations":[{"start":{"line":47,"column":8},"end":{"line":84,"column":9}},{"start":{},"end":{}}],"line":47},"5":{"loc":{"start":{"line":64,"column":12},"end":{"line":83,"column":13}},"type":"if","locations":[{"start":{"line":64,"column":12},"end":{"line":83,"column":13}},{"start":{"line":79,"column":19},"end":{"line":83,"column":13}}],"line":64}},"s":{"0":3,"1":3,"2":3,"3":3,"4":3,"5":3,"6":3,"7":3,"8":3,"9":0,"10":0,"11":0,"12":0,"13":0,"14":0,"15":0,"16":0,"17":0,"18":0,"19":0,"20":0,"21":0,"22":0,"23":0,"24":0,"25":0,"26":0,"27":0,"28":0,"29":0,"30":0,"31":0,"32":0,"33":0,"34":0,"35":3},"f":{"0":0,"1":0,"2":0},"b":{"0":[0,0],"1":[0,0],"2":[0,0],"3":[0,0],"4":[0,0],"5":[0,0]},"_coverageSchema":"1a1c01bbd47fc00a2c39e90264f33305004495a9","hash":"d0767e9892752e0fd7072437e14b4ca8fb0c1bc6"}
,"/Users/aritranaharay/CodeBasket/PlayMetrics/pm-backend/controllers/employee/employee/editEmployee.controller.js": {"path":"/Users/aritranaharay/CodeBasket/PlayMetrics/pm-backend/controllers/employee/employee/editEmployee.controller.js","statementMap":{"0":{"start":{"line":1,"column":13},"end":{"line":1,"column":51}},"1":{"start":{"line":2,"column":17},"end":{"line":2,"column":60}},"2":{"start":{"line":4,"column":31},"end":{"line":53,"column":1}},"3":{"start":{"line":5,"column":116},"end":{"line":5,"column":128}},"4":{"start":{"line":6,"column":19},"end":{"line":6,"column":33}},"5":{"start":{"line":8,"column":4},"end":{"line":52,"column":5}},"6":{"start":{"line":9,"column":8},"end":{"line":18,"column":10}},"7":{"start":{"line":20,"column":8},"end":{"line":31,"column":9}},"8":{"start":{"line":33,"column":8},"end":{"line":38,"column":11}},"9":{"start":{"line":41,"column":8},"end":{"line":51,"column":11}},"10":{"start":{"line":55,"column":0},"end":{"line":55,"column":40}}},"fnMap":{"0":{"name":"(anonymous_0)","decl":{"start":{"line":4,"column":31},"end":{"line":4,"column":32}},"loc":{"start":{"line":4,"column":60},"end":{"line":53,"column":1}},"line":4}},"branchMap":{},"s":{"0":3,"1":3,"2":3,"3":0,"4":0,"5":0,"6":0,"7":0,"8":0,"9":0,"10":3},"f":{"0":0},"b":{},"_coverageSchema":"1a1c01bbd47fc00a2c39e90264f33305004495a9","hash":"44efb6979cc4574099e8c65571037fca8e99d2bf"}
,"/Users/aritranaharay/CodeBasket/PlayMetrics/pm-backend/controllers/employee/employee/employees.controller.js": {"path":"/Users/aritranaharay/CodeBasket/PlayMetrics/pm-backend/controllers/employee/employee/employees.controller.js","statementMap":{"0":{"start":{"line":1,"column":17},"end":{"line":1,"column":60}},"1":{"start":{"line":2,"column":24},"end":{"line":2,"column":63}},"2":{"start":{"line":3,"column":18},"end":{"line":3,"column":56}},"3":{"start":{"line":5,"column":28},"end":{"line":118,"column":1}},"4":{"start":{"line":6,"column":57},"end":{"line":6,"column":70}},"5":{"start":{"line":8,"column":4},"end":{"line":117,"column":5}},"6":{"start":{"line":9,"column":25},"end":{"line":9,"column":34}},"7":{"start":{"line":10,"column":20},"end":{"line":10,"column":22}},"8":{"start":{"line":11,"column":21},"end":{"line":11,"column":23}},"9":{"start":{"line":15,"column":32},"end":{"line":15,"column":72}},"10":{"start":{"line":17,"column":8},"end":{"line":78,"column":9}},"11":{"start":{"line":19,"column":12},"end":{"line":19,"column":24}},"12":{"start":{"line":20,"column":12},"end":{"line":29,"column":13}},"13":{"start":{"line":21,"column":34},"end":{"line":21,"column":36}},"14":{"start":{"line":22,"column":16},"end":{"line":22,"column":88}},"15":{"start":{"line":22,"column":31},"end":{"line":22,"column":88}},"16":{"start":{"line":23,"column":16},"end":{"line":23,"column":85}},"17":{"start":{"line":23,"column":30},"end":{"line":23,"column":85}},"18":{"start":{"line":24,"column":16},"end":{"line":24,"column":84}},"19":{"start":{"line":24,"column":27},"end":{"line":24,"column":84}},"20":{"start":{"line":26,"column":30},"end":{"line":26,"column":75}},"21":{"start":{"line":27,"column":32},"end":{"line":27,"column":59}},"22":{"start":{"line":27,"column":50},"end":{"line":27,"column":58}},"23":{"start":{"line":28,"column":16},"end":{"line":28,"column":49}},"24":{"start":{"line":30,"column":12},"end":{"line":30,"column":92}},"25":{"start":{"line":30,"column":24},"end":{"line":30,"column":92}},"26":{"start":{"line":33,"column":12},"end":{"line":51,"column":19}},"27":{"start":{"line":53,"column":12},"end":{"line":53,"column":45}},"28":{"start":{"line":56,"column":12},"end":{"line":56,"column":62}},"29":{"start":{"line":57,"column":12},"end":{"line":77,"column":19}},"30":{"start":{"line":80,"column":28},"end":{"line":80,"column":41}},"31":{"start":{"line":81,"column":32},"end":{"line":81,"column":64}},"32":{"start":{"line":83,"column":21},"end":{"line":85,"column":9}},"33":{"start":{"line":88,"column":8},"end":{"line":94,"column":9}},"34":{"start":{"line":89,"column":12},"end":{"line":93,"column":14}},"35":{"start":{"line":96,"column":30},"end":{"line":96,"column":47}},"36":{"start":{"line":98,"column":8},"end":{"line":104,"column":11}},"37":{"start":{"line":106,"column":8},"end":{"line":116,"column":11}},"38":{"start":{"line":120,"column":0},"end":{"line":120,"column":37}}},"fnMap":{"0":{"name":"(anonymous_0)","decl":{"start":{"line":5,"column":28},"end":{"line":5,"column":29}},"loc":{"start":{"line":5,"column":57},"end":{"line":118,"column":1}},"line":5},"1":{"name":"(anonymous_1)","decl":{"start":{"line":27,"column":42},"end":{"line":27,"column":43}},"loc":{"start":{"line":27,"column":50},"end":{"line":27,"column":58}},"line":27}},"branchMap":{"0":{"loc":{"start":{"line":9,"column":25},"end":{"line":9,"column":34}},"type":"binary-expr","locations":[{"start":{"line":9,"column":25},"end":{"line":9,"column":29}},{"start":{"line":9,"column":33},"end":{"line":9,"column":34}}],"line":9},"1":{"loc":{"start":{"line":15,"column":32},"end":{"line":15,"column":72}},"type":"binary-expr","locations":[{"start":{"line":15,"column":32},"end":{"line":15,"column":41}},{"start":{"line":15,"column":45},"end":{"line":15,"column":53}},{"start":{"line":15,"column":57},"end":{"line":15,"column":62}},{"start":{"line":15,"column":66},"end":{"line":15,"column":72}}],"line":15},"2":{"loc":{"start":{"line":17,"column":8},"end":{"line":78,"column":9}},"type":"if","locations":[{"start":{"line":17,"column":8},"end":{"line":78,"column":9}},{"start":{"line":54,"column":15},"end":{"line":78,"column":9}}],"line":17},"3":{"loc":{"start":{"line":20,"column":12},"end":{"line":29,"column":13}},"type":"if","locations":[{"start":{"line":20,"column":12},"end":{"line":29,"column":13}},{"start":{},"end":{}}],"line":20},"4":{"loc":{"start":{"line":20,"column":16},"end":{"line":20,"column":46}},"type":"binary-expr","locations":[{"start":{"line":20,"column":16},"end":{"line":20,"column":25}},{"start":{"line":20,"column":29},"end":{"line":20,"column":37}},{"start":{"line":20,"column":41},"end":{"line":20,"column":46}}],"line":20},"5":{"loc":{"start":{"line":22,"column":16},"end":{"line":22,"column":88}},"type":"if","locations":[{"start":{"line":22,"column":16},"end":{"line":22,"column":88}},{"start":{},"end":{}}],"line":22},"6":{"loc":{"start":{"line":23,"column":16},"end":{"line":23,"column":85}},"type":"if","locations":[{"start":{"line":23,"column":16},"end":{"line":23,"column":85}},{"start":{},"end":{}}],"line":23},"7":{"loc":{"start":{"line":24,"column":16},"end":{"line":24,"column":84}},"type":"if","locations":[{"start":{"line":24,"column":16},"end":{"line":24,"column":84}},{"start":{},"end":{}}],"line":24},"8":{"loc":{"start":{"line":30,"column":12},"end":{"line":30,"column":92}},"type":"if","locations":[{"start":{"line":30,"column":12},"end":{"line":30,"column":92}},{"start":{},"end":{}}],"line":30},"9":{"loc":{"start":{"line":88,"column":8},"end":{"line":94,"column":9}},"type":"if","locations":[{"start":{"line":88,"column":8},"end":{"line":94,"column":9}},{"start":{},"end":{}}],"line":88}},"s":{"0":3,"1":3,"2":3,"3":3,"4":0,"5":0,"6":0,"7":0,"8":0,"9":0,"10":0,"11":0,"12":0,"13":0,"14":0,"15":0,"16":0,"17":0,"18":0,"19":0,"20":0,"21":0,"22":0,"23":0,"24":0,"25":0,"26":0,"27":0,"28":0,"29":0,"30":0,"31":0,"32":0,"33":0,"34":0,"35":0,"36":0,"37":0,"38":3},"f":{"0":0,"1":0},"b":{"0":[0,0],"1":[0,0,0,0],"2":[0,0],"3":[0,0],"4":[0,0,0],"5":[0,0],"6":[0,0],"7":[0,0],"8":[0,0],"9":[0,0]},"_coverageSchema":"1a1c01bbd47fc00a2c39e90264f33305004495a9","hash":"9a8f5786f15448f2b4c403f2d5db72ea6e9747ac"}
,"/Users/aritranaharay/CodeBasket/PlayMetrics/pm-backend/controllers/employee/employee/getUserTypeRoles.controller.js": {"path":"/Users/aritranaharay/CodeBasket/PlayMetrics/pm-backend/controllers/employee/employee/getUserTypeRoles.controller.js","statementMap":{"0":{"start":{"line":1,"column":17},"end":{"line":1,"column":59}},"1":{"start":{"line":2,"column":23},"end":{"line":2,"column":72}},"2":{"start":{"line":4,"column":24},"end":{"line":4,"column":63}},"3":{"start":{"line":6,"column":25},"end":{"line":45,"column":1}},"4":{"start":{"line":7,"column":4},"end":{"line":44,"column":5}},"5":{"start":{"line":8,"column":22},"end":{"line":10,"column":58}},"6":{"start":{"line":13,"column":21},"end":{"line":20,"column":14}},"7":{"start":{"line":14,"column":46},"end":{"line":14,"column":50}},"8":{"start":{"line":15,"column":12},"end":{"line":17,"column":13}},"9":{"start":{"line":16,"column":16},"end":{"line":16,"column":35}},"10":{"start":{"line":18,"column":12},"end":{"line":18,"column":44}},"11":{"start":{"line":19,"column":12},"end":{"line":19,"column":23}},"12":{"start":{"line":21,"column":29},"end":{"line":21,"column":122}},"13":{"start":{"line":22,"column":21},"end":{"line":22,"column":70}},"14":{"start":{"line":24,"column":8},"end":{"line":30,"column":11}},"15":{"start":{"line":33,"column":8},"end":{"line":43,"column":11}},"16":{"start":{"line":47,"column":0},"end":{"line":47,"column":34}}},"fnMap":{"0":{"name":"(anonymous_0)","decl":{"start":{"line":6,"column":25},"end":{"line":6,"column":26}},"loc":{"start":{"line":6,"column":54},"end":{"line":45,"column":1}},"line":6},"1":{"name":"(anonymous_1)","decl":{"start":{"line":13,"column":35},"end":{"line":13,"column":36}},"loc":{"start":{"line":13,"column":50},"end":{"line":20,"column":9}},"line":13}},"branchMap":{"0":{"loc":{"start":{"line":15,"column":12},"end":{"line":17,"column":13}},"type":"if","locations":[{"start":{"line":15,"column":12},"end":{"line":17,"column":13}},{"start":{},"end":{}}],"line":15}},"s":{"0":3,"1":3,"2":3,"3":3,"4":0,"5":0,"6":0,"7":0,"8":0,"9":0,"10":0,"11":0,"12":0,"13":0,"14":0,"15":0,"16":3},"f":{"0":0,"1":0},"b":{"0":[0,0]},"_coverageSchema":"1a1c01bbd47fc00a2c39e90264f33305004495a9","hash":"9bd9e0a7d7c4a6a0fa76d8004e1d64cdb5776a40"}
,"/Users/aritranaharay/CodeBasket/PlayMetrics/pm-backend/controllers/employee/user/userBlockToggle.controller.js": {"path":"/Users/aritranaharay/CodeBasket/PlayMetrics/pm-backend/controllers/employee/user/userBlockToggle.controller.js","statementMap":{"0":{"start":{"line":1,"column":13},"end":{"line":1,"column":51}},"1":{"start":{"line":3,"column":34},"end":{"line":48,"column":1}},"2":{"start":{"line":4,"column":4},"end":{"line":47,"column":5}},"3":{"start":{"line":5,"column":36},"end":{"line":5,"column":48}},"4":{"start":{"line":6,"column":23},"end":{"line":6,"column":37}},"5":{"start":{"line":8,"column":8},"end":{"line":33,"column":9}},"6":{"start":{"line":9,"column":12},"end":{"line":12,"column":13}},"7":{"start":{"line":14,"column":12},"end":{"line":19,"column":15}},"8":{"start":{"line":22,"column":12},"end":{"line":32,"column":15}},"9":{"start":{"line":36,"column":8},"end":{"line":46,"column":11}},"10":{"start":{"line":50,"column":0},"end":{"line":50,"column":43}}},"fnMap":{"0":{"name":"(anonymous_0)","decl":{"start":{"line":3,"column":34},"end":{"line":3,"column":35}},"loc":{"start":{"line":3,"column":63},"end":{"line":48,"column":1}},"line":3}},"branchMap":{"0":{"loc":{"start":{"line":8,"column":8},"end":{"line":33,"column":9}},"type":"if","locations":[{"start":{"line":8,"column":8},"end":{"line":33,"column":9}},{"start":{"line":21,"column":13},"end":{"line":33,"column":9}}],"line":8},"1":{"loc":{"start":{"line":18,"column":33},"end":{"line":18,"column":83}},"type":"cond-expr","locations":[{"start":{"line":18,"column":60},"end":{"line":18,"column":69}},{"start":{"line":18,"column":72},"end":{"line":18,"column":83}}],"line":18},"2":{"loc":{"start":{"line":28,"column":46},"end":{"line":28,"column":92}},"type":"cond-expr","locations":[{"start":{"line":28,"column":73},"end":{"line":28,"column":80}},{"start":{"line":28,"column":83},"end":{"line":28,"column":92}}],"line":28}},"s":{"0":3,"1":3,"2":0,"3":0,"4":0,"5":0,"6":0,"7":0,"8":0,"9":0,"10":3},"f":{"0":0},"b":{"0":[0,0],"1":[0,0],"2":[0,0]},"_coverageSchema":"1a1c01bbd47fc00a2c39e90264f33305004495a9","hash":"f0812d176c4310a60e68863d2c793eb0cfa8b1ee"}
,"/Users/aritranaharay/CodeBasket/PlayMetrics/pm-backend/controllers/employee/user/userResetPassword.controller.js": {"path":"/Users/aritranaharay/CodeBasket/PlayMetrics/pm-backend/controllers/employee/user/userResetPassword.controller.js","statementMap":{"0":{"start":{"line":1,"column":28},"end":{"line":1,"column":86}},"1":{"start":{"line":2,"column":13},"end":{"line":2,"column":51}},"2":{"start":{"line":3,"column":28},"end":{"line":3,"column":67}},"3":{"start":{"line":4,"column":30},"end":{"line":4,"column":75}},"4":{"start":{"line":5,"column":25},"end":{"line":5,"column":81}},"5":{"start":{"line":7,"column":36},"end":{"line":78,"column":1}},"6":{"start":{"line":8,"column":4},"end":{"line":77,"column":5}},"7":{"start":{"line":9,"column":23},"end":{"line":9,"column":37}},"8":{"start":{"line":11,"column":25},"end":{"line":11,"column":43}},"9":{"start":{"line":13,"column":28},"end":{"line":13,"column":53}},"10":{"start":{"line":14,"column":21},"end":{"line":17,"column":9}},"11":{"start":{"line":19,"column":8},"end":{"line":64,"column":9}},"12":{"start":{"line":20,"column":32},"end":{"line":26,"column":13}},"13":{"start":{"line":28,"column":30},"end":{"line":28,"column":68}},"14":{"start":{"line":30,"column":12},"end":{"line":50,"column":13}},"15":{"start":{"line":31,"column":16},"end":{"line":36,"column":19}},"16":{"start":{"line":39,"column":16},"end":{"line":49,"column":19}},"17":{"start":{"line":53,"column":12},"end":{"line":63,"column":15}},"18":{"start":{"line":66,"column":8},"end":{"line":76,"column":11}},"19":{"start":{"line":80,"column":0},"end":{"line":80,"column":45}}},"fnMap":{"0":{"name":"(anonymous_0)","decl":{"start":{"line":7,"column":36},"end":{"line":7,"column":37}},"loc":{"start":{"line":7,"column":65},"end":{"line":78,"column":1}},"line":7}},"branchMap":{"0":{"loc":{"start":{"line":19,"column":8},"end":{"line":64,"column":9}},"type":"if","locations":[{"start":{"line":19,"column":8},"end":{"line":64,"column":9}},{"start":{"line":52,"column":13},"end":{"line":64,"column":9}}],"line":19},"1":{"loc":{"start":{"line":30,"column":12},"end":{"line":50,"column":13}},"type":"if","locations":[{"start":{"line":30,"column":12},"end":{"line":50,"column":13}},{"start":{"line":38,"column":17},"end":{"line":50,"column":13}}],"line":30}},"s":{"0":3,"1":3,"2":3,"3":3,"4":3,"5":3,"6":0,"7":0,"8":0,"9":0,"10":0,"11":0,"12":0,"13":0,"14":0,"15":0,"16":0,"17":0,"18":0,"19":3},"f":{"0":0},"b":{"0":[0,0],"1":[0,0]},"_coverageSchema":"1a1c01bbd47fc00a2c39e90264f33305004495a9","hash":"a9d850daafcde94220e48c92b98ae99c686baa78"}
,"/Users/aritranaharay/CodeBasket/PlayMetrics/pm-backend/controllers/employee/user/userStatusToggle.controller.js": {"path":"/Users/aritranaharay/CodeBasket/PlayMetrics/pm-backend/controllers/employee/user/userStatusToggle.controller.js","statementMap":{"0":{"start":{"line":1,"column":13},"end":{"line":1,"column":51}},"1":{"start":{"line":3,"column":35},"end":{"line":46,"column":1}},"2":{"start":{"line":4,"column":4},"end":{"line":45,"column":5}},"3":{"start":{"line":5,"column":31},"end":{"line":5,"column":43}},"4":{"start":{"line":6,"column":23},"end":{"line":6,"column":37}},"5":{"start":{"line":8,"column":8},"end":{"line":32,"column":9}},"6":{"start":{"line":9,"column":12},"end":{"line":12,"column":13}},"7":{"start":{"line":13,"column":12},"end":{"line":18,"column":15}},"8":{"start":{"line":21,"column":12},"end":{"line":31,"column":15}},"9":{"start":{"line":34,"column":8},"end":{"line":44,"column":11}},"10":{"start":{"line":48,"column":0},"end":{"line":48,"column":44}}},"fnMap":{"0":{"name":"(anonymous_0)","decl":{"start":{"line":3,"column":35},"end":{"line":3,"column":36}},"loc":{"start":{"line":3,"column":64},"end":{"line":46,"column":1}},"line":3}},"branchMap":{"0":{"loc":{"start":{"line":8,"column":8},"end":{"line":32,"column":9}},"type":"if","locations":[{"start":{"line":8,"column":8},"end":{"line":32,"column":9}},{"start":{"line":20,"column":13},"end":{"line":32,"column":9}}],"line":8},"1":{"loc":{"start":{"line":17,"column":51},"end":{"line":17,"column":97}},"type":"cond-expr","locations":[{"start":{"line":17,"column":76},"end":{"line":17,"column":84}},{"start":{"line":17,"column":87},"end":{"line":17,"column":97}}],"line":17},"2":{"loc":{"start":{"line":27,"column":46},"end":{"line":27,"column":92}},"type":"cond-expr","locations":[{"start":{"line":27,"column":71},"end":{"line":27,"column":79}},{"start":{"line":27,"column":82},"end":{"line":27,"column":92}}],"line":27}},"s":{"0":3,"1":3,"2":0,"3":0,"4":0,"5":0,"6":0,"7":0,"8":0,"9":0,"10":3},"f":{"0":0},"b":{"0":[0,0],"1":[0,0],"2":[0,0]},"_coverageSchema":"1a1c01bbd47fc00a2c39e90264f33305004495a9","hash":"28db2f068a8cac25792bac0bf78371d0bd3244c0"}
,"/Users/aritranaharay/CodeBasket/PlayMetrics/pm-backend/controllers/permission/create/createAction.controller.js": {"path":"/Users/aritranaharay/CodeBasket/PlayMetrics/pm-backend/controllers/permission/create/createAction.controller.js","statementMap":{"0":{"start":{"line":1,"column":18},"end":{"line":1,"column":60}},"1":{"start":{"line":2,"column":15},"end":{"line":2,"column":54}},"2":{"start":{"line":3,"column":18},"end":{"line":3,"column":56}},"3":{"start":{"line":4,"column":22},"end":{"line":4,"column":64}},"4":{"start":{"line":5,"column":25},"end":{"line":5,"column":78}},"5":{"start":{"line":7,"column":31},"end":{"line":103,"column":1}},"6":{"start":{"line":8,"column":40},"end":{"line":8,"column":52}},"7":{"start":{"line":10,"column":4},"end":{"line":102,"column":5}},"8":{"start":{"line":11,"column":26},"end":{"line":11,"column":94}},"9":{"start":{"line":13,"column":8},"end":{"line":25,"column":9}},"10":{"start":{"line":14,"column":12},"end":{"line":24,"column":15}},"11":{"start":{"line":27,"column":24},"end":{"line":27,"column":32}},"12":{"start":{"line":29,"column":27},"end":{"line":32,"column":30}},"13":{"start":{"line":34,"column":8},"end":{"line":39,"column":9}},"14":{"start":{"line":35,"column":35},"end":{"line":35,"column":67}},"15":{"start":{"line":36,"column":36},"end":{"line":36,"column":98}},"16":{"start":{"line":38,"column":12},"end":{"line":38,"column":40}},"17":{"start":{"line":41,"column":23},"end":{"line":47,"column":10}},"18":{"start":{"line":49,"column":8},"end":{"line":56,"column":9}},"19":{"start":{"line":57,"column":8},"end":{"line":63,"column":14}},"20":{"start":{"line":65,"column":8},"end":{"line":98,"column":9}},"21":{"start":{"line":66,"column":25},"end":{"line":76,"column":13}},"22":{"start":{"line":78,"column":12},"end":{"line":84,"column":15}},"23":{"start":{"line":87,"column":12},"end":{"line":97,"column":15}},"24":{"start":{"line":101,"column":8},"end":{"line":101,"column":48}},"25":{"start":{"line":105,"column":0},"end":{"line":105,"column":40}}},"fnMap":{"0":{"name":"(anonymous_0)","decl":{"start":{"line":7,"column":31},"end":{"line":7,"column":32}},"loc":{"start":{"line":7,"column":60},"end":{"line":103,"column":1}},"line":7}},"branchMap":{"0":{"loc":{"start":{"line":13,"column":8},"end":{"line":25,"column":9}},"type":"if","locations":[{"start":{"line":13,"column":8},"end":{"line":25,"column":9}},{"start":{},"end":{}}],"line":13},"1":{"loc":{"start":{"line":34,"column":8},"end":{"line":39,"column":9}},"type":"if","locations":[{"start":{"line":34,"column":8},"end":{"line":39,"column":9}},{"start":{},"end":{}}],"line":34},"2":{"loc":{"start":{"line":65,"column":8},"end":{"line":98,"column":9}},"type":"if","locations":[{"start":{"line":65,"column":8},"end":{"line":98,"column":9}},{"start":{"line":86,"column":13},"end":{"line":98,"column":9}}],"line":65}},"s":{"0":3,"1":3,"2":3,"3":3,"4":3,"5":3,"6":0,"7":0,"8":0,"9":0,"10":0,"11":0,"12":0,"13":0,"14":0,"15":0,"16":0,"17":0,"18":0,"19":0,"20":0,"21":0,"22":0,"23":0,"24":0,"25":3},"f":{"0":0},"b":{"0":[0,0],"1":[0,0],"2":[0,0]},"_coverageSchema":"1a1c01bbd47fc00a2c39e90264f33305004495a9","hash":"c59cb6750e577b7b9457e48bbd5e92884a7ff120"}
,"/Users/aritranaharay/CodeBasket/PlayMetrics/pm-backend/controllers/permission/create/createModule.controller.js": {"path":"/Users/aritranaharay/CodeBasket/PlayMetrics/pm-backend/controllers/permission/create/createModule.controller.js","statementMap":{"0":{"start":{"line":1,"column":18},"end":{"line":1,"column":60}},"1":{"start":{"line":2,"column":15},"end":{"line":2,"column":54}},"2":{"start":{"line":3,"column":25},"end":{"line":3,"column":78}},"3":{"start":{"line":5,"column":31},"end":{"line":68,"column":1}},"4":{"start":{"line":6,"column":63},"end":{"line":6,"column":75}},"5":{"start":{"line":8,"column":4},"end":{"line":67,"column":5}},"6":{"start":{"line":9,"column":26},"end":{"line":9,"column":77}},"7":{"start":{"line":11,"column":8},"end":{"line":23,"column":9}},"8":{"start":{"line":12,"column":12},"end":{"line":22,"column":15}},"9":{"start":{"line":25,"column":23},"end":{"line":30,"column":10}},"10":{"start":{"line":32,"column":8},"end":{"line":63,"column":9}},"11":{"start":{"line":33,"column":25},"end":{"line":41,"column":13}},"12":{"start":{"line":43,"column":12},"end":{"line":49,"column":15}},"13":{"start":{"line":52,"column":12},"end":{"line":62,"column":15}},"14":{"start":{"line":66,"column":8},"end":{"line":66,"column":48}},"15":{"start":{"line":70,"column":0},"end":{"line":70,"column":40}}},"fnMap":{"0":{"name":"(anonymous_0)","decl":{"start":{"line":5,"column":31},"end":{"line":5,"column":32}},"loc":{"start":{"line":5,"column":60},"end":{"line":68,"column":1}},"line":5}},"branchMap":{"0":{"loc":{"start":{"line":11,"column":8},"end":{"line":23,"column":9}},"type":"if","locations":[{"start":{"line":11,"column":8},"end":{"line":23,"column":9}},{"start":{},"end":{}}],"line":11},"1":{"loc":{"start":{"line":32,"column":8},"end":{"line":63,"column":9}},"type":"if","locations":[{"start":{"line":32,"column":8},"end":{"line":63,"column":9}},{"start":{"line":51,"column":13},"end":{"line":63,"column":9}}],"line":32}},"s":{"0":3,"1":3,"2":3,"3":3,"4":0,"5":0,"6":0,"7":0,"8":0,"9":0,"10":0,"11":0,"12":0,"13":0,"14":0,"15":3},"f":{"0":0},"b":{"0":[0,0],"1":[0,0]},"_coverageSchema":"1a1c01bbd47fc00a2c39e90264f33305004495a9","hash":"d9dc9b08827e5fa1c6bb878f173d965884e819cf"}
,"/Users/aritranaharay/CodeBasket/PlayMetrics/pm-backend/controllers/permission/create/createSubmodule.controller.js": {"path":"/Users/aritranaharay/CodeBasket/PlayMetrics/pm-backend/controllers/permission/create/createSubmodule.controller.js","statementMap":{"0":{"start":{"line":1,"column":15},"end":{"line":1,"column":54}},"1":{"start":{"line":2,"column":18},"end":{"line":2,"column":60}},"2":{"start":{"line":3,"column":25},"end":{"line":3,"column":78}},"3":{"start":{"line":5,"column":34},"end":{"line":71,"column":1}},"4":{"start":{"line":6,"column":69},"end":{"line":6,"column":81}},"5":{"start":{"line":8,"column":4},"end":{"line":70,"column":5}},"6":{"start":{"line":9,"column":23},"end":{"line":9,"column":76}},"7":{"start":{"line":11,"column":8},"end":{"line":23,"column":9}},"8":{"start":{"line":12,"column":12},"end":{"line":22,"column":15}},"9":{"start":{"line":25,"column":26},"end":{"line":31,"column":10}},"10":{"start":{"line":33,"column":8},"end":{"line":65,"column":9}},"11":{"start":{"line":34,"column":25},"end":{"line":43,"column":13}},"12":{"start":{"line":45,"column":12},"end":{"line":51,"column":15}},"13":{"start":{"line":54,"column":12},"end":{"line":64,"column":15}},"14":{"start":{"line":68,"column":8},"end":{"line":68,"column":48}},"15":{"start":{"line":73,"column":0},"end":{"line":73,"column":43}}},"fnMap":{"0":{"name":"(anonymous_0)","decl":{"start":{"line":5,"column":34},"end":{"line":5,"column":35}},"loc":{"start":{"line":5,"column":63},"end":{"line":71,"column":1}},"line":5}},"branchMap":{"0":{"loc":{"start":{"line":11,"column":8},"end":{"line":23,"column":9}},"type":"if","locations":[{"start":{"line":11,"column":8},"end":{"line":23,"column":9}},{"start":{},"end":{}}],"line":11},"1":{"loc":{"start":{"line":33,"column":8},"end":{"line":65,"column":9}},"type":"if","locations":[{"start":{"line":33,"column":8},"end":{"line":65,"column":9}},{"start":{"line":53,"column":13},"end":{"line":65,"column":9}}],"line":33}},"s":{"0":3,"1":3,"2":3,"3":3,"4":0,"5":0,"6":0,"7":0,"8":0,"9":0,"10":0,"11":0,"12":0,"13":0,"14":0,"15":3},"f":{"0":0},"b":{"0":[0,0],"1":[0,0]},"_coverageSchema":"1a1c01bbd47fc00a2c39e90264f33305004495a9","hash":"470a9b229523497f9d09de4ac9cf606fcebc5778"}
,"/Users/aritranaharay/CodeBasket/PlayMetrics/pm-backend/controllers/permission/create/createSubsystem.controller.js": {"path":"/Users/aritranaharay/CodeBasket/PlayMetrics/pm-backend/controllers/permission/create/createSubsystem.controller.js","statementMap":{"0":{"start":{"line":1,"column":18},"end":{"line":1,"column":60}},"1":{"start":{"line":2,"column":25},"end":{"line":2,"column":78}},"2":{"start":{"line":3,"column":34},"end":{"line":50,"column":1}},"3":{"start":{"line":4,"column":59},"end":{"line":4,"column":71}},"4":{"start":{"line":6,"column":4},"end":{"line":49,"column":5}},"5":{"start":{"line":8,"column":26},"end":{"line":12,"column":10}},"6":{"start":{"line":14,"column":8},"end":{"line":45,"column":9}},"7":{"start":{"line":15,"column":25},"end":{"line":23,"column":13}},"8":{"start":{"line":25,"column":12},"end":{"line":31,"column":15}},"9":{"start":{"line":34,"column":12},"end":{"line":44,"column":15}},"10":{"start":{"line":48,"column":8},"end":{"line":48,"column":48}},"11":{"start":{"line":52,"column":0},"end":{"line":52,"column":43}}},"fnMap":{"0":{"name":"(anonymous_0)","decl":{"start":{"line":3,"column":34},"end":{"line":3,"column":35}},"loc":{"start":{"line":3,"column":63},"end":{"line":50,"column":1}},"line":3}},"branchMap":{"0":{"loc":{"start":{"line":14,"column":8},"end":{"line":45,"column":9}},"type":"if","locations":[{"start":{"line":14,"column":8},"end":{"line":45,"column":9}},{"start":{"line":33,"column":13},"end":{"line":45,"column":9}}],"line":14}},"s":{"0":3,"1":3,"2":3,"3":0,"4":0,"5":0,"6":0,"7":0,"8":0,"9":0,"10":0,"11":3},"f":{"0":0},"b":{"0":[0,0]},"_coverageSchema":"1a1c01bbd47fc00a2c39e90264f33305004495a9","hash":"dbe79f28fff97fa8a353b40cb3986dca718fe157"}
[...]
,"/Users/aritranaharay/CodeBasket/PlayMetrics/pm-backend/validators/permission/createAction.validator.js": {"path":"/Users/aritranaharay/CodeBasket/PlayMetrics/pm-backend/validators/permission/createAction.validator.js","statementMap":{"0":{"start":{"line":1,"column":16},"end":{"line":1,"column":72}},"1":{"start":{"line":3,"column":30},"end":{"line":33,"column":1}},"2":{"start":{"line":4,"column":16},"end":{"line":4,"column":18}},"3":{"start":{"line":6,"column":40},"end":{"line":6,"column":52}},"4":{"start":{"line":8,"column":4},"end":{"line":13,"column":5}},"5":{"start":{"line":9,"column":8},"end":{"line":12,"column":11}},"6":{"start":{"line":15,"column":4},"end":{"line":20,"column":5}},"7":{"start":{"line":16,"column":8},"end":{"line":19,"column":11}},"8":{"start":{"line":22,"column":4},"end":{"line":32,"column":5}},"9":{"start":{"line":23,"column":8},"end":{"line":28,"column":11}},"10":{"start":{"line":31,"column":8},"end":{"line":31,"column":15}},"11":{"start":{"line":35,"column":0},"end":{"line":35,"column":39}}},"fnMap":{"0":{"name":"(anonymous_0)","decl":{"start":{"line":3,"column":30},"end":{"line":3,"column":31}},"loc":{"start":{"line":3,"column":65},"end":{"line":33,"column":1}},"line":3}},"branchMap":{"0":{"loc":{"start":{"line":8,"column":4},"end":{"line":13,"column":5}},"type":"if","locations":[{"start":{"line":8,"column":4},"end":{"line":13,"column":5}},{"start":{},"end":{}}],"line":8},"1":{"loc":{"start":{"line":15,"column":4},"end":{"line":20,"column":5}},"type":"if","locations":[{"start":{"line":15,"column":4},"end":{"line":20,"column":5}},{"start":{},"end":{}}],"line":15},"2":{"loc":{"start":{"line":15,"column":8},"end":{"line":15,"column":46}},"type":"binary-expr","locations":[{"start":{"line":15,"column":8},"end":{"line":15,"column":19}},{"start":{"line":15,"column":23},"end":{"line":15,"column":46}}],"line":15},"3":{"loc":{"start":{"line":22,"column":4},"end":{"line":32,"column":5}},"type":"if","locations":[{"start":{"line":22,"column":4},"end":{"line":32,"column":5}},{"start":{"line":30,"column":9},"end":{"line":32,"column":5}}],"line":22}},"s":{"0":3,"1":3,"2":0,"3":0,"4":0,"5":0,"6":0,"7":0,"8":0,"9":0,"10":0,"11":3},"f":{"0":0},"b":{"0":[0,0],"1":[0,0],"2":[0,0],"3":[0,0]},"_coverageSchema":"1a1c01bbd47fc00a2c39e90264f33305004495a9","hash":"1b7e461294892d6d9f32eba074750b30f669a9b7"}
,"/Users/aritranaharay/CodeBasket/PlayMetrics/pm-backend/validators/permission/createModule.validator.js": {"path":"/Users/aritranaharay/CodeBasket/PlayMetrics/pm-backend/validators/permission/createModule.validator.js","statementMap":{"0":{"start":{"line":1,"column":16},"end":{"line":1,"column":72}},"1":{"start":{"line":3,"column":30},"end":{"line":46,"column":1}},"2":{"start":{"line":4,"column":16},"end":{"line":4,"column":18}},"3":{"start":{"line":6,"column":63},"end":{"line":6,"column":75}},"4":{"start":{"line":8,"column":4},"end":{"line":13,"column":5}},"5":{"start":{"line":9,"column":8},"end":{"line":12,"column":11}},"6":{"start":{"line":15,"column":4},"end":{"line":19,"column":5}},"7":{"start":{"line":16,"column":27},"end":{"line":16,"column":29}},"8":{"start":{"line":17,"column":8},"end":{"line":17,"column":45}},"9":{"start":{"line":21,"column":4},"end":{"line":26,"column":5}},"10":{"start":{"line":22,"column":8},"end":{"line":25,"column":11}},"11":{"start":{"line":29,"column":4},"end":{"line":33,"column":5}},"12":{"start":{"line":30,"column":26},"end":{"line":30,"column":71}},"13":{"start":{"line":31,"column":8},"end":{"line":31,"column":43}},"14":{"start":{"line":35,"column":4},"end":{"line":45,"column":5}},"15":{"start":{"line":36,"column":8},"end":{"line":41,"column":11}},"16":{"start":{"line":44,"column":8},"end":{"line":44,"column":15}},"17":{"start":{"line":48,"column":0},"end":{"line":48,"column":39}}},"fnMap":{"0":{"name":"(anonymous_0)","decl":{"start":{"line":3,"column":30},"end":{"line":3,"column":31}},"loc":{"start":{"line":3,"column":65},"end":{"line":46,"column":1}},"line":3}},"branchMap":{"0":{"loc":{"start":{"line":8,"column":4},"end":{"line":13,"column":5}},"type":"if","locations":[{"start":{"line":8,"column":4},"end":{"line":13,"column":5}},{"start":{},"end":{}}],"line":8},"1":{"loc":{"start":{"line":15,"column":4},"end":{"line":19,"column":5}},"type":"if","locations":[{"start":{"line":15,"column":4},"end":{"line":19,"column":5}},{"start":{},"end":{}}],"line":15},"2":{"loc":{"start":{"line":21,"column":4},"end":{"line":26,"column":5}},"type":"if","locations":[{"start":{"line":21,"column":4},"end":{"line":26,"column":5}},{"start":{},"end":{}}],"line":21},"3":{"loc":{"start":{"line":29,"column":4},"end":{"line":33,"column":5}},"type":"if","locations":[{"start":{"line":29,"column":4},"end":{"line":33,"column":5}},{"start":{},"end":{}}],"line":29},"4":{"loc":{"start":{"line":35,"column":4},"end":{"line":45,"column":5}},"type":"if","locations":[{"start":{"line":35,"column":4},"end":{"line":45,"column":5}},{"start":{"line":43,"column":9},"end":{"line":45,"column":5}}],"line":35}},"s":{"0":3,"1":3,"2":0,"3":0,"4":0,"5":0,"6":0,"7":0,"8":0,"9":0,"10":0,"11":0,"12":0,"13":0,"14":0,"15":0,"16":0,"17":3},"f":{"0":0},"b":{"0":[0,0],"1":[0,0],"2":[0,0],"3":[0,0],"4":[0,0]},"_coverageSchema":"1a1c01bbd47fc00a2c39e90264f33305004495a9","hash":"00fdcf1e5a148c7f3aed9b94a5edcc6bd917bd97"}
,"/Users/aritranaharay/CodeBasket/PlayMetrics/pm-backend/validators/permission/createSubmodule.validator.js": {"path":"/Users/aritranaharay/CodeBasket/PlayMetrics/pm-backend/validators/permission/createSubmodule.validator.js","statementMap":{"0":{"start":{"line":1,"column":16},"end":{"line":1,"column":72}},"1":{"start":{"line":3,"column":33},"end":{"line":39,"column":1}},"2":{"start":{"line":4,"column":16},"end":{"line":4,"column":18}},"3":{"start":{"line":6,"column":54},"end":{"line":6,"column":66}},"4":{"start":{"line":8,"column":4},"end":{"line":13,"column":5}},"5":{"start":{"line":9,"column":8},"end":{"line":12,"column":11}},"6":{"start":{"line":15,"column":4},"end":{"line":20,"column":5}},"7":{"start":{"line":16,"column":8},"end":{"line":19,"column":11}},"8":{"start":{"line":23,"column":4},"end":{"line":26,"column":5}},"9":{"start":{"line":24,"column":29},"end":{"line":24,"column":77}},"10":{"start":{"line":25,"column":8},"end":{"line":25,"column":49}},"11":{"start":{"line":28,"column":4},"end":{"line":38,"column":5}},"12":{"start":{"line":29,"column":8},"end":{"line":34,"column":11}},"13":{"start":{"line":37,"column":8},"end":{"line":37,"column":15}},"14":{"start":{"line":41,"column":0},"end":{"line":41,"column":42}}},"fnMap":{"0":{"name":"(anonymous_0)","decl":{"start":{"line":3,"column":33},"end":{"line":3,"column":34}},"loc":{"start":{"line":3,"column":68},"end":{"line":39,"column":1}},"line":3}},"branchMap":{"0":{"loc":{"start":{"line":8,"column":4},"end":{"line":13,"column":5}},"type":"if","locations":[{"start":{"line":8,"column":4},"end":{"line":13,"column":5}},{"start":{},"end":{}}],"line":8},"1":{"loc":{"start":{"line":15,"column":4},"end":{"line":20,"column":5}},"type":"if","locations":[{"start":{"line":15,"column":4},"end":{"line":20,"column":5}},{"start":{},"end":{}}],"line":15},"2":{"loc":{"start":{"line":23,"column":4},"end":{"line":26,"column":5}},"type":"if","locations":[{"start":{"line":23,"column":4},"end":{"line":26,"column":5}},{"start":{},"end":{}}],"line":23},"3":{"loc":{"start":{"line":28,"column":4},"end":{"line":38,"column":5}},"type":"if","locations":[{"start":{"line":28,"column":4},"end":{"line":38,"column":5}},{"start":{"line":36,"column":9},"end":{"line":38,"column":5}}],"line":28}},"s":{"0":3,"1":3,"2":0,"3":0,"4":0,"5":0,"6":0,"7":0,"8":0,"9":0,"10":0,"11":0,"12":0,"13":0,"14":3},"f":{"0":0},"b":{"0":[0,0],"1":[0,0],"2":[0,0],"3":[0,0]},"_coverageSchema":"1a1c01bbd47fc00a2c39e90264f33305004495a9","hash":"62e0e0ee5259511723979687755eada986444491"}
,"/Users/aritranaharay/CodeBasket/PlayMetrics/pm-backend/validators/permission/createSubsystem.validator.js": {"path":"/Users/aritranaharay/CodeBasket/PlayMetrics/pm-backend/validators/permission/createSubsystem.validator.js","statementMap":{"0":{"start":{"line":1,"column":16},"end":{"line":1,"column":72}},"1":{"start":{"line":2,"column":37},"end":{"line":2,"column":90}},"2":{"start":{"line":4,"column":33},"end":{"line":29,"column":1}},"3":{"start":{"line":5,"column":16},"end":{"line":5,"column":18}},"4":{"start":{"line":7,"column":59},"end":{"line":7,"column":71}},"5":{"start":{"line":10,"column":26},"end":{"line":10,"column":98}},"6":{"start":{"line":11,"column":4},"end":{"line":11,"column":32}},"7":{"start":{"line":13,"column":4},"end":{"line":16,"column":5}},"8":{"start":{"line":14,"column":29},"end":{"line":14,"column":77}},"9":{"start":{"line":15,"column":8},"end":{"line":15,"column":49}},"10":{"start":{"line":18,"column":4},"end":{"line":28,"column":5}},"11":{"start":{"line":19,"column":8},"end":{"line":24,"column":11}},"12":{"start":{"line":27,"column":8},"end":{"line":27,"column":15}},"13":{"start":{"line":31,"column":0},"end":{"line":31,"column":42}}},"fnMap":{"0":{"name":"(anonymous_0)","decl":{"start":{"line":4,"column":33},"end":{"line":4,"column":34}},"loc":{"start":{"line":4,"column":68},"end":{"line":29,"column":1}},"line":4}},"branchMap":{"0":{"loc":{"start":{"line":13,"column":4},"end":{"line":16,"column":5}},"type":"if","locations":[{"start":{"line":13,"column":4},"end":{"line":16,"column":5}},{"start":{},"end":{}}],"line":13},"1":{"loc":{"start":{"line":18,"column":4},"end":{"line":28,"column":5}},"type":"if","locations":[{"start":{"line":18,"column":4},"end":{"line":28,"column":5}},{"start":{"line":26,"column":9},"end":{"line":28,"column":5}}],"line":18}},"s":{"0":3,"1":3,"2":3,"3":0,"4":0,"5":0,"6":0,"7":0,"8":0,"9":0,"10":0,"11":0,"12":0,"13":3},"f":{"0":0},"b":{"0":[0,0],"1":[0,0]},"_coverageSchema":"1a1c01bbd47fc00a2c39e90264f33305004495a9","hash":"374216c295fe4827e097fc5035125a53b67edbcb"}
,"/Users/aritranaharay/CodeBasket/PlayMetrics/pm-backend/validators/permission/updateModule.validator.js": {"path":"/Users/aritranaharay/CodeBasket/PlayMetrics/pm-backend/validators/permission/updateModule.validator.js","statementMap":{"0":{"start":{"line":1,"column":16},"end":{"line":1,"column":72}},"1":{"start":{"line":3,"column":30},"end":{"line":42,"column":1}},"2":{"start":{"line":4,"column":16},"end":{"line":4,"column":18}},"3":{"start":{"line":6,"column":63},"end":{"line":6,"column":75}},"4":{"start":{"line":8,"column":4},"end":{"line":13,"column":5}},"5":{"start":{"line":9,"column":8},"end":{"line":12,"column":11}},"6":{"start":{"line":15,"column":4},"end":{"line":20,"column":5}},"7":{"start":{"line":16,"column":8},"end":{"line":19,"column":11}},"8":{"start":{"line":21,"column":4},"end":{"line":23,"column":5}},"9":{"start":{"line":22,"column":8},"end":{"line":22,"column":37}},"10":{"start":{"line":26,"column":4},"end":{"line":29,"column":5}},"11":{"start":{"line":27,"column":26},"end":{"line":27,"column":71}},"12":{"start":{"line":28,"column":8},"end":{"line":28,"column":43}},"13":{"start":{"line":31,"column":4},"end":{"line":41,"column":5}},"14":{"start":{"line":32,"column":8},"end":{"line":37,"column":11}},"15":{"start":{"line":40,"column":8},"end":{"line":40,"column":15}},"16":{"start":{"line":44,"column":0},"end":{"line":44,"column":39}}},"fnMap":{"0":{"name":"(anonymous_0)","decl":{"start":{"line":3,"column":30},"end":{"line":3,"column":31}},"loc":{"start":{"line":3,"column":65},"end":{"line":42,"column":1}},"line":3}},"branchMap":{"0":{"loc":{"start":{"line":8,"column":4},"end":{"line":13,"column":5}},"type":"if","locations":[{"start":{"line":8,"column":4},"end":{"line":13,"column":5}},{"start":{},"end":{}}],"line":8},"1":{"loc":{"start":{"line":15,"column":4},"end":{"line":20,"column":5}},"type":"if","locations":[{"start":{"line":15,"column":4},"end":{"line":20,"column":5}},{"start":{},"end":{}}],"line":15},"2":{"loc":{"start":{"line":21,"column":4},"end":{"line":23,"column":5}},"type":"if","locations":[{"start":{"line":21,"column":4},"end":{"line":23,"column":5}},{"start":{},"end":{}}],"line":21},"3":{"loc":{"start":{"line":26,"column":4},"end":{"line":29,"column":5}},"type":"if","locations":[{"start":{"line":26,"column":4},"end":{"line":29,"column":5}},{"start":{},"end":{}}],"line":26},"4":{"loc":{"start":{"line":31,"column":4},"end":{"line":41,"column":5}},"type":"if","locations":[{"start":{"line":31,"column":4},"end":{"line":41,"column":5}},{"start":{"line":39,"column":9},"end":{"line":41,"column":5}}],"line":31}},"s":{"0":3,"1":3,"2":0,"3":0,"4":0,"5":0,"6":0,"7":0,"8":0,"9":0,"10":0,"11":0,"12":0,"13":0,"14":0,"15":0,"16":3},"f":{"0":0},"b":{"0":[0,0],"1":[0,0],"2":[0,0],"3":[0,0],"4":[0,0]},"_coverageSchema":"1a1c01bbd47fc00a2c39e90264f33305004495a9","hash":"fcd545da3d90ca88c5d6cb65aeeb07059cf60f10"}
,"/Users/aritranaharay/CodeBasket/PlayMetrics/pm-backend/validators/permission/updateSubmodule.validator.js": {"path":"/Users/aritranaharay/CodeBasket/PlayMetrics/pm-backend/validators/permission/updateSubmodule.validator.js","statementMap":{"0":{"start":{"line":1,"column":16},"end":{"line":1,"column":72}},"1":{"start":{"line":3,"column":33},"end":{"line":43,"column":1}},"2":{"start":{"line":4,"column":16},"end":{"line":4,"column":18}},"3":{"start":{"line":6,"column":40},"end":{"line":6,"column":52}},"4":{"start":{"line":8,"column":4},"end":{"line":13,"column":5}},"5":{"start":{"line":9,"column":8},"end":{"line":12,"column":11}},"6":{"start":{"line":15,"column":4},"end":{"line":20,"column":5}},"7":{"start":{"line":16,"column":8},"end":{"line":19,"column":11}},"8":{"start":{"line":22,"column":25},"end":{"line":22,"column":73}},"9":{"start":{"line":24,"column":4},"end":{"line":29,"column":5}},"10":{"start":{"line":25,"column":8},"end":{"line":28,"column":11}},"11":{"start":{"line":31,"column":4},"end":{"line":42,"column":5}},"12":{"start":{"line":32,"column":8},"end":{"line":37,"column":11}},"13":{"start":{"line":40,"column":8},"end":{"line":40,"column":49}},"14":{"start":{"line":41,"column":8},"end":{"line":41,"column":15}},"15":{"start":{"line":45,"column":0},"end":{"line":45,"column":42}}},"fnMap":{"0":{"name":"(anonymous_0)","decl":{"start":{"line":3,"column":33},"end":{"line":3,"column":34}},"loc":{"start":{"line":3,"column":68},"end":{"line":43,"column":1}},"line":3}},"branchMap":{"0":{"loc":{"start":{"line":8,"column":4},"end":{"line":13,"column":5}},"type":"if","locations":[{"start":{"line":8,"column":4},"end":{"line":13,"column":5}},{"start":{},"end":{}}],"line":8},"1":{"loc":{"start":{"line":15,"column":4},"end":{"line":20,"column":5}},"type":"if","locations":[{"start":{"line":15,"column":4},"end":{"line":20,"column":5}},{"start":{},"end":{}}],"line":15},"2":{"loc":{"start":{"line":24,"column":4},"end":{"line":29,"column":5}},"type":"if","locations":[{"start":{"line":24,"column":4},"end":{"line":29,"column":5}},{"start":{},"end":{}}],"line":24},"3":{"loc":{"start":{"line":31,"column":4},"end":{"line":42,"column":5}},"type":"if","locations":[{"start":{"line":31,"column":4},"end":{"line":42,"column":5}},{"start":{"line":39,"column":9},"end":{"line":42,"column":5}}],"line":31}},"s":{"0":3,"1":3,"2":0,"3":0,"4":0,"5":0,"6":0,"7":0,"8":0,"9":0,"10":0,"11":0,"12":0,"13":0,"14":0,"15":3},"f":{"0":0},"b":{"0":[0,0],"1":[0,0],"2":[0,0],"3":[0,0]},"_coverageSchema":"1a1c01bbd47fc00a2c39e90264f33305004495a9","hash":"cc726fac095125ba5965324ef0f627daae4e35c8"}
,"/Users/aritranaharay/CodeBasket/PlayMetrics/pm-backend/validators/permission/updateSubsystem.validator.js": {"path":"/Users/aritranaharay/CodeBasket/PlayMetrics/pm-backend/validators/permission/updateSubsystem.validator.js","statementMap":{"0":{"start":{"line":1,"column":16},"end":{"line":1,"column":72}},"1":{"start":{"line":3,"column":33},"end":{"line":43,"column":1}},"2":{"start":{"line":4,"column":16},"end":{"line":4,"column":18}},"3":{"start":{"line":6,"column":69},"end":{"line":6,"column":81}},"4":{"start":{"line":8,"column":4},"end":{"line":13,"column":5}},"5":{"start":{"line":9,"column":8},"end":{"line":12,"column":11}},"6":{"start":{"line":14,"column":4},"end":{"line":16,"column":5}},"7":{"start":{"line":15,"column":8},"end":{"line":15,"column":40}},"8":{"start":{"line":18,"column":4},"end":{"line":23,"column":5}},"9":{"start":{"line":19,"column":8},"end":{"line":22,"column":11}},"10":{"start":{"line":26,"column":4},"end":{"line":30,"column":5}},"11":{"start":{"line":27,"column":29},"end":{"line":27,"column":77}},"12":{"start":{"line":28,"column":8},"end":{"line":28,"column":49}},"13":{"start":{"line":32,"column":4},"end":{"line":42,"column":5}},"14":{"start":{"line":33,"column":8},"end":{"line":38,"column":11}},"15":{"start":{"line":41,"column":8},"end":{"line":41,"column":15}},"16":{"start":{"line":45,"column":0},"end":{"line":45,"column":42}}},"fnMap":{"0":{"name":"(anonymous_0)","decl":{"start":{"line":3,"column":33},"end":{"line":3,"column":34}},"loc":{"start":{"line":3,"column":68},"end":{"line":43,"column":1}},"line":3}},"branchMap":{"0":{"loc":{"start":{"line":8,"column":4},"end":{"line":13,"column":5}},"type":"if","locations":[{"start":{"line":8,"column":4},"end":{"line":13,"column":5}},{"start":{},"end":{}}],"line":8},"1":{"loc":{"start":{"line":14,"column":4},"end":{"line":16,"column":5}},"type":"if","locations":[{"start":{"line":14,"column":4},"end":{"line":16,"column":5}},{"start":{},"end":{}}],"line":14},"2":{"loc":{"start":{"line":18,"column":4},"end":{"line":23,"column":5}},"type":"if","locations":[{"start":{"line":18,"column":4},"end":{"line":23,"column":5}},{"start":{},"end":{}}],"line":18},"3":{"loc":{"start":{"line":26,"column":4},"end":{"line":30,"column":5}},"type":"if","locations":[{"start":{"line":26,"column":4},"end":{"line":30,"column":5}},{"start":{},"end":{}}],"line":26},"4":{"loc":{"start":{"line":32,"column":4},"end":{"line":42,"column":5}},"type":"if","locations":[{"start":{"line":32,"column":4},"end":{"line":42,"column":5}},{"start":{"line":40,"column":9},"end":{"line":42,"column":5}}],"line":32}},"s":{"0":3,"1":3,"2":0,"3":0,"4":0,"5":0,"6":0,"7":0,"8":0,"9":0,"10":0,"11":0,"12":0,"13":0,"14":0,"15":0,"16":3},"f":{"0":0},"b":{"0":[0,0],"1":[0,0],"2":[0,0],"3":[0,0],"4":[0,0]},"_coverageSchema":"1a1c01bbd47fc00a2c39e90264f33305004495a9","hash":"ef539789eb47db72a435322408a7e9c33e8113f7"}
}
