TN:
SF:app.js
FN:41,(anonymous_0)
FN:57,(anonymous_1)
FNF:2
FNH:0
FNDA:0,(anonymous_0)
FNDA:0,(anonymous_1)
DA:2,3
DA:3,3
DA:4,3
DA:8,3
DA:10,3
DA:11,3
DA:13,3
DA:14,3
DA:21,3
DA:27,3
DA:33,3
DA:34,3
DA:37,3
DA:38,3
DA:41,3
DA:42,0
DA:48,3
DA:49,3
DA:52,3
DA:54,3
DA:57,3
DA:58,0
DA:68,3
LF:23
LH:21
BRDA:28,0,0,3
BRDA:28,0,1,3
BRF:2
BRH:2
end_of_record
TN:
SF:controllers/account/authentication/login/AssignToken.controller.js
FN:5,(anonymous_0)
FNF:1
FNH:0
FNDA:0,(anonymous_0)
DA:1,3
DA:2,3
DA:3,3
DA:5,3
DA:6,0
DA:7,0
DA:8,0
DA:9,0
DA:13,0
DA:22,0
DA:36,0
DA:51,3
LF:12
LH:5
BRDA:8,0,0,0
BRDA:8,0,1,0
BRF:2
BRH:0
end_of_record
TN:
SF:controllers/account/authentication/login/login.controller.js
FN:100,updateLastLoginTime
FN:397,(anonymous_1)
FNF:2
FNH:0
FNDA:0,updateLastLoginTime
FNDA:0,(anonymous_1)
DA:1,3
DA:2,3
DA:3,3
DA:4,3
DA:5,3
DA:7,3
DA:13,3
DA:16,3
DA:17,3
DA:18,3
DA:19,3
DA:101,0
DA:397,3
DA:398,0
DA:399,0
DA:400,0
DA:402,0
DA:405,0
DA:551,0
DA:552,0
DA:554,0
DA:555,0
DA:557,0
DA:562,0
DA:563,0
DA:565,0
DA:570,0
DA:571,0
DA:573,0
DA:578,0
DA:580,0
DA:581,0
DA:599,0
DA:602,0
DA:604,0
DA:609,0
DA:627,0
DA:647,0
DA:648,0
DA:649,0
DA:652,0
DA:654,0
DA:657,0
DA:660,0
DA:662,0
DA:668,3
LF:46
LH:13
BRDA:554,0,0,0
BRDA:554,0,1,0
BRDA:562,1,0,0
BRDA:562,1,1,0
BRDA:570,2,0,0
BRDA:570,2,1,0
BRDA:602,3,0,0
BRDA:602,3,1,0
BRDA:647,4,0,0
BRDA:647,4,1,0
BRDA:654,5,0,0
BRDA:654,5,1,0
BRF:12
BRH:0
end_of_record
TN:
SF:controllers/account/authentication/logout/logout.controller.js
FN:8,(anonymous_0)
FNF:1
FNH:0
FNDA:0,(anonymous_0)
DA:1,3
DA:3,3
DA:5,3
DA:8,3
DA:9,0
DA:11,0
DA:12,0
DA:13,0
DA:15,0
DA:16,0
DA:17,0
DA:19,0
DA:21,0
DA:30,0
DA:32,0
DA:46,3
LF:16
LH:5
BRDA:9,0,0,0
BRDA:9,0,1,0
BRDA:17,1,0,0
BRDA:17,1,1,0
BRF:4
BRH:0
end_of_record
TN:
SF:controllers/account/authentication/persistence/authenticate.controller.js
FN:3,(anonymous_0)
FNF:1
FNH:0
FNDA:0,(anonymous_0)
DA:1,3
DA:3,3
DA:4,0
DA:5,0
DA:6,0
DA:14,0
DA:22,0
DA:24,0
DA:37,0
DA:50,0
DA:64,3
LF:11
LH:3
BRDA:5,0,0,0
BRDA:5,0,1,0
BRDA:22,1,0,0
BRDA:22,1,1,0
BRF:4
BRH:0
end_of_record
TN:
SF:controllers/account/user/EditSingleUserActionKeys.controller.js
FN:5,(anonymous_0)
FN:13,(anonymous_1)
FNF:2
FNH:0
FNDA:0,(anonymous_0)
FNDA:0,(anonymous_1)
DA:2,3
DA:3,3
DA:5,3
DA:6,0
DA:7,0
DA:9,0
DA:10,0
DA:13,0
DA:16,0
DA:21,0
DA:22,0
DA:29,0
DA:42,0
DA:45,0
DA:46,0
DA:47,0
DA:48,0
DA:49,0
DA:50,0
DA:52,0
DA:64,0
DA:79,3
LF:22
LH:4
BRDA:21,0,0,0
BRDA:21,0,1,0
BRDA:42,1,0,0
BRDA:42,1,1,0
BRDA:45,2,0,0
BRDA:45,2,1,0
BRDA:48,3,0,0
BRDA:48,3,1,0
BRF:8
BRH:0
end_of_record
TN:
SF:controllers/account/user/SingleUserActionIds.controller.js
FN:4,(anonymous_0)
FN:30,(anonymous_1)
FNF:2
FNH:0
FNDA:0,(anonymous_0)
FNDA:0,(anonymous_1)
DA:1,3
DA:2,3
DA:4,3
DA:5,0
DA:6,0
DA:8,0
DA:15,0
DA:16,0
DA:30,0
DA:32,0
DA:37,0
DA:45,0
DA:59,3
LF:13
LH:4
BRDA:15,0,0,0
BRDA:15,0,1,0
BRF:2
BRH:0
end_of_record
TN:
SF:controllers/account/user/allActionIds.controller.js
FN:6,(anonymous_0)
FNF:1
FNH:0
FNDA:0,(anonymous_0)
DA:2,3
DA:3,3
DA:4,3
DA:6,3
DA:7,0
DA:8,0
DA:25,0
DA:27,0
DA:31,0
DA:39,0
DA:53,3
LF:11
LH:5
BRF:0
BRH:0
end_of_record
TN:
SF:controllers/account/user/userChangePassword.controller.js
FN:5,(anonymous_0)
FNF:1
FNH:0
FNDA:0,(anonymous_0)
DA:1,3
DA:2,3
DA:3,3
DA:5,3
DA:6,0
DA:7,0
DA:9,0
DA:10,0
DA:12,0
DA:17,0
DA:18,0
DA:26,0
DA:39,0
DA:53,3
LF:14
LH:5
BRDA:17,0,0,0
BRDA:17,0,1,0
BRF:2
BRH:0
end_of_record
TN:
SF:controllers/account/user/userSendOTPVerifyEmail.controller.js
FN:7,(anonymous_0)
FNF:1
FNH:0
FNDA:0,(anonymous_0)
DA:1,3
DA:2,3
DA:3,3
DA:4,3
DA:5,3
DA:7,3
DA:8,0
DA:10,0
DA:11,0
DA:13,0
DA:15,0
DA:16,0
DA:29,0
DA:31,0
DA:37,0
DA:39,0
DA:47,0
DA:61,3
LF:18
LH:7
BRDA:15,0,0,0
BRDA:15,0,1,0
BRDA:15,1,0,0
BRDA:15,1,1,0
BRF:4
BRH:0
end_of_record
TN:
SF:controllers/account/user/userUpdateProfile.controller.js
FN:4,(anonymous_0)
FNF:1
FNH:0
FNDA:0,(anonymous_0)
DA:1,3
DA:2,3
DA:4,3
DA:5,0
DA:7,0
DA:8,0
DA:19,0
DA:29,0
DA:37,0
DA:51,3
LF:10
LH:4
BRF:0
BRH:0
end_of_record
TN:
SF:controllers/account/user/userVerifyEmail.controller.js
FN:5,(anonymous_0)
FNF:1
FNH:0
FNDA:0,(anonymous_0)
DA:1,3
DA:2,3
DA:3,3
DA:5,3
DA:6,0
DA:8,0
DA:9,0
DA:11,0
DA:12,0
DA:14,0
DA:15,0
DA:25,0
DA:27,0
DA:35,0
DA:49,0
DA:62,0
DA:76,3
LF:17
LH:5
BRDA:11,0,0,0
BRDA:11,0,1,0
BRDA:14,1,0,0
BRDA:14,1,1,0
BRDA:14,2,0,0
BRDA:14,2,1,0
BRF:6
BRH:0
end_of_record
TN:
SF:controllers/account/userRole/actionIdUserRole.controller.js
FN:4,(anonymous_0)
FN:30,(anonymous_1)
FNF:2
FNH:0
FNDA:0,(anonymous_0)
FNDA:0,(anonymous_1)
DA:1,3
DA:2,3
DA:4,3
DA:5,0
DA:6,0
DA:8,0
DA:15,0
DA:16,0
DA:30,0
DA:32,0
DA:36,0
DA:44,0
DA:58,3
LF:13
LH:4
BRDA:15,0,0,0
BRDA:15,0,1,0
BRF:2
BRH:0
end_of_record
TN:
SF:controllers/account/userRole/actionMenuUserRole.controller.js
FN:6,(anonymous_0)
FNF:1
FNH:0
FNDA:0,(anonymous_0)
DA:2,3
DA:3,3
DA:4,3
DA:6,3
DA:7,0
DA:8,0
DA:25,0
DA:27,0
DA:31,0
DA:39,0
DA:53,3
LF:11
LH:5
BRF:0
BRH:0
end_of_record
TN:
SF:controllers/account/userRole/createUserRole.controller.js
FN:5,(anonymous_0)
FNF:1
FNH:0
FNDA:0,(anonymous_0)
DA:2,3
DA:3,3
DA:5,3
DA:7,0
DA:9,0
DA:10,0
DA:15,0
DA:16,0
DA:19,0
DA:27,0
DA:40,0
DA:43,0
DA:44,0
DA:45,0
DA:46,0
DA:47,0
DA:48,0
DA:50,0
DA:62,0
DA:77,3
LF:20
LH:4
BRDA:15,0,0,0
BRDA:15,0,1,0
BRDA:40,1,0,0
BRDA:40,1,1,0
BRDA:43,2,0,0
BRDA:43,2,1,0
BRDA:46,3,0,0
BRDA:46,3,1,0
BRF:8
BRH:0
end_of_record
TN:
SF:controllers/account/userRole/editUserRole.controller.js
FN:5,(anonymous_0)
FN:14,(anonymous_1)
FNF:2
FNH:0
FNDA:0,(anonymous_0)
FNDA:0,(anonymous_1)
DA:2,3
DA:3,3
DA:5,3
DA:6,0
DA:7,0
DA:9,0
DA:11,0
DA:14,0
DA:17,0
DA:22,0
DA:23,0
DA:30,0
DA:43,0
DA:46,0
DA:47,0
DA:48,0
DA:49,0
DA:50,0
DA:51,0
DA:53,0
DA:65,0
DA:80,3
LF:22
LH:4
BRDA:22,0,0,0
BRDA:22,0,1,0
BRDA:43,1,0,0
BRDA:43,1,1,0
BRDA:46,2,0,0
BRDA:46,2,1,0
BRDA:49,3,0,0
BRDA:49,3,1,0
BRF:8
BRH:0
end_of_record
TN:
SF:controllers/account/userRole/getUserRole.controller.js
FN:4,(anonymous_0)
FN:8,(anonymous_1)
FN:44,(anonymous_2)
FNF:3
FNH:0
FNDA:0,(anonymous_0)
FNDA:0,(anonymous_1)
FNDA:0,(anonymous_2)
DA:1,3
DA:2,3
DA:4,3
DA:5,0
DA:6,0
DA:8,3
DA:9,0
DA:11,0
DA:12,0
DA:13,0
DA:14,0
DA:15,0
DA:17,0
DA:18,0
DA:20,0
DA:27,0
DA:28,0
DA:30,0
DA:31,0
DA:43,0
DA:44,0
DA:45,0
DA:55,0
DA:63,0
DA:76,3
LF:25
LH:5
BRDA:5,0,0,0
BRDA:5,0,1,0
BRDA:12,1,0,0
BRDA:12,1,1,0
BRDA:30,2,0,0
BRDA:30,2,1,0
BRF:6
BRH:0
end_of_record
TN:
SF:controllers/account/userRole/getUserRoleForSchoolERP.controller.js
FN:4,(anonymous_0)
FNF:1
FNH:0
FNDA:0,(anonymous_0)
DA:1,3
DA:2,3
DA:4,3
DA:5,0
DA:7,0
DA:8,0
DA:9,0
DA:10,0
DA:11,0
DA:13,0
DA:20,0
DA:21,0
DA:23,0
DA:30,0
DA:31,0
DA:33,0
DA:34,0
DA:47,0
DA:56,0
DA:64,0
DA:77,3
LF:21
LH:4
BRDA:8,0,0,0
BRDA:8,0,1,0
BRDA:33,1,0,0
BRDA:33,1,1,0
BRF:4
BRH:0
end_of_record
TN:
SF:controllers/account/userRole/userRoleStatusToggle.controller.js
FN:5,(anonymous_0)
FNF:1
FNH:0
FNDA:0,(anonymous_0)
DA:2,3
DA:3,3
DA:5,3
DA:7,0
DA:8,0
DA:9,0
DA:11,0
DA:12,0
DA:13,0
DA:18,0
DA:26,0
DA:40,3
LF:12
LH:4
BRDA:11,0,0,0
BRDA:11,0,1,0
BRDA:11,1,0,0
BRDA:11,1,1,0
BRDA:12,2,0,0
BRDA:12,2,1,0
BRDA:22,3,0,0
BRDA:22,3,1,0
BRF:8
BRH:0
end_of_record
TN:
SF:controllers/employee/employee/createEmployee.controller.js
FN:10,(anonymous_0)
FN:48,(anonymous_1)
FN:65,(anonymous_2)
FNF:3
FNH:0
FNDA:0,(anonymous_0)
FNDA:0,(anonymous_1)
FNDA:0,(anonymous_2)
DA:1,3
DA:2,3
DA:3,3
DA:4,3
DA:5,3
DA:6,3
DA:7,3
DA:8,3
DA:10,3
DA:11,0
DA:12,0
DA:15,0
DA:17,0
DA:19,0
DA:20,0
DA:24,0
DA:26,0
DA:27,0
DA:32,0
DA:47,0
DA:48,0
DA:49,0
DA:54,0
DA:64,0
DA:65,0
DA:66,0
DA:71,0
DA:76,0
DA:77,0
DA:80,0
DA:81,0
DA:86,0
DA:87,0
DA:90,0
DA:91,0
DA:96,3
LF:36
LH:10
BRDA:19,0,0,0
BRDA:19,0,1,0
BRDA:26,1,0,0
BRDA:26,1,1,0
BRDA:42,2,0,0
BRDA:42,2,1,0
BRDA:44,3,0,0
BRDA:44,3,1,0
BRDA:47,4,0,0
BRDA:47,4,1,0
BRDA:64,5,0,0
BRDA:64,5,1,0
BRF:12
BRH:0
end_of_record
TN:
SF:controllers/employee/employee/editEmployee.controller.js
FN:4,(anonymous_0)
FNF:1
FNH:0
FNDA:0,(anonymous_0)
DA:1,3
DA:2,3
DA:4,3
DA:5,0
DA:6,0
DA:8,0
DA:9,0
DA:20,0
DA:33,0
DA:41,0
DA:55,3
LF:11
LH:4
BRF:0
BRH:0
end_of_record
TN:
SF:controllers/employee/employee/employees.controller.js
FN:5,(anonymous_0)
FN:27,(anonymous_1)
FNF:2
FNH:0
FNDA:0,(anonymous_0)
FNDA:0,(anonymous_1)
DA:1,3
DA:2,3
DA:3,3
DA:5,3
DA:6,0
DA:8,0
DA:9,0
DA:10,0
DA:11,0
DA:15,0
DA:17,0
DA:19,0
DA:20,0
DA:21,0
DA:22,0
DA:23,0
DA:24,0
DA:26,0
DA:27,0
DA:28,0
DA:30,0
DA:33,0
DA:53,0
DA:56,0
DA:57,0
DA:80,0
DA:81,0
DA:83,0
DA:88,0
DA:89,0
DA:96,0
DA:98,0
DA:106,0
DA:120,3
LF:34
LH:5
BRDA:9,0,0,0
BRDA:9,0,1,0
BRDA:15,1,0,0
BRDA:15,1,1,0
BRDA:15,1,2,0
BRDA:15,1,3,0
BRDA:17,2,0,0
BRDA:17,2,1,0
BRDA:20,3,0,0
BRDA:20,3,1,0
BRDA:20,4,0,0
BRDA:20,4,1,0
BRDA:20,4,2,0
BRDA:22,5,0,0
BRDA:22,5,1,0
BRDA:23,6,0,0
BRDA:23,6,1,0
BRDA:24,7,0,0
BRDA:24,7,1,0
BRDA:30,8,0,0
BRDA:30,8,1,0
BRDA:88,9,0,0
BRDA:88,9,1,0
BRF:23
BRH:0
end_of_record
TN:
SF:controllers/employee/employee/getUserTypeRoles.controller.js
FN:6,(anonymous_0)
FN:13,(anonymous_1)
FNF:2
FNH:0
FNDA:0,(anonymous_0)
FNDA:0,(anonymous_1)
DA:1,3
DA:2,3
DA:4,3
DA:6,3
DA:7,0
DA:8,0
DA:13,0
DA:14,0
DA:15,0
DA:16,0
DA:18,0
DA:19,0
DA:21,0
DA:22,0
DA:24,0
DA:33,0
DA:47,3
LF:17
LH:5
BRDA:15,0,0,0
BRDA:15,0,1,0
BRF:2
BRH:0
end_of_record
TN:
SF:controllers/employee/user/userBlockToggle.controller.js
FN:3,(anonymous_0)
FNF:1
FNH:0
FNDA:0,(anonymous_0)
DA:1,3
DA:3,3
DA:4,0
DA:5,0
DA:6,0
DA:8,0
DA:9,0
DA:14,0
DA:22,0
DA:36,0
DA:50,3
LF:11
LH:3
BRDA:8,0,0,0
BRDA:8,0,1,0
BRDA:18,1,0,0
BRDA:18,1,1,0
BRDA:28,2,0,0
BRDA:28,2,1,0
BRF:6
BRH:0
end_of_record
TN:
SF:controllers/employee/user/userResetPassword.controller.js
FN:7,(anonymous_0)
FNF:1
FNH:0
FNDA:0,(anonymous_0)
DA:1,3
DA:2,3
DA:3,3
DA:4,3
DA:5,3
DA:7,3
DA:8,0
DA:9,0
DA:11,0
DA:13,0
DA:14,0
DA:19,0
DA:20,0
DA:28,0
DA:30,0
DA:31,0
DA:39,0
DA:53,0
DA:66,0
DA:80,3
LF:20
LH:7
BRDA:19,0,0,0
BRDA:19,0,1,0
BRDA:30,1,0,0
BRDA:30,1,1,0
BRF:4
BRH:0
end_of_record
TN:
SF:controllers/employee/user/userStatusToggle.controller.js
FN:3,(anonymous_0)
FNF:1
FNH:0
FNDA:0,(anonymous_0)
DA:1,3
DA:3,3
DA:4,0
DA:5,0
DA:6,0
DA:8,0
DA:9,0
DA:13,0
DA:21,0
DA:34,0
DA:48,3
LF:11
LH:3
BRDA:8,0,0,0
BRDA:8,0,1,0
BRDA:17,1,0,0
BRDA:17,1,1,0
BRDA:27,2,0,0
BRDA:27,2,1,0
BRF:6
BRH:0
end_of_record
TN:
SF:controllers/permission/create/createAction.controller.js
FN:7,(anonymous_0)
FNF:1
FNH:0
FNDA:0,(anonymous_0)
DA:1,3
DA:2,3
DA:3,3
DA:4,3
DA:5,3
DA:7,3
DA:8,0
DA:10,0
DA:11,0
DA:13,0
DA:14,0
DA:27,0
DA:29,0
DA:34,0
DA:35,0
DA:36,0
DA:38,0
DA:41,0
DA:49,0
DA:57,0
DA:65,0
DA:66,0
DA:78,0
DA:87,0
DA:101,0
DA:105,3
LF:26
LH:7
BRDA:13,0,0,0
BRDA:13,0,1,0
BRDA:34,1,0,0
BRDA:34,1,1,0
BRDA:65,2,0,0
BRDA:65,2,1,0
BRF:6
BRH:0
end_of_record
TN:
SF:controllers/permission/create/createModule.controller.js
FN:5,(anonymous_0)
FNF:1
FNH:0
FNDA:0,(anonymous_0)
DA:1,3
DA:2,3
DA:3,3
DA:5,3
DA:6,0
DA:8,0
DA:9,0
DA:11,0
DA:12,0
DA:25,0
DA:32,0
DA:33,0
DA:43,0
DA:52,0
DA:66,0
DA:70,3
LF:16
LH:5
BRDA:11,0,0,0
BRDA:11,0,1,0
BRDA:32,1,0,0
BRDA:32,1,1,0
BRF:4
BRH:0
end_of_record
TN:
SF:controllers/permission/create/createSubmodule.controller.js
FN:5,(anonymous_0)
FNF:1
FNH:0
FNDA:0,(anonymous_0)
DA:1,3
DA:2,3
DA:3,3
DA:5,3
DA:6,0
DA:8,0
DA:9,0
DA:11,0
DA:12,0
DA:25,0
DA:33,0
DA:34,0
DA:45,0
DA:54,0
DA:68,0
DA:73,3
LF:16
LH:5
BRDA:11,0,0,0
BRDA:11,0,1,0
BRDA:33,1,0,0
BRDA:33,1,1,0
BRF:4
BRH:0
end_of_record
TN:
SF:controllers/permission/create/createSubsystem.controller.js
FN:3,(anonymous_0)
FNF:1
FNH:0
FNDA:0,(anonymous_0)
DA:1,3
DA:2,3
DA:3,3
DA:4,0
DA:6,0
DA:8,0
DA:14,0
DA:15,0
DA:25,0
DA:34,0
DA:48,0
DA:52,3
LF:12
LH:4
BRDA:14,0,0,0
BRDA:14,0,1,0
BRF:2
BRH:0
end_of_record
TN:
SF:controllers/permission/get/getAllActions.controller.js
FN:4,(anonymous_0)
FNF:1
FNH:0
FNDA:0,(anonymous_0)
DA:1,3
DA:2,3
DA:4,3
DA:5,0
DA:6,0
DA:9,0
DA:10,0
DA:11,0
DA:12,0
DA:13,0
DA:19,0
DA:168,0
DA:170,0
DA:173,0
DA:174,0
DA:187,0
DA:190,0
DA:191,0
DA:192,0
DA:193,0
DA:199,0
DA:208,0
DA:222,3
LF:23
LH:4
BRDA:9,0,0,0
BRDA:9,0,1,0
BRDA:12,1,0,0
BRDA:12,1,1,0
BRDA:173,2,0,0
BRDA:173,2,1,0
BRDA:190,3,0,0
BRDA:190,3,1,0
BRF:8
BRH:0
end_of_record
TN:
SF:controllers/permission/get/getAllModules.controller.js
FN:4,(anonymous_0)
FNF:1
FNH:0
FNDA:0,(anonymous_0)
DA:1,3
DA:2,3
DA:4,3
DA:5,0
DA:6,0
DA:9,0
DA:10,0
DA:11,0
DA:12,0
DA:13,0
DA:19,0
DA:94,0
DA:96,0
DA:99,0
DA:100,0
DA:113,0
DA:116,0
DA:117,0
DA:118,0
DA:119,0
DA:125,0
DA:134,0
DA:148,3
LF:23
LH:4
BRDA:9,0,0,0
BRDA:9,0,1,0
BRDA:12,1,0,0
BRDA:12,1,1,0
BRDA:99,2,0,0
BRDA:99,2,1,0
BRDA:116,3,0,0
BRDA:116,3,1,0
BRF:8
BRH:0
end_of_record
TN:
SF:controllers/permission/get/getAllSubModules.controller.js
FN:4,(anonymous_0)
FNF:1
FNH:0
FNDA:0,(anonymous_0)
DA:1,3
DA:2,3
DA:4,3
DA:5,0
DA:6,0
DA:9,0
DA:10,0
DA:11,0
DA:12,0
DA:13,0
DA:19,0
DA:126,0
DA:128,0
DA:131,0
DA:132,0
DA:145,0
DA:148,0
DA:149,0
DA:150,0
DA:151,0
DA:157,0
DA:166,0
DA:180,3
LF:23
LH:4
BRDA:9,0,0,0
BRDA:9,0,1,0
BRDA:12,1,0,0
BRDA:12,1,1,0
BRDA:131,2,0,0
BRDA:131,2,1,0
BRDA:148,3,0,0
BRDA:148,3,1,0
BRF:8
BRH:0
end_of_record
TN:
SF:controllers/permission/get/getAllSubSystems.controller.js
FN:4,(anonymous_0)
FNF:1
FNH:0
FNDA:0,(anonymous_0)
DA:1,3
DA:2,3
DA:4,3
DA:5,0
DA:6,0
DA:9,0
DA:10,0
DA:11,0
DA:12,0
DA:13,0
DA:19,0
DA:64,0
DA:66,0
DA:69,0
DA:70,0
DA:83,0
DA:87,0
DA:88,0
DA:89,0
DA:90,0
DA:96,0
DA:105,0
DA:119,3
LF:23
LH:4
BRDA:9,0,0,0
BRDA:9,0,1,0
BRDA:12,1,0,0
BRDA:12,1,1,0
BRDA:69,2,0,0
BRDA:69,2,1,0
BRDA:87,3,0,0
BRDA:87,3,1,0
BRF:8
BRH:0
end_of_record
TN:
SF:controllers/permission/update/updateModule.controller.js
FN:4,(anonymous_0)
FNF:1
FNH:0
FNDA:0,(anonymous_0)
DA:1,3
DA:2,3
DA:4,3
DA:5,0
DA:6,0
DA:8,0
DA:9,0
DA:11,0
DA:12,0
DA:25,0
DA:37,0
DA:38,0
DA:49,0
DA:58,0
DA:72,0
DA:86,3
LF:16
LH:4
BRDA:11,0,0,0
BRDA:11,0,1,0
BRDA:37,1,0,0
BRDA:37,1,1,0
BRF:4
BRH:0
end_of_record
TN:
SF:controllers/permission/update/updateSubmodule.controller.js
FN:4,(anonymous_0)
FNF:1
FNH:0
FNDA:0,(anonymous_0)
DA:1,3
DA:2,3
DA:4,3
DA:5,0
DA:6,0
DA:8,0
DA:9,0
DA:11,0
DA:12,0
DA:25,0
DA:37,0
DA:38,0
DA:49,0
DA:58,0
DA:72,0
DA:86,3
LF:16
LH:4
BRDA:11,0,0,0
BRDA:11,0,1,0
BRDA:37,1,0,0
BRDA:37,1,1,0
BRF:4
BRH:0
end_of_record
TN:
SF:controllers/permission/update/updateSubsystem.controller.js
FN:3,(anonymous_0)
FNF:1
FNH:0
FNDA:0,(anonymous_0)
DA:1,3
DA:3,3
DA:4,0
DA:5,0
DA:7,0
DA:8,0
DA:20,0
DA:21,0
DA:31,0
DA:40,0
DA:54,0
DA:68,3
LF:12
LH:3
BRDA:15,0,0,0
BRDA:15,0,1,0
BRDA:20,1,0,0
BRDA:20,1,1,0
BRDA:26,2,0,0
BRDA:26,2,1,0
BRF:6
BRH:0
end_of_record
TN:
SF:controllers/system/email/sendEmail.controller.js
FN:3,(anonymous_0)
FNF:1
FNH:0
FNDA:0,(anonymous_0)
DA:1,3
DA:2,3
DA:3,3
DA:4,0
DA:5,0
DA:7,0
DA:9,0
DA:10,0
DA:23,0
DA:25,0
DA:31,0
DA:32,0
DA:35,0
DA:36,0
DA:39,0
DA:40,0
DA:41,0
DA:43,0
DA:47,0
DA:48,0
DA:49,0
DA:51,0
DA:55,0
DA:56,0
DA:58,0
DA:59,0
DA:67,0
DA:81,0
DA:97,3
LF:29
LH:4
BRDA:4,0,0,0
BRDA:4,0,1,0
BRDA:9,1,0,0
BRDA:9,1,1,0
BRDA:31,2,0,0
BRDA:31,2,1,0
BRDA:32,3,0,0
BRDA:32,3,1,0
BRDA:35,4,0,0
BRDA:35,4,1,0
BRDA:39,5,0,0
BRDA:39,5,1,0
BRDA:40,6,0,0
BRDA:40,6,1,0
BRDA:47,7,0,0
BRDA:47,7,1,0
BRDA:48,8,0,0
BRDA:48,8,1,0
BRDA:58,9,0,0
BRDA:58,9,1,0
BRF:20
BRH:0
end_of_record
TN:
SF:controllers/system/logs/log.controller.js
FN:3,(anonymous_0)
FNF:1
FNH:0
FNDA:0,(anonymous_0)
DA:1,3
DA:3,3
DA:4,0
DA:5,0
DA:14,0
DA:15,0
DA:23,0
DA:37,0
DA:51,3
LF:9
LH:3
BRDA:3,0,0,0
BRDA:7,1,0,0
BRDA:7,1,1,0
BRDA:8,2,0,0
BRDA:8,2,1,0
BRDA:14,3,0,0
BRDA:14,3,1,0
BRF:7
BRH:0
end_of_record
TN:
SF:models/account/user-department.model.js
FNF:0
FNH:0
DA:1,3
DA:3,3
DA:20,3
LF:3
LH:3
BRF:0
BRH:0
end_of_record
TN:
SF:models/account/user.model.js
FN:6,capitalizeWords
FN:12,(anonymous_1)
FN:135,(anonymous_2)
FN:144,(anonymous_3)
FN:149,(anonymous_4)
FN:154,(anonymous_5)
FNF:6
FNH:0
FNDA:0,capitalizeWords
FNDA:0,(anonymous_1)
FNDA:0,(anonymous_2)
FNDA:0,(anonymous_3)
FNDA:0,(anonymous_4)
FNDA:0,(anonymous_5)
DA:1,3
DA:3,3
DA:7,0
DA:8,0
DA:12,0
DA:16,3
DA:135,3
DA:136,0
DA:141,0
DA:144,3
DA:145,0
DA:146,0
DA:149,3
DA:150,0
DA:151,0
DA:154,3
DA:155,0
DA:156,0
DA:158,0
DA:162,0
DA:176,0
DA:178,0
DA:181,0
DA:197,3
DA:198,3
DA:199,3
DA:200,3
DA:201,3
DA:202,3
DA:204,3
LF:30
LH:14
BRDA:7,0,0,0
BRDA:7,0,1,0
BRDA:136,1,0,0
BRDA:136,1,1,0
BRDA:158,2,0,0
BRDA:158,2,1,0
BRDA:162,3,0,0
BRDA:162,3,1,0
BRDA:163,4,0,0
BRDA:163,4,1,0
BRDA:163,4,2,0
BRDA:163,4,3,0
BRDA:163,4,4,0
BRDA:163,4,5,0
BRDA:163,4,6,0
BRDA:163,4,7,0
BRDA:163,4,8,0
BRDA:163,4,9,0
BRDA:163,4,10,0
BRDA:163,4,11,0
BRDA:176,5,0,0
BRDA:176,5,1,0
BRDA:178,6,0,0
BRDA:178,6,1,0
BRF:24
BRH:0
end_of_record
TN:
SF:models/account/userRole.model.js
FNF:0
FNH:0
DA:1,3
DA:3,3
DA:37,3
DA:38,3
DA:40,3
LF:5
LH:5
BRF:0
BRH:0
end_of_record
TN:
SF:models/account/verify.model.js
FNF:0
FNH:0
DA:1,3
DA:3,3
DA:22,3
DA:23,3
DA:25,3
LF:5
LH:5
BRF:0
BRH:0
end_of_record
TN:
SF:models/action/action.model.js
FNF:0
FNH:0
DA:1,3
DA:3,3
DA:41,3
DA:44,3
LF:4
LH:4
BRF:0
BRH:0
end_of_record
TN:
SF:models/action/module.model.js
FNF:0
FNH:0
DA:1,3
DA:3,3
DA:34,3
DA:36,3
LF:4
LH:4
BRF:0
BRH:0
end_of_record
TN:
SF:models/action/submodule.model.js
FNF:0
FNH:0
DA:1,3
DA:3,3
DA:38,3
DA:40,3
LF:4
LH:4
BRF:0
BRH:0
end_of_record
TN:
SF:models/action/subsystem.model.js
FNF:0
FNH:0
DA:1,3
DA:3,3
DA:29,3
DA:31,3
LF:4
LH:4
BRF:0
BRH:0
end_of_record
TN:
SF:models/employee/employee.model.js
FN:97,(anonymous_0)
FNF:1
FNH:0
FNDA:0,(anonymous_0)
DA:1,3
DA:3,3
DA:23,3
DA:97,3
DA:98,0
DA:99,0
DA:102,0
DA:103,0
DA:104,0
DA:105,0
DA:107,0
DA:108,0
DA:113,0
DA:115,0
DA:116,0
DA:117,0
DA:120,0
DA:121,0
DA:123,0
DA:127,3
DA:128,3
DA:129,3
DA:130,3
DA:131,3
DA:132,3
DA:134,3
LF:26
LH:11
BRDA:98,0,0,0
BRDA:98,0,1,0
BRDA:98,1,0,0
BRDA:98,1,1,0
BRDA:102,2,0,0
BRDA:102,2,1,0
BRDA:115,3,0,0
BRDA:115,3,1,0
BRF:8
BRH:0
end_of_record
TN:
SF:models/file/file.model.js
FNF:0
FNH:0
DA:1,3
DA:3,3
DA:53,3
DA:54,3
DA:56,3
LF:5
LH:5
BRF:0
BRH:0
end_of_record
TN:
SF:models/system/emailSendLimit.model.js
FNF:0
FNH:0
DA:1,3
DA:3,3
DA:26,3
DA:28,3
LF:4
LH:4
BRF:0
BRH:0
end_of_record
TN:
SF:models/system/log.model.js
FNF:0
FNH:0
DA:1,3
DA:3,3
DA:34,3
LF:3
LH:3
BRF:0
BRH:0
end_of_record
TN:
SF:permissions/webAccess.js
FN:1,(anonymous_0)
FNF:1
FNH:0
FNDA:0,(anonymous_0)
DA:1,3
DA:2,0
DA:11,0
DA:14,3
LF:4
LH:2
BRF:0
BRH:0
end_of_record
TN:
SF:routes/index.js
FNF:0
FNH:0
DA:1,3
DA:2,3
DA:3,3
DA:7,3
DA:10,3
DA:13,3
DA:17,3
DA:18,3
DA:21,3
DA:25,3
DA:26,3
DA:28,3
DA:30,3
LF:13
LH:13
BRF:0
BRH:0
end_of_record
TN:
SF:routes/account/action.route.js
FN:64,(anonymous_0)
FN:74,(anonymous_1)
FN:84,(anonymous_2)
FN:93,(anonymous_3)
FN:114,(anonymous_4)
FN:123,(anonymous_5)
FN:132,(anonymous_6)
FN:144,(anonymous_7)
FN:152,(anonymous_8)
FN:160,(anonymous_9)
FN:168,(anonymous_10)
FNF:11
FNH:0
FNDA:0,(anonymous_0)
FNDA:0,(anonymous_1)
FNDA:0,(anonymous_2)
FNDA:0,(anonymous_3)
FNDA:0,(anonymous_4)
FNDA:0,(anonymous_5)
FNDA:0,(anonymous_6)
FNDA:0,(anonymous_7)
FNDA:0,(anonymous_8)
FNDA:0,(anonymous_9)
FNDA:0,(anonymous_10)
DA:2,3
DA:3,3
DA:6,3
DA:15,3
DA:16,3
DA:18,3
DA:19,3
DA:21,3
DA:22,3
DA:24,3
DA:25,3
DA:27,3
DA:28,3
DA:30,3
DA:31,3
DA:33,3
DA:34,3
DA:35,3
DA:36,3
DA:39,3
DA:40,3
DA:43,3
DA:44,3
DA:46,3
DA:60,3
DA:64,0
DA:70,3
DA:74,0
DA:80,3
DA:84,0
DA:89,3
DA:93,0
DA:110,3
DA:114,0
DA:119,3
DA:123,0
DA:128,3
DA:132,0
DA:140,3
DA:144,0
DA:148,3
DA:152,0
DA:156,3
DA:160,0
DA:164,3
DA:168,0
DA:180,3
LF:47
LH:36
BRF:0
BRH:0
end_of_record
TN:
SF:routes/account/authentication.route.js
FNF:0
FNH:0
DA:2,3
DA:3,3
DA:8,3
DA:9,3
DA:11,3
DA:13,3
DA:15,3
DA:81,3
DA:133,3
DA:145,3
DA:157,3
LF:11
LH:11
BRF:0
BRH:0
end_of_record
TN:
SF:routes/account/index.js
FNF:0
FNH:0
DA:1,3
DA:2,3
DA:3,3
DA:4,3
DA:5,3
DA:6,3
DA:9,3
DA:11,3
DA:13,3
DA:14,3
DA:16,3
DA:17,3
DA:20,3
LF:13
LH:13
BRF:0
BRH:0
end_of_record
TN:
SF:routes/account/profile.route.js
FNF:0
FNH:0
DA:2,3
DA:3,3
DA:8,3
DA:9,3
DA:11,3
DA:12,3
DA:14,3
DA:15,3
DA:17,3
DA:18,3
DA:25,3
DA:88,3
DA:151,3
DA:214,3
DA:277,3
LF:15
LH:15
BRF:0
BRH:0
end_of_record
TN:
SF:routes/account/userRole.route.js
FN:186,(anonymous_0)
FN:242,(anonymous_1)
FN:399,(anonymous_2)
FN:492,(anonymous_3)
FN:625,(anonymous_4)
FN:684,(anonymous_5)
FNF:6
FNH:0
FNDA:0,(anonymous_0)
FNDA:0,(anonymous_1)
FNDA:0,(anonymous_2)
FNDA:0,(anonymous_3)
FNDA:0,(anonymous_4)
FNDA:0,(anonymous_5)
DA:1,3
DA:2,3
DA:6,3
DA:7,3
DA:8,3
DA:10,3
DA:11,3
DA:13,3
DA:14,3
DA:16,3
DA:17,3
DA:19,3
DA:21,3
DA:25,3
DA:27,3
DA:141,3
DA:186,0
DA:223,3
DA:242,0
DA:327,3
DA:399,0
DA:448,3
DA:492,0
DA:548,3
DA:625,0
DA:629,3
DA:684,0
DA:689,3
LF:28
LH:22
BRF:0
BRH:0
end_of_record
TN:
SF:routes/employee/employee.route.js
FN:36,(anonymous_0)
FN:43,(anonymous_1)
FN:49,(anonymous_2)
FN:56,(anonymous_3)
FNF:4
FNH:0
FNDA:0,(anonymous_0)
FNDA:0,(anonymous_1)
FNDA:0,(anonymous_2)
FNDA:0,(anonymous_3)
DA:2,3
DA:3,3
DA:6,3
DA:10,3
DA:11,3
DA:12,3
DA:14,3
DA:15,3
DA:17,3
DA:18,3
DA:24,3
DA:25,3
DA:28,3
DA:29,3
DA:30,3
DA:32,3
DA:34,3
DA:36,0
DA:41,3
DA:43,0
DA:47,3
DA:49,0
DA:54,3
DA:56,0
DA:68,3
LF:25
LH:21
BRF:0
BRH:0
end_of_record
TN:
SF:routes/employee/index.js
FNF:0
FNH:0
DA:1,3
DA:2,3
DA:3,3
DA:6,3
DA:8,3
DA:9,3
DA:12,3
LF:7
LH:7
BRF:0
BRH:0
end_of_record
TN:
SF:routes/employee/user.route.js
FN:33,(anonymous_0)
FN:40,(anonymous_1)
FN:47,(anonymous_2)
FN:53,(anonymous_3)
FN:59,(anonymous_4)
FN:65,(anonymous_5)
FNF:6
FNH:0
FNDA:0,(anonymous_0)
FNDA:0,(anonymous_1)
FNDA:0,(anonymous_2)
FNDA:0,(anonymous_3)
FNDA:0,(anonymous_4)
FNDA:0,(anonymous_5)
DA:2,3
DA:3,3
DA:6,3
DA:9,3
DA:10,3
DA:12,3
DA:13,3
DA:15,3
DA:17,3
DA:18,3
DA:19,3
DA:22,3
DA:23,3
DA:26,3
DA:27,3
DA:29,3
DA:31,3
DA:33,0
DA:38,3
DA:40,0
DA:45,3
DA:47,0
DA:51,3
DA:53,0
DA:57,3
DA:59,0
DA:63,3
DA:65,0
DA:69,3
LF:29
LH:23
BRF:0
BRH:0
end_of_record
TN:
SF:security/decryptRequest.security.js
FN:2,(anonymous_0)
FNF:1
FNH:0
FNDA:0,(anonymous_0)
DA:2,3
DA:4,0
DA:7,3
LF:3
LH:2
BRF:0
BRH:0
end_of_record
TN:
SF:security/newDecryptRequest.security.js
FN:3,(anonymous_0)
FNF:1
FNH:0
FNDA:0,(anonymous_0)
DA:1,3
DA:3,3
DA:4,0
DA:5,0
DA:6,0
DA:8,0
DA:9,0
DA:14,3
LF:8
LH:3
BRF:0
BRH:0
end_of_record
TN:
SF:security/rsa.key.security.js
FN:3,encryptKey
FN:10,decryptKey
FNF:2
FNH:0
FNDA:0,encryptKey
FNDA:0,decryptKey
DA:1,3
DA:4,0
DA:5,0
DA:6,0
DA:7,0
DA:11,0
DA:12,0
DA:13,0
DA:14,0
DA:17,3
LF:10
LH:2
BRF:0
BRH:0
end_of_record
TN:
SF:security/rsa.keys.security.js
FN:5,encryptKeys
FN:9,decryptKeys
FN:31,encryptPassword
FN:47,decryptPassword
FN:64,oldEncryptKey
FN:72,oldDecryptKey
FN:83,encryptKey
FN:114,decryptKey
FN:137,encryptData
FN:140,decryptData
FN:143,zoomEncryptData
FN:146,zoomDecryptData
FNF:12
FNH:0
FNDA:0,encryptKeys
FNDA:0,decryptKeys
FNDA:0,encryptPassword
FNDA:0,decryptPassword
FNDA:0,oldEncryptKey
FNDA:0,oldDecryptKey
FNDA:0,encryptKey
FNDA:0,decryptKey
FNDA:0,encryptData
FNDA:0,decryptData
FNDA:0,zoomEncryptData
FNDA:0,zoomDecryptData
DA:6,0
DA:10,0
DA:32,0
DA:33,0
DA:37,0
DA:39,0
DA:41,0
DA:42,0
DA:44,0
DA:48,0
DA:49,0
DA:54,0
DA:56,0
DA:58,0
DA:59,0
DA:61,0
DA:65,0
DA:66,0
DA:67,0
DA:68,0
DA:69,0
DA:74,0
DA:76,0
DA:77,0
DA:78,0
DA:79,0
DA:80,0
DA:84,0
DA:88,0
DA:94,0
DA:97,0
DA:100,0
DA:103,0
DA:107,0
DA:110,0
DA:115,0
DA:117,0
DA:118,0
DA:119,0
DA:124,0
DA:127,0
DA:129,0
DA:130,0
DA:132,0
DA:138,0
DA:141,0
DA:144,0
DA:147,0
DA:150,3
LF:49
LH:1
BRF:0
BRH:0
end_of_record
TN:
SF:services/rollBack.service.js
FN:2,(anonymous_0)
FN:7,(anonymous_1)
FN:15,(anonymous_2)
FN:26,(anonymous_3)
FNF:4
FNH:1
FNDA:3,(anonymous_0)
FNDA:0,(anonymous_1)
FNDA:0,(anonymous_2)
FNDA:0,(anonymous_3)
DA:3,3
DA:8,0
DA:9,0
DA:11,0
DA:16,0
DA:17,0
DA:18,0
DA:20,0
DA:27,0
DA:31,3
LF:10
LH:2
BRDA:8,0,0,0
BRDA:8,0,1,0
BRF:2
BRH:0
end_of_record
TN:
SF:templates/EmailVerificationOTP.template.js
FN:1,(anonymous_0)
FNF:1
FNH:0
FNDA:0,(anonymous_0)
DA:1,3
DA:2,0
DA:45,0
DA:48,3
LF:4
LH:2
BRF:0
BRH:0
end_of_record
TN:
SF:templates/resetPassword.template.js
FN:1,(anonymous_0)
FNF:1
FNH:0
FNDA:0,(anonymous_0)
DA:1,3
DA:2,0
DA:45,0
DA:49,3
LF:4
LH:2
BRF:0
BRH:0
end_of_record
TN:
SF:utils/connections/database/connectDB.js
FN:4,(anonymous_0)
FN:32,(anonymous_1)
FN:36,(anonymous_2)
FN:49,(anonymous_3)
FN:56,(anonymous_4)
FNF:5
FNH:3
FNDA:6,(anonymous_0)
FNDA:3,(anonymous_1)
FNDA:0,(anonymous_2)
FNDA:6,(anonymous_3)
FNDA:0,(anonymous_4)
DA:2,3
DA:4,3
DA:6,6
DA:7,3
DA:8,3
DA:12,3
DA:13,0
DA:16,3
DA:18,3
DA:20,3
DA:29,3
DA:32,3
DA:33,3
DA:36,3
DA:37,0
DA:40,3
DA:43,0
DA:44,0
DA:49,3
DA:50,6
DA:51,3
DA:52,3
DA:56,3
DA:57,0
DA:58,0
DA:60,0
DA:64,3
LF:27
LH:20
BRDA:6,0,0,3
BRDA:6,0,1,3
BRDA:12,1,0,0
BRDA:12,1,1,3
BRDA:50,2,0,3
BRDA:50,2,1,3
BRF:6
BRH:5
end_of_record
TN:
SF:utils/connections/jwt/getToken.jwt.js
FN:1,(anonymous_0)
FNF:1
FNH:1
FNDA:28,(anonymous_0)
DA:1,3
DA:2,28
DA:3,28
DA:5,28
DA:8,3
LF:5
LH:5
BRDA:3,0,0,28
BRDA:3,0,1,11
BRF:2
BRH:2
end_of_record
TN:
SF:utils/connections/mail/getTransporter.js
FN:6,(anonymous_0)
FN:30,(anonymous_1)
FN:42,resetTransporterTimer
FN:44,(anonymous_3)
FNF:4
FNH:0
FNDA:0,(anonymous_0)
FNDA:0,(anonymous_1)
FNDA:0,resetTransporterTimer
FNDA:0,(anonymous_3)
DA:2,3
DA:3,3
DA:4,3
DA:5,3
DA:6,3
DA:7,0
DA:8,0
DA:9,0
DA:12,0
DA:13,0
DA:29,0
DA:30,0
DA:31,0
DA:32,0
DA:33,0
DA:34,0
DA:37,0
DA:39,0
DA:43,0
DA:44,0
DA:45,0
DA:46,0
DA:47,0
DA:48,0
DA:52,3
LF:25
LH:6
BRDA:7,0,0,0
BRDA:7,0,1,0
BRDA:12,1,0,0
BRDA:12,1,1,0
BRDA:22,2,0,0
BRDA:22,2,1,0
BRDA:23,3,0,0
BRDA:23,3,1,0
BRDA:43,4,0,0
BRDA:43,4,1,0
BRDA:45,5,0,0
BRDA:45,5,1,0
BRF:12
BRH:0
end_of_record
TN:
SF:utils/connections/redis/redisClient.js
FN:7,(anonymous_0)
FN:11,(anonymous_1)
FN:15,(anonymous_2)
FN:19,getFromCache
FN:32,setInCache
FN:49,deleteFromCache
FNF:6
FNH:1
FNDA:0,(anonymous_0)
FNDA:3,(anonymous_1)
FNDA:0,(anonymous_2)
FNDA:0,getFromCache
FNDA:0,setInCache
FNDA:0,deleteFromCache
DA:1,3
DA:3,3
DA:7,3
DA:8,0
DA:11,3
DA:12,3
DA:15,3
DA:16,0
DA:20,0
DA:21,0
DA:22,0
DA:24,0
DA:25,0
DA:27,0
DA:28,0
DA:33,0
DA:34,0
DA:35,0
DA:37,0
DA:38,0
DA:40,0
DA:42,0
DA:44,0
DA:45,0
DA:50,0
DA:51,0
DA:52,0
DA:55,0
DA:57,0
DA:59,0
DA:60,0
DA:65,3
LF:32
LH:7
BRDA:21,0,0,0
BRDA:21,0,1,0
BRDA:34,1,0,0
BRDA:34,1,1,0
BRDA:37,2,0,0
BRDA:37,2,1,0
BRDA:51,3,0,0
BRDA:51,3,1,0
BRF:8
BRH:0
end_of_record
TN:
SF:utils/connections/storage/connect.storage.js
FNF:0
FNH:0
DA:1,3
DA:3,3
DA:13,3
LF:3
LH:3
BRF:0
BRH:0
end_of_record
TN:
SF:utils/connections/storage/upload.storage.js
FN:9,sanitizeFormData
FN:26,(anonymous_1)
FN:33,(anonymous_2)
FN:34,(anonymous_3)
FN:35,(anonymous_4)
FN:100,(anonymous_5)
FN:123,(anonymous_6)
FN:167,(anonymous_7)
FN:186,(anonymous_8)
FNF:9
FNH:0
FNDA:0,sanitizeFormData
FNDA:0,(anonymous_1)
FNDA:0,(anonymous_2)
FNDA:0,(anonymous_3)
FNDA:0,(anonymous_4)
FNDA:0,(anonymous_5)
FNDA:0,(anonymous_6)
FNDA:0,(anonymous_7)
FNDA:0,(anonymous_8)
DA:2,3
DA:3,3
DA:4,3
DA:5,3
DA:6,3
DA:10,0
DA:11,0
DA:12,0
DA:13,0
DA:16,0
DA:17,0
DA:20,0
DA:23,0
DA:26,3
DA:27,0
DA:28,0
DA:29,0
DA:31,0
DA:33,0
DA:34,0
DA:35,0
DA:36,0
DA:37,0
DA:39,0
DA:45,0
DA:47,0
DA:48,0
DA:50,0
DA:51,0
DA:53,0
DA:71,0
DA:72,0
DA:85,0
DA:100,0
DA:118,0
DA:119,0
DA:120,0
DA:123,0
DA:124,0
DA:125,0
DA:128,0
DA:129,0
DA:141,0
DA:142,0
DA:155,0
DA:157,0
DA:165,0
DA:167,0
DA:168,0
DA:181,0
DA:185,0
DA:187,0
DA:201,0
DA:202,0
DA:214,0
DA:217,0
DA:221,0
DA:235,3
LF:58
LH:7
BRDA:12,0,0,0
BRDA:12,0,1,0
BRDA:16,1,0,0
BRDA:16,1,1,0
BRDA:16,2,0,0
BRDA:16,2,1,0
BRDA:26,3,0,0
BRDA:36,4,0,0
BRDA:36,4,1,0
BRDA:48,5,0,0
BRDA:48,5,1,0
BRDA:50,6,0,0
BRDA:50,6,1,0
BRDA:53,7,0,0
BRDA:53,7,1,0
BRDA:71,8,0,0
BRDA:71,8,1,0
BRDA:118,9,0,0
BRDA:118,9,1,0
BRDA:123,10,0,0
BRDA:123,10,1,0
BRDA:128,11,0,0
BRDA:128,11,1,0
BRDA:128,12,0,0
BRDA:128,12,1,0
BRDA:141,13,0,0
BRDA:141,13,1,0
BRDA:201,14,0,0
BRDA:201,14,1,0
BRF:29
BRH:0
end_of_record
TN:
SF:utils/helpers/statusCodes.helper.js
FNF:0
FNH:0
DA:1,3
DA:22,3
LF:2
LH:2
BRF:0
BRH:0
end_of_record
TN:
SF:utils/helpers/account/AddUserTypeDetails.js
FN:3,(anonymous_0)
FNF:1
FNH:0
FNDA:0,(anonymous_0)
DA:1,3
DA:3,3
DA:4,0
DA:5,0
DA:8,0
DA:9,0
DA:10,0
DA:14,0
DA:15,0
DA:19,0
DA:22,0
DA:23,0
DA:27,0
DA:28,0
DA:33,0
DA:36,3
LF:16
LH:3
BRDA:8,0,0,0
BRDA:8,0,1,0
BRDA:14,1,0,0
BRDA:14,1,1,0
BRDA:22,2,0,0
BRDA:22,2,1,0
BRDA:27,3,0,0
BRDA:27,3,1,0
BRF:8
BRH:0
end_of_record
TN:
SF:utils/helpers/account/CompileAPIActions.js
FN:1,(anonymous_0)
FN:2,(anonymous_1)
FN:42,(anonymous_2)
FN:43,(anonymous_3)
FN:44,(anonymous_4)
FN:48,(anonymous_5)
FN:53,(anonymous_6)
FNF:7
FNH:0
FNDA:0,(anonymous_0)
FNDA:0,(anonymous_1)
FNDA:0,(anonymous_2)
FNDA:0,(anonymous_3)
FNDA:0,(anonymous_4)
FNDA:0,(anonymous_5)
FNDA:0,(anonymous_6)
DA:1,3
DA:2,0
DA:3,0
DA:4,0
DA:5,0
DA:7,0
DA:8,0
DA:9,0
DA:11,0
DA:12,0
DA:13,0
DA:14,0
DA:16,0
DA:17,0
DA:24,0
DA:25,0
DA:32,0
DA:38,0
DA:42,0
DA:43,0
DA:44,0
DA:48,0
DA:49,0
DA:50,0
DA:53,0
DA:55,0
DA:58,3
LF:27
LH:2
BRDA:16,0,0,0
BRDA:16,0,1,0
BRDA:24,1,0,0
BRDA:24,1,1,0
BRF:4
BRH:0
end_of_record
TN:
SF:utils/helpers/account/CompileActions.js
FN:1,(anonymous_0)
FN:2,(anonymous_1)
FN:51,(anonymous_2)
FN:54,(anonymous_3)
FN:55,(anonymous_4)
FN:57,(anonymous_5)
FN:58,(anonymous_6)
FN:63,(anonymous_7)
FN:67,(anonymous_8)
FN:71,(anonymous_9)
FN:80,(anonymous_10)
FNF:11
FNH:0
FNDA:0,(anonymous_0)
FNDA:0,(anonymous_1)
FNDA:0,(anonymous_2)
FNDA:0,(anonymous_3)
FNDA:0,(anonymous_4)
FNDA:0,(anonymous_5)
FNDA:0,(anonymous_6)
FNDA:0,(anonymous_7)
FNDA:0,(anonymous_8)
FNDA:0,(anonymous_9)
FNDA:0,(anonymous_10)
DA:1,3
DA:2,0
DA:3,0
DA:5,0
DA:6,0
DA:7,0
DA:8,0
DA:10,0
DA:11,0
DA:12,0
DA:13,0
DA:15,0
DA:16,0
DA:17,0
DA:18,0
DA:20,0
DA:21,0
DA:30,0
DA:31,0
DA:40,0
DA:47,0
DA:51,0
DA:54,0
DA:55,0
DA:57,0
DA:58,0
DA:63,0
DA:67,0
DA:71,0
DA:80,0
DA:82,0
DA:85,3
LF:32
LH:2
BRDA:5,0,0,0
BRDA:5,0,1,0
BRDA:6,1,0,0
BRDA:6,1,1,0
BRDA:7,2,0,0
BRDA:7,2,1,0
BRDA:8,3,0,0
BRDA:8,3,1,0
BRDA:10,4,0,0
BRDA:10,4,1,0
BRDA:11,5,0,0
BRDA:11,5,1,0
BRDA:12,6,0,0
BRDA:12,6,1,0
BRDA:13,7,0,0
BRDA:13,7,1,0
BRDA:15,8,0,0
BRDA:15,8,1,0
BRDA:16,9,0,0
BRDA:16,9,1,0
BRDA:17,10,0,0
BRDA:17,10,1,0
BRDA:18,11,0,0
BRDA:18,11,1,0
BRDA:20,12,0,0
BRDA:20,12,1,0
BRDA:30,13,0,0
BRDA:30,13,1,0
BRF:28
BRH:0
end_of_record
TN:
SF:utils/helpers/account/OTPExpiryValidation.js
FN:1,(anonymous_0)
FNF:1
FNH:0
FNDA:0,(anonymous_0)
DA:1,3
DA:2,0
DA:3,0
DA:4,0
DA:6,0
DA:8,0
DA:10,0
DA:11,0
DA:16,0
DA:23,0
DA:30,3
LF:11
LH:2
BRDA:2,0,0,0
BRDA:2,0,1,0
BRDA:10,1,0,0
BRDA:10,1,1,0
BRF:4
BRH:0
end_of_record
TN:
SF:utils/helpers/account/generateCode.js
FN:1,(anonymous_0)
FNF:1
FNH:0
FNDA:0,(anonymous_0)
DA:1,3
DA:2,0
DA:3,0
DA:4,0
DA:7,3
LF:5
LH:2
BRF:0
BRH:0
end_of_record
TN:
SF:utils/helpers/email/checkEmailLimit.js
FN:5,(anonymous_0)
FNF:1
FNH:0
FNDA:0,(anonymous_0)
DA:1,3
DA:3,3
DA:5,3
DA:6,0
DA:7,0
DA:8,0
DA:9,0
DA:10,0
DA:12,0
DA:13,0
DA:19,0
DA:21,0
DA:27,0
DA:28,0
DA:30,0
DA:32,0
DA:33,0
DA:34,0
DA:35,0
DA:37,0
DA:43,0
DA:44,0
DA:50,0
DA:51,0
DA:53,0
DA:59,0
DA:67,0
DA:72,3
LF:28
LH:4
BRDA:9,0,0,0
BRDA:9,0,1,0
BRDA:12,1,0,0
BRDA:12,1,1,0
BRDA:32,2,0,0
BRDA:32,2,1,0
BRDA:43,3,0,0
BRDA:43,3,1,0
BRF:8
BRH:0
end_of_record
TN:
SF:utils/helpers/errorFormat/errorFormatter.js
FN:1,(anonymous_0)
FN:8,(anonymous_1)
FNF:2
FNH:0
FNDA:0,(anonymous_0)
FNDA:0,(anonymous_1)
DA:1,3
DA:8,3
DA:16,3
LF:3
LH:3
BRF:0
BRH:0
end_of_record
TN:
SF:utils/helpers/organization/generatePassword.js
FN:3,(anonymous_0)
FN:14,(anonymous_1)
FN:40,(anonymous_2)
FNF:3
FNH:0
FNDA:0,(anonymous_0)
FNDA:0,(anonymous_1)
FNDA:0,(anonymous_2)
DA:1,3
DA:3,3
DA:4,0
DA:6,0
DA:7,0
DA:10,0
DA:14,3
DA:16,0
DA:17,0
DA:18,0
DA:19,0
DA:22,0
DA:23,0
DA:24,0
DA:25,0
DA:28,0
DA:31,0
DA:32,0
DA:33,0
DA:34,0
DA:38,0
DA:39,0
DA:40,0
DA:43,0
DA:45,0
DA:48,3
LF:26
LH:4
BRDA:6,0,0,0
BRDA:6,0,1,0
BRF:2
BRH:0
end_of_record
TN:
SF:utils/middleware/actionMiddleware.js
FN:3,(anonymous_0)
FN:7,(anonymous_1)
FN:9,(anonymous_2)
FN:13,(anonymous_3)
FNF:4
FNH:0
FNDA:0,(anonymous_0)
FNDA:0,(anonymous_1)
FNDA:0,(anonymous_2)
FNDA:0,(anonymous_3)
DA:1,3
DA:3,3
DA:4,0
DA:6,0
DA:7,0
DA:8,0
DA:9,0
DA:13,0
DA:16,0
DA:17,0
DA:20,0
DA:34,3
LF:12
LH:3
BRDA:6,0,0,0
BRDA:6,0,1,0
BRDA:7,1,0,0
BRDA:7,1,1,0
BRDA:7,1,2,0
BRDA:8,2,0,0
BRDA:8,2,1,0
BRDA:16,3,0,0
BRDA:16,3,1,0
BRF:9
BRH:0
end_of_record
TN:
SF:utils/middleware/clientInfo.middleware.js
FN:1,clientInfoMiddleware
FNF:1
FNH:1
FNDA:36,clientInfoMiddleware
DA:1,3
DA:2,36
DA:3,36
DA:9,36
DA:17,36
DA:18,36
DA:23,36
DA:24,36
DA:29,36
DA:30,36
DA:31,36
DA:32,36
DA:33,36
DA:34,36
DA:39,36
DA:40,36
DA:41,36
DA:42,36
DA:43,36
DA:48,36
DA:55,36
DA:71,36
LF:22
LH:22
BRDA:3,0,0,36
BRDA:3,0,1,36
BRDA:9,1,0,36
BRDA:9,1,1,36
BRDA:9,1,2,36
BRDA:9,1,3,0
BRDA:17,2,0,36
BRDA:17,2,1,36
BRDA:18,3,0,36
BRDA:18,3,1,36
BRDA:24,4,0,0
BRDA:24,4,1,36
BRDA:30,5,0,0
BRDA:30,5,1,36
BRDA:31,6,0,0
BRDA:31,6,1,36
BRDA:32,7,0,0
BRDA:32,7,1,36
BRDA:33,8,0,0
BRDA:33,8,1,36
BRDA:34,9,0,0
BRDA:34,9,1,36
BRDA:40,10,0,0
BRDA:40,10,1,36
BRDA:41,11,0,0
BRDA:41,11,1,36
BRDA:42,12,0,0
BRDA:42,12,1,36
BRDA:43,13,0,0
BRDA:43,13,1,36
BRDA:48,14,0,0
BRDA:48,14,1,36
BRDA:62,15,0,36
BRDA:62,15,1,36
BRDA:63,16,0,36
BRDA:63,16,1,36
BRF:36
BRH:24
end_of_record
TN:
SF:utils/middleware/errorHandler.middleware.js
FN:3,(anonymous_0)
FN:18,(anonymous_1)
FNF:2
FNH:0
FNDA:0,(anonymous_0)
FNDA:0,(anonymous_1)
DA:1,3
DA:3,3
DA:5,0
DA:7,0
DA:17,0
DA:18,0
DA:19,0
DA:26,0
DA:27,0
DA:28,0
DA:29,0
DA:37,0
DA:38,0
DA:43,0
DA:44,0
DA:54,0
DA:55,0
DA:65,0
DA:66,0
DA:76,0
DA:77,0
DA:87,0
DA:88,0
DA:95,0
DA:96,0
DA:106,0
DA:113,3
LF:27
LH:3
BRDA:17,0,0,0
BRDA:17,0,1,0
BRDA:26,1,0,0
BRDA:26,1,1,0
BRDA:37,2,0,0
BRDA:37,2,1,0
BRDA:43,3,0,0
BRDA:43,3,1,0
BRDA:54,4,0,0
BRDA:54,4,1,0
BRDA:65,5,0,0
BRDA:65,5,1,0
BRDA:76,6,0,0
BRDA:76,6,1,0
BRDA:87,7,0,0
BRDA:87,7,1,0
BRDA:95,8,0,0
BRDA:95,8,1,0
BRDA:107,9,0,0
BRDA:107,9,1,0
BRDA:109,10,0,0
BRDA:109,10,1,0
BRF:22
BRH:0
end_of_record
TN:
SF:utils/middleware/middleware.js
FN:16,(anonymous_0)
FNF:1
FNH:1
FNDA:28,(anonymous_0)
DA:1,3
DA:3,3
DA:4,3
DA:6,3
DA:7,3
DA:9,3
DA:10,3
DA:12,3
DA:13,3
DA:16,3
DA:17,28
DA:19,28
DA:20,28
DA:21,28
DA:22,17
DA:34,11
DA:36,0
DA:38,0
DA:39,0
DA:41,0
DA:46,0
DA:47,0
DA:61,0
DA:62,0
DA:64,0
DA:66,0
DA:75,0
DA:76,0
DA:89,0
DA:90,0
DA:91,0
DA:95,0
DA:96,0
DA:110,0
DA:111,0
DA:112,0
DA:115,11
DA:129,3
LF:38
LH:18
BRDA:17,0,0,28
BRDA:17,0,1,28
BRDA:21,1,0,17
BRDA:21,1,1,11
BRDA:46,2,0,0
BRDA:46,2,1,0
BRDA:46,3,0,0
BRDA:46,3,1,0
BRDA:46,3,2,0
BRDA:61,4,0,0
BRDA:61,4,1,0
BRDA:75,5,0,0
BRDA:75,5,1,0
BRDA:89,6,0,0
BRDA:89,6,1,0
BRDA:95,7,0,0
BRDA:95,7,1,0
BRF:17
BRH:4
end_of_record
TN:
SF:utils/middleware/requestMetrics.js
FN:1,requestMetrics
FN:5,(anonymous_1)
FNF:2
FNH:2
FNDA:36,requestMetrics
FNDA:36,(anonymous_1)
DA:1,3
DA:2,36
DA:3,36
DA:4,36
DA:5,36
DA:7,36
DA:8,36
DA:11,36
DA:12,36
DA:13,36
DA:14,36
DA:17,36
DA:18,36
DA:19,36
DA:23,36
LF:15
LH:15
BRF:0
BRH:0
end_of_record
TN:
SF:validators/account/authentication/login.validator.js
FN:4,(anonymous_0)
FNF:1
FNH:1
FNDA:8,(anonymous_0)
DA:1,3
DA:2,3
DA:4,3
DA:5,8
DA:6,1
DA:19,7
DA:20,0
DA:33,0
DA:34,0
DA:47,0
DA:50,3
LF:11
LH:7
BRDA:5,0,0,1
BRDA:5,0,1,7
BRDA:19,1,0,0
BRDA:19,1,1,0
BRDA:33,2,0,0
BRDA:33,2,1,0
BRF:6
BRH:2
end_of_record
TN:
SF:validators/account/user/userChangePassword.validator.js
FN:4,(anonymous_0)
FNF:1
FNH:0
FNDA:0,(anonymous_0)
DA:1,3
DA:2,3
DA:4,3
DA:5,0
DA:7,0
DA:8,0
DA:14,0
DA:15,0
DA:20,0
DA:21,0
DA:26,0
DA:27,0
DA:43,0
DA:44,0
DA:52,0
DA:56,3
LF:16
LH:4
BRDA:7,0,0,0
BRDA:7,0,1,0
BRDA:14,1,0,0
BRDA:14,1,1,0
BRDA:20,2,0,0
BRDA:20,2,1,0
BRDA:26,3,0,0
BRDA:26,3,1,0
BRDA:43,4,0,0
BRDA:43,4,1,0
BRF:10
BRH:0
end_of_record
TN:
SF:validators/account/user/userSendOTPVerifyEmail.validator.js
FN:4,(anonymous_0)
FNF:1
FNH:0
FNDA:0,(anonymous_0)
DA:1,3
DA:2,3
DA:4,3
DA:5,0
DA:7,0
DA:8,0
DA:13,0
DA:14,0
DA:20,0
DA:21,0
DA:29,0
DA:33,3
LF:12
LH:4
BRDA:7,0,0,0
BRDA:7,0,1,0
BRDA:13,1,0,0
BRDA:13,1,1,0
BRDA:20,2,0,0
BRDA:20,2,1,0
BRF:6
BRH:0
end_of_record
TN:
SF:validators/account/user/userUpdateProfile.validator.js
FN:6,(anonymous_0)
FNF:1
FNH:0
FNDA:0,(anonymous_0)
DA:1,3
DA:2,3
DA:3,3
DA:4,3
DA:6,3
DA:7,0
DA:9,0
DA:10,0
DA:16,0
DA:17,0
DA:23,0
DA:24,0
DA:29,0
DA:30,0
DA:36,0
DA:37,0
DA:42,0
DA:43,0
DA:49,0
DA:50,0
DA:58,0
DA:62,3
LF:22
LH:6
BRDA:9,0,0,0
BRDA:9,0,1,0
BRDA:16,1,0,0
BRDA:16,1,1,0
BRDA:23,2,0,0
BRDA:23,2,1,0
BRDA:29,3,0,0
BRDA:29,3,1,0
BRDA:36,4,0,0
BRDA:36,4,1,0
BRDA:42,5,0,0
BRDA:42,5,1,0
BRDA:49,6,0,0
BRDA:49,6,1,0
BRF:14
BRH:0
end_of_record
TN:
SF:validators/account/user/userVerifyEmail.validator.js
FN:5,(anonymous_0)
FNF:1
FNH:0
FNDA:0,(anonymous_0)
DA:1,3
DA:2,3
DA:3,3
DA:5,3
DA:6,0
DA:8,0
DA:9,0
DA:14,0
DA:15,0
DA:21,0
DA:22,0
DA:27,0
DA:28,0
DA:34,0
DA:35,0
DA:43,0
DA:47,3
LF:17
LH:5
BRDA:8,0,0,0
BRDA:8,0,1,0
BRDA:14,1,0,0
BRDA:14,1,1,0
BRDA:21,2,0,0
BRDA:21,2,1,0
BRDA:27,3,0,0
BRDA:27,3,1,0
BRDA:34,4,0,0
BRDA:34,4,1,0
BRF:10
BRH:0
end_of_record
TN:
SF:validators/account/userRole/createUserRole.validator.js
FN:4,(anonymous_0)
FNF:1
FNH:0
FNDA:0,(anonymous_0)
DA:1,3
DA:2,3
DA:4,3
DA:6,0
DA:7,0
DA:9,0
DA:10,0
DA:16,0
DA:17,0
DA:23,0
DA:24,0
DA:29,0
DA:30,0
DA:36,0
DA:37,0
DA:45,0
DA:48,3
LF:17
LH:4
BRDA:9,0,0,0
BRDA:9,0,1,0
BRDA:16,1,0,0
BRDA:16,1,1,0
BRDA:23,2,0,0
BRDA:23,2,1,0
BRDA:29,3,0,0
BRDA:29,3,1,0
BRDA:36,4,0,0
BRDA:36,4,1,0
BRF:10
BRH:0
end_of_record
TN:
SF:validators/account/userRole/editUserRole.validator.js
FN:5,(anonymous_0)
FNF:1
FNH:0
FNDA:0,(anonymous_0)
DA:2,3
DA:3,3
DA:5,3
DA:7,0
DA:11,0
DA:12,0
DA:13,0
DA:19,0
DA:20,0
DA:26,0
DA:27,0
DA:32,0
DA:33,0
DA:39,0
DA:40,0
DA:48,0
DA:51,3
LF:17
LH:4
BRDA:12,0,0,0
BRDA:12,0,1,0
BRDA:19,1,0,0
BRDA:19,1,1,0
BRDA:26,2,0,0
BRDA:26,2,1,0
BRDA:32,3,0,0
BRDA:32,3,1,0
BRDA:39,4,0,0
BRDA:39,4,1,0
BRF:10
BRH:0
end_of_record
TN:
SF:validators/account/userRole/getUserRole.validator.js
FN:3,(anonymous_0)
FNF:1
FNH:0
FNDA:0,(anonymous_0)
DA:1,3
DA:3,3
DA:4,0
DA:5,0
DA:18,0
DA:21,3
LF:6
LH:3
BRDA:4,0,0,0
BRDA:4,0,1,0
BRF:2
BRH:0
end_of_record
TN:
SF:validators/account/userRole/userRoleStatusToggle.validator.js
FN:4,(anonymous_0)
FNF:1
FNH:0
FNDA:0,(anonymous_0)
DA:2,3
DA:4,3
DA:5,0
DA:6,0
DA:8,0
DA:9,0
DA:15,0
DA:16,0
DA:22,0
DA:23,0
DA:31,0
DA:35,3
LF:12
LH:3
BRDA:8,0,0,0
BRDA:8,0,1,0
BRDA:15,1,0,0
BRDA:15,1,1,0
BRDA:22,2,0,0
BRDA:22,2,1,0
BRF:6
BRH:0
end_of_record
TN:
SF:validators/employee/employee/createEmployee.validator.js
FN:7,(anonymous_0)
FNF:1
FNH:0
FNDA:0,(anonymous_0)
DA:1,3
DA:2,3
DA:3,3
DA:4,3
DA:5,3
DA:7,3
DA:8,0
DA:12,0
DA:13,0
DA:19,0
DA:20,0
DA:26,0
DA:27,0
DA:32,0
DA:33,0
DA:39,0
DA:40,0
DA:45,0
DA:46,0
DA:52,0
DA:53,0
DA:58,0
DA:59,0
DA:64,0
DA:65,0
DA:77,0
DA:78,0
DA:118,0
DA:119,0
DA:127,0
DA:131,3
LF:31
LH:7
BRDA:12,0,0,0
BRDA:12,0,1,0
BRDA:19,1,0,0
BRDA:19,1,1,0
BRDA:26,2,0,0
BRDA:26,2,1,0
BRDA:32,3,0,0
BRDA:32,3,1,0
BRDA:39,4,0,0
BRDA:39,4,1,0
BRDA:45,5,0,0
BRDA:45,5,1,0
BRDA:52,6,0,0
BRDA:52,6,1,0
BRDA:58,7,0,0
BRDA:58,7,1,0
BRDA:64,8,0,0
BRDA:64,8,1,0
BRDA:77,9,0,0
BRDA:77,9,1,0
BRDA:118,10,0,0
BRDA:118,10,1,0
BRF:22
BRH:0
end_of_record
TN:
SF:validators/employee/employee/editEmployee.validator.js
FN:5,(anonymous_0)
FNF:1
FNH:0
FNDA:0,(anonymous_0)
DA:1,3
DA:2,3
DA:3,3
DA:5,3
DA:6,0
DA:7,0
DA:9,0
DA:10,0
DA:16,0
DA:17,0
DA:23,0
DA:24,0
DA:29,0
DA:30,0
DA:36,0
DA:37,0
DA:42,0
DA:43,0
DA:49,0
DA:50,0
DA:56,0
DA:57,0
DA:65,0
DA:69,3
LF:24
LH:5
BRDA:9,0,0,0
BRDA:9,0,1,0
BRDA:16,1,0,0
BRDA:16,1,1,0
BRDA:23,2,0,0
BRDA:23,2,1,0
BRDA:29,3,0,0
BRDA:29,3,1,0
BRDA:36,4,0,0
BRDA:36,4,1,0
BRDA:42,5,0,0
BRDA:42,5,1,0
BRDA:49,6,0,0
BRDA:49,6,1,0
BRDA:49,7,0,0
BRDA:49,7,1,0
BRDA:56,8,0,0
BRDA:56,8,1,0
BRF:18
BRH:0
end_of_record
TN:
SF:validators/employee/employee/employees.validator.js
FN:28,(anonymous_0)
FNF:1
FNH:0
FNDA:0,(anonymous_0)
DA:23,3
DA:24,3
DA:25,3
DA:26,3
DA:28,3
DA:29,0
DA:30,0
DA:32,0
DA:33,0
DA:39,0
DA:40,0
DA:46,0
DA:47,0
DA:53,0
DA:54,0
DA:60,0
DA:61,0
DA:67,0
DA:68,0
DA:76,0
DA:79,3
LF:21
LH:6
BRDA:32,0,0,0
BRDA:32,0,1,0
BRDA:39,1,0,0
BRDA:39,1,1,0
BRDA:39,2,0,0
BRDA:39,2,1,0
BRDA:46,3,0,0
BRDA:46,3,1,0
BRDA:46,4,0,0
BRDA:46,4,1,0
BRDA:53,5,0,0
BRDA:53,5,1,0
BRDA:53,6,0,0
BRDA:53,6,1,0
BRDA:60,7,0,0
BRDA:60,7,1,0
BRDA:60,8,0,0
BRDA:60,8,1,0
BRDA:67,9,0,0
BRDA:67,9,1,0
BRF:20
BRH:0
end_of_record
TN:
SF:validators/employee/user/userBlockToggle.validator.js
FN:3,(anonymous_0)
FNF:1
FNH:0
FNDA:0,(anonymous_0)
DA:1,3
DA:3,3
DA:4,0
DA:5,0
DA:7,0
DA:8,0
DA:14,0
DA:15,0
DA:21,0
DA:22,0
DA:30,0
DA:34,3
LF:12
LH:3
BRDA:7,0,0,0
BRDA:7,0,1,0
BRDA:14,1,0,0
BRDA:14,1,1,0
BRDA:21,2,0,0
BRDA:21,2,1,0
BRF:6
BRH:0
end_of_record
TN:
SF:validators/employee/user/userStatusToggle.validator.js
FN:3,(anonymous_0)
FNF:1
FNH:0
FNDA:0,(anonymous_0)
DA:1,3
DA:3,3
DA:4,0
DA:5,0
DA:7,0
DA:8,0
DA:14,0
DA:15,0
DA:21,0
DA:22,0
DA:30,0
DA:34,3
LF:12
LH:3
BRDA:7,0,0,0
BRDA:7,0,1,0
BRDA:14,1,0,0
BRDA:14,1,1,0
BRDA:21,2,0,0
BRDA:21,2,1,0
BRF:6
BRH:0
end_of_record
TN:
SF:validators/main/sanitize/sanitizeRequest.js
FN:4,(anonymous_0)
FN:32,(anonymous_1)
FNF:2
FNH:2
FNDA:36,(anonymous_0)
FNDA:67,(anonymous_1)
DA:2,3
DA:4,3
DA:5,36
DA:6,36
DA:7,64
DA:8,64
DA:13,36
DA:14,36
DA:15,3
DA:16,3
DA:21,36
DA:22,36
DA:23,0
DA:24,0
DA:29,36
DA:32,3
DA:33,67
DA:34,67
DA:35,67
DA:38,67
DA:41,3
LF:21
LH:19
BRDA:5,0,0,36
BRDA:5,0,1,0
BRDA:7,1,0,64
BRDA:7,1,1,0
BRDA:13,2,0,36
BRDA:13,2,1,0
BRDA:15,3,0,3
BRDA:15,3,1,0
BRDA:21,4,0,36
BRDA:21,4,1,0
BRDA:23,5,0,0
BRDA:23,5,1,0
BRDA:33,6,0,67
BRDA:33,6,1,0
BRF:14
BRH:6
end_of_record
TN:
SF:validators/main/sanitize/sanitizeRequestBody.js
FN:4,(anonymous_0)
FN:15,(anonymous_1)
FNF:2
FNH:0
FNDA:0,(anonymous_0)
FNDA:0,(anonymous_1)
DA:2,3
DA:4,3
DA:5,0
DA:6,0
DA:7,0
DA:8,0
DA:12,0
DA:15,3
DA:16,0
DA:17,0
DA:18,0
DA:21,0
DA:24,3
LF:13
LH:4
BRDA:5,0,0,0
BRDA:5,0,1,0
BRDA:7,1,0,0
BRDA:7,1,1,0
BRDA:16,2,0,0
BRDA:16,2,1,0
BRF:6
BRH:0
end_of_record
TN:
SF:validators/main/sanitize/sanitizeRequestParam.js
FN:4,(anonymous_0)
FN:15,(anonymous_1)
FNF:2
FNH:0
FNDA:0,(anonymous_0)
FNDA:0,(anonymous_1)
DA:2,3
DA:4,3
DA:5,0
DA:6,0
DA:7,0
DA:8,0
DA:12,0
DA:15,3
DA:16,0
DA:17,0
DA:18,0
DA:21,3
LF:12
LH:4
BRDA:5,0,0,0
BRDA:5,0,1,0
BRDA:7,1,0,0
BRDA:7,1,1,0
BRF:4
BRH:0
end_of_record
TN:
SF:validators/main/validator/isCountryCode.validator.js
FN:1,(anonymous_0)
FNF:1
FNH:0
FNDA:0,(anonymous_0)
DA:1,3
DA:2,0
DA:4,0
DA:7,3
LF:4
LH:2
BRF:0
BRH:0
end_of_record
TN:
SF:validators/main/validator/isEmail.validator.js
FN:1,(anonymous_0)
FNF:1
FNH:0
FNDA:0,(anonymous_0)
DA:1,3
DA:2,0
DA:4,0
DA:7,3
LF:4
LH:2
BRF:0
BRH:0
end_of_record
TN:
SF:validators/main/validator/isEmpty.validator.js
FN:1,(anonymous_0)
FNF:1
FNH:1
FNDA:8,(anonymous_0)
DA:1,3
DA:2,8
DA:5,3
LF:3
LH:3
BRDA:2,0,0,7
BRDA:2,0,1,1
BRDA:2,1,0,8
BRDA:2,1,1,7
BRF:4
BRH:4
end_of_record
TN:
SF:validators/main/validator/isMobileNumber.validator.js
FN:1,(anonymous_0)
FNF:1
FNH:0
FNDA:0,(anonymous_0)
DA:1,3
DA:2,0
DA:4,0
DA:7,3
LF:4
LH:2
BRF:0
BRH:0
end_of_record
TN:
SF:validators/main/validator/isNotZero.validator.js
FN:1,(anonymous_0)
FNF:1
FNH:0
FNDA:0,(anonymous_0)
DA:1,3
DA:2,0
DA:5,3
LF:3
LH:2
BRF:0
BRH:0
end_of_record
TN:
SF:validators/main/validator/isNumber.validator.js
FN:1,(anonymous_0)
FNF:1
FNH:0
FNDA:0,(anonymous_0)
DA:1,3
DA:2,0
DA:5,3
LF:3
LH:2
BRDA:2,0,0,0
BRDA:2,0,1,0
BRF:2
BRH:0
end_of_record
TN:
SF:validators/main/validator/isOTP.validator.js
FN:1,(anonymous_0)
FNF:1
FNH:0
FNDA:0,(anonymous_0)
DA:1,3
DA:2,0
DA:4,0
DA:7,3
LF:4
LH:2
BRF:0
BRH:0
end_of_record
TN:
SF:validators/main/validator/isPassword.validator.js
FN:1,(anonymous_0)
FNF:1
FNH:0
FNDA:0,(anonymous_0)
DA:1,3
DA:2,0
DA:4,0
DA:7,3
LF:4
LH:2
BRF:0
BRH:0
end_of_record
TN:
SF:validators/main/validator/isText.validator.js
FN:1,(anonymous_0)
FNF:1
FNH:0
FNDA:0,(anonymous_0)
DA:1,3
DA:2,0
DA:3,0
DA:6,3
LF:4
LH:2
BRF:0
BRH:0
end_of_record
TN:
SF:validators/main/validator/multivalidator.js
FN:12,(anonymous_0)
FN:20,(anonymous_1)
FN:35,(anonymous_2)
FN:43,(anonymous_3)
FN:65,(anonymous_4)
FN:96,(anonymous_5)
FN:144,(anonymous_6)
FN:147,(anonymous_7)
FN:148,(anonymous_8)
FN:150,(anonymous_9)
FN:164,(anonymous_10)
FN:173,(anonymous_11)
FN:177,(anonymous_12)
FN:205,(anonymous_13)
FN:215,(anonymous_14)
FNF:15
FNH:0
FNDA:0,(anonymous_0)
FNDA:0,(anonymous_1)
FNDA:0,(anonymous_2)
FNDA:0,(anonymous_3)
FNDA:0,(anonymous_4)
FNDA:0,(anonymous_5)
FNDA:0,(anonymous_6)
FNDA:0,(anonymous_7)
FNDA:0,(anonymous_8)
FNDA:0,(anonymous_9)
FNDA:0,(anonymous_10)
FNDA:0,(anonymous_11)
FNDA:0,(anonymous_12)
FNDA:0,(anonymous_13)
FNDA:0,(anonymous_14)
DA:1,3
DA:3,3
DA:12,3
DA:13,0
DA:15,0
DA:16,0
DA:17,0
DA:18,0
DA:20,0
DA:24,0
DA:35,3
DA:36,0
DA:38,0
DA:39,0
DA:40,0
DA:41,0
DA:43,0
DA:47,0
DA:65,3
DA:66,0
DA:69,0
DA:71,0
DA:72,0
DA:73,0
DA:75,0
DA:76,0
DA:77,0
DA:84,0
DA:96,3
DA:97,0
DA:99,0
DA:100,0
DA:101,0
DA:104,0
DA:144,3
DA:145,0
DA:147,0
DA:148,0
DA:150,0
DA:151,0
DA:152,0
DA:154,0
DA:155,0
DA:156,0
DA:159,0
DA:160,0
DA:164,0
DA:165,0
DA:166,0
DA:168,0
DA:169,0
DA:173,0
DA:174,0
DA:177,0
DA:178,0
DA:181,0
DA:205,3
DA:206,0
DA:208,0
DA:209,0
DA:211,0
DA:212,0
DA:213,0
DA:215,0
DA:220,0
DA:225,3
LF:66
LH:9
BRDA:16,0,0,0
BRDA:16,0,1,0
BRDA:39,1,0,0
BRDA:39,1,1,0
BRDA:39,2,0,0
BRDA:39,2,1,0
BRDA:75,3,0,0
BRDA:75,3,1,0
BRDA:75,4,0,0
BRDA:75,4,1,0
BRDA:100,5,0,0
BRDA:100,5,1,0
BRDA:144,6,0,0
BRDA:144,7,0,0
BRDA:154,8,0,0
BRDA:154,8,1,0
BRDA:154,9,0,0
BRDA:154,9,1,0
BRDA:159,10,0,0
BRDA:159,10,1,0
BRDA:168,11,0,0
BRDA:168,11,1,0
BRDA:168,12,0,0
BRDA:168,12,1,0
BRDA:209,13,0,0
BRDA:209,13,1,0
BRDA:211,14,0,0
BRDA:211,14,1,0
BRF:28
BRH:0
end_of_record
TN:
SF:validators/permission/createAction.validator.js
FN:3,(anonymous_0)
FNF:1
FNH:0
FNDA:0,(anonymous_0)
DA:1,3
DA:3,3
DA:4,0
DA:6,0
DA:8,0
DA:9,0
DA:15,0
DA:16,0
DA:22,0
DA:23,0
DA:31,0
DA:35,3
LF:12
LH:3
BRDA:8,0,0,0
BRDA:8,0,1,0
BRDA:15,1,0,0
BRDA:15,1,1,0
BRDA:15,2,0,0
BRDA:15,2,1,0
BRDA:22,3,0,0
BRDA:22,3,1,0
BRF:8
BRH:0
end_of_record
TN:
SF:validators/permission/createModule.validator.js
FN:3,(anonymous_0)
FNF:1
FNH:0
FNDA:0,(anonymous_0)
DA:1,3
DA:3,3
DA:4,0
DA:6,0
DA:8,0
DA:9,0
DA:15,0
DA:16,0
DA:17,0
DA:21,0
DA:22,0
DA:29,0
DA:30,0
DA:31,0
DA:35,0
DA:36,0
DA:44,0
DA:48,3
LF:18
LH:3
BRDA:8,0,0,0
BRDA:8,0,1,0
BRDA:15,1,0,0
BRDA:15,1,1,0
BRDA:21,2,0,0
BRDA:21,2,1,0
BRDA:29,3,0,0
BRDA:29,3,1,0
BRDA:35,4,0,0
BRDA:35,4,1,0
BRF:10
BRH:0
end_of_record
TN:
SF:validators/permission/createSubmodule.validator.js
FN:3,(anonymous_0)
FNF:1
FNH:0
FNDA:0,(anonymous_0)
DA:1,3
DA:3,3
DA:4,0
DA:6,0
DA:8,0
DA:9,0
DA:15,0
DA:16,0
DA:23,0
DA:24,0
DA:25,0
DA:28,0
DA:29,0
DA:37,0
DA:41,3
LF:15
LH:3
BRDA:8,0,0,0
BRDA:8,0,1,0
BRDA:15,1,0,0
BRDA:15,1,1,0
BRDA:23,2,0,0
BRDA:23,2,1,0
BRDA:28,3,0,0
BRDA:28,3,1,0
BRF:8
BRH:0
end_of_record
TN:
SF:validators/permission/createSubsystem.validator.js
FN:4,(anonymous_0)
FNF:1
FNH:0
FNDA:0,(anonymous_0)
DA:1,3
DA:2,3
DA:4,3
DA:5,0
DA:7,0
DA:10,0
DA:11,0
DA:13,0
DA:14,0
DA:15,0
DA:18,0
DA:19,0
DA:27,0
DA:31,3
LF:14
LH:4
BRDA:13,0,0,0
BRDA:13,0,1,0
BRDA:18,1,0,0
BRDA:18,1,1,0
BRF:4
BRH:0
end_of_record
TN:
SF:validators/permission/updateModule.validator.js
FN:3,(anonymous_0)
FNF:1
FNH:0
FNDA:0,(anonymous_0)
DA:1,3
DA:3,3
DA:4,0
DA:6,0
DA:8,0
DA:9,0
DA:15,0
DA:16,0
DA:21,0
DA:22,0
DA:26,0
DA:27,0
DA:28,0
DA:31,0
DA:32,0
DA:40,0
DA:44,3
LF:17
LH:3
BRDA:8,0,0,0
BRDA:8,0,1,0
BRDA:15,1,0,0
BRDA:15,1,1,0
BRDA:21,2,0,0
BRDA:21,2,1,0
BRDA:26,3,0,0
BRDA:26,3,1,0
BRDA:31,4,0,0
BRDA:31,4,1,0
BRF:10
BRH:0
end_of_record
TN:
SF:validators/permission/updateSubmodule.validator.js
FN:3,(anonymous_0)
FNF:1
FNH:0
FNDA:0,(anonymous_0)
DA:1,3
DA:3,3
DA:4,0
DA:6,0
DA:8,0
DA:9,0
DA:15,0
DA:16,0
DA:22,0
DA:24,0
DA:25,0
DA:31,0
DA:32,0
DA:40,0
DA:41,0
DA:45,3
LF:16
LH:3
BRDA:8,0,0,0
BRDA:8,0,1,0
BRDA:15,1,0,0
BRDA:15,1,1,0
BRDA:24,2,0,0
BRDA:24,2,1,0
BRDA:31,3,0,0
BRDA:31,3,1,0
BRF:8
BRH:0
end_of_record
TN:
SF:validators/permission/updateSubsystem.validator.js
FN:3,(anonymous_0)
FNF:1
FNH:0
FNDA:0,(anonymous_0)
DA:1,3
DA:3,3
DA:4,0
DA:6,0
DA:8,0
DA:9,0
DA:14,0
DA:15,0
DA:18,0
DA:19,0
DA:26,0
DA:27,0
DA:28,0
DA:32,0
DA:33,0
DA:41,0
DA:45,3
LF:17
LH:3
BRDA:8,0,0,0
BRDA:8,0,1,0
BRDA:14,1,0,0
BRDA:14,1,1,0
BRDA:18,2,0,0
BRDA:18,2,1,0
BRDA:26,3,0,0
BRDA:26,3,1,0
BRDA:32,4,0,0
BRDA:32,4,1,0
BRF:10
BRH:0
end_of_record
